mode: atomic
blackjack/backend/adapter/blackjackadapter/cards_convert.go:10.55,12.25 2 9
blackjack/backend/adapter/blackjackadapter/cards_convert.go:12.25,17.3 1 17
blackjack/backend/adapter/blackjackadapter/cards_convert.go:18.2,18.12 1 9
blackjack/backend/adapter/blackjackadapter/cards_convert.go:21.54,23.22 2 3
blackjack/backend/adapter/blackjackadapter/cards_convert.go:23.22,25.3 1 6
blackjack/backend/adapter/blackjackadapter/cards_convert.go:26.2,26.12 1 3
blackjack/backend/adapter/blackjackadapter/cards_convert.go:29.50,34.2 1 7
blackjack/backend/adapter/blackjackadapter/cards_convert.go:36.40,37.11 1 21
blackjack/backend/adapter/blackjackadapter/cards_convert.go:38.17,39.13 1 3
blackjack/backend/adapter/blackjackadapter/cards_convert.go:40.17,41.13 1 2
blackjack/backend/adapter/blackjackadapter/cards_convert.go:42.19,43.13 1 1
blackjack/backend/adapter/blackjackadapter/cards_convert.go:44.18,45.13 1 1
blackjack/backend/adapter/blackjackadapter/cards_convert.go:46.18,47.13 1 1
blackjack/backend/adapter/blackjackadapter/cards_convert.go:48.17,49.13 1 1
blackjack/backend/adapter/blackjackadapter/cards_convert.go:50.19,51.13 1 1
blackjack/backend/adapter/blackjackadapter/cards_convert.go:52.19,53.13 1 1
blackjack/backend/adapter/blackjackadapter/cards_convert.go:54.18,55.13 1 3
blackjack/backend/adapter/blackjackadapter/cards_convert.go:56.17,57.14 1 2
blackjack/backend/adapter/blackjackadapter/cards_convert.go:58.18,59.13 1 1
blackjack/backend/adapter/blackjackadapter/cards_convert.go:60.19,61.13 1 1
blackjack/backend/adapter/blackjackadapter/cards_convert.go:62.18,63.13 1 2
blackjack/backend/adapter/blackjackadapter/cards_convert.go:64.10,65.13 1 1
blackjack/backend/adapter/blackjackadapter/cards_convert.go:69.40,70.11 1 12
blackjack/backend/adapter/blackjackadapter/cards_convert.go:71.20,72.13 1 4
blackjack/backend/adapter/blackjackadapter/cards_convert.go:73.20,74.13 1 3
blackjack/backend/adapter/blackjackadapter/cards_convert.go:75.22,76.13 1 2
blackjack/backend/adapter/blackjackadapter/cards_convert.go:77.19,78.13 1 2
blackjack/backend/adapter/blackjackadapter/cards_convert.go:79.10,80.13 1 1
blackjack/backend/adapter/blackjackadapter/cards_convert.go:84.34,85.11 1 23
blackjack/backend/adapter/blackjackadapter/cards_convert.go:86.11,87.22 1 7
blackjack/backend/adapter/blackjackadapter/cards_convert.go:88.11,89.22 1 7
blackjack/backend/adapter/blackjackadapter/cards_convert.go:90.11,91.24 1 4
blackjack/backend/adapter/blackjackadapter/cards_convert.go:92.11,93.21 1 4
blackjack/backend/adapter/blackjackadapter/cards_convert.go:94.10,95.24 1 1
blackjack/backend/adapter/blackjackadapter/cards_convert.go:99.34,100.11 1 32
blackjack/backend/adapter/blackjackadapter/cards_convert.go:101.11,102.19 1 3
blackjack/backend/adapter/blackjackadapter/cards_convert.go:103.11,104.19 1 2
blackjack/backend/adapter/blackjackadapter/cards_convert.go:105.11,106.21 1 1
blackjack/backend/adapter/blackjackadapter/cards_convert.go:107.11,108.20 1 1
blackjack/backend/adapter/blackjackadapter/cards_convert.go:109.11,110.20 1 1
blackjack/backend/adapter/blackjackadapter/cards_convert.go:111.11,112.19 1 2
blackjack/backend/adapter/blackjackadapter/cards_convert.go:113.11,114.21 1 4
blackjack/backend/adapter/blackjackadapter/cards_convert.go:115.11,116.21 1 1
blackjack/backend/adapter/blackjackadapter/cards_convert.go:117.11,118.20 1 5
blackjack/backend/adapter/blackjackadapter/cards_convert.go:119.12,120.19 1 5
blackjack/backend/adapter/blackjackadapter/cards_convert.go:121.11,122.20 1 1
blackjack/backend/adapter/blackjackadapter/cards_convert.go:123.11,124.21 1 1
blackjack/backend/adapter/blackjackadapter/cards_convert.go:125.11,126.20 1 4
blackjack/backend/adapter/blackjackadapter/cards_convert.go:127.10,128.24 1 1
blackjack/backend/adapter/blackjackadapter/evaluator.go:9.40,11.2 1 2
blackjack/backend/adapter/blackjackadapter/evaluator.go:13.60,16.2 2 2
blackjack/backend/adapter/blackjackadapter/evaluator.go:18.67,21.2 2 2
blackjack/backend/adapter/blackjackadapter/evaluator.go:23.62,26.2 2 2
blackjack/backend/adapter/blackjackadapter/evaluator.go:28.62,32.2 3 1
blackjack/backend/adapter/blackjackadapter/evaluator.go:34.45,36.25 2 2
blackjack/backend/adapter/blackjackadapter/evaluator.go:36.25,37.17 1 15
blackjack/backend/adapter/blackjackadapter/evaluator.go:38.12,39.14 1 2
blackjack/backend/adapter/blackjackadapter/evaluator.go:40.28,41.15 1 4
blackjack/backend/adapter/blackjackadapter/evaluator.go:42.12,43.14 1 1
blackjack/backend/adapter/blackjackadapter/evaluator.go:44.12,45.14 1 1
blackjack/backend/adapter/blackjackadapter/evaluator.go:46.12,47.14 1 1
blackjack/backend/adapter/blackjackadapter/evaluator.go:48.12,49.14 1 2
blackjack/backend/adapter/blackjackadapter/evaluator.go:50.12,51.14 1 1
blackjack/backend/adapter/blackjackadapter/evaluator.go:52.12,53.14 1 1
blackjack/backend/adapter/blackjackadapter/evaluator.go:54.12,55.14 1 1
blackjack/backend/adapter/blackjackadapter/evaluator.go:56.12,57.14 1 1
blackjack/backend/adapter/blackjackadapter/evaluator.go:60.2,60.14 1 2
blackjack/backend/adapter/blackjackadapter/round_engine.go:13.41,15.2 1 1
blackjack/backend/adapter/blackjackadapter/round_engine.go:17.115,22.2 4 1
blackjack/backend/adapter/blackjackadapter/round_engine.go:24.129,26.2 1 1
blackjack/backend/main.go:46.13,48.15 2 0
blackjack/backend/main.go:48.15,50.3 1 0
blackjack/backend/main.go:52.2,53.16 2 0
blackjack/backend/main.go:53.16,55.3 1 0
blackjack/backend/main.go:56.2,67.25 9 0
blackjack/backend/main.go:67.25,69.3 1 0
blackjack/backend/main.go:70.2,74.20 4 0
blackjack/backend/main.go:74.20,76.3 1 0
blackjack/backend/main.go:77.2,86.12 7 0
blackjack/backend/main.go:86.12,87.104 1 0
blackjack/backend/main.go:87.104,89.4 1 0
blackjack/backend/main.go:90.3,90.54 1 0
blackjack/backend/main.go:90.54,92.4 1 0
blackjack/backend/main.go:95.2,103.16 7 0
blackjack/backend/main.go:103.16,105.3 1 0
blackjack/backend/main.go:106.2,108.12 2 0
blackjack/backend/main.go:108.12,109.70 1 0
blackjack/backend/main.go:109.70,111.4 1 0
blackjack/backend/main.go:114.2,123.48 8 0
blackjack/backend/main.go:123.48,125.3 1 0
blackjack/backend/main.go:127.2,127.42 1 0
blackjack/backend/main.go:127.42,129.3 1 0
blackjack/backend/main.go:130.2,130.47 1 0
blackjack/backend/main.go:130.47,132.3 1 0
blackjack/backend/main.go:133.2,134.16 2 0
blackjack/backend/main.go:134.16,136.3 1 0
blackjack/backend/main.go:136.8,136.45 1 0
blackjack/backend/main.go:136.45,138.3 1 0
blackjack/backend/main.go:141.39,143.13 2 3
blackjack/backend/main.go:143.13,145.3 1 1
blackjack/backend/main.go:146.2,148.26 3 2
blackjack/backend/main.go:148.26,150.14 2 5
blackjack/backend/main.go:150.14,152.4 1 2
blackjack/backend/main.go:154.2,154.19 1 2
blackjack/backend/main.go:154.19,156.3 1 1
blackjack/backend/main.go:157.2,157.12 1 1
blackjack/backend/main.go:160.48,162.15 2 4
blackjack/backend/main.go:162.15,164.3 1 1
blackjack/backend/main.go:165.2,166.26 2 3
blackjack/backend/main.go:166.26,168.3 1 2
blackjack/backend/main.go:169.2,169.10 1 1
blackjack/backend/main.go:172.46,173.65 1 3
blackjack/backend/main.go:173.65,175.3 1 1
blackjack/backend/main.go:176.2,176.72 1 2
blackjack/backend/main.go:176.72,178.3 1 1
blackjack/backend/main.go:179.2,179.25 1 1
blackjack/backend/main.go:182.131,185.6 3 1
blackjack/backend/main.go:185.6,186.10 1 1
blackjack/backend/main.go:187.21,188.10 1 1
blackjack/backend/main.go:189.19,191.18 2 0
blackjack/backend/main.go:191.18,192.42 1 0
blackjack/backend/main.go:192.42,194.6 1 0
blackjack/backend/main.go:195.5,195.13 1 0
blackjack/backend/main.go:197.4,197.35 1 0
blackjack/backend/main.go:197.35,199.5 1 0
blackjack/backend/main.go:204.90,207.6 3 1
blackjack/backend/main.go:207.6,208.10 1 1
blackjack/backend/main.go:209.21,210.10 1 1
blackjack/backend/main.go:211.19,213.18 2 0
blackjack/backend/main.go:213.18,214.42 1 0
blackjack/backend/main.go:214.42,216.6 1 0
blackjack/backend/main.go:217.5,217.13 1 0
blackjack/backend/main.go:219.4,220.18 2 0
blackjack/backend/main.go:220.18,221.42 1 0
blackjack/backend/main.go:221.42,223.6 1 0
blackjack/backend/main.go:224.5,224.13 1 0
blackjack/backend/main.go:226.4,227.52 2 0
blackjack/backend/main.go:232.92,233.36 1 4
blackjack/backend/main.go:233.36,236.43 3 4
blackjack/backend/main.go:236.43,243.4 1 1
blackjack/backend/main.go:244.3,244.51 1 3
blackjack/backend/main.go:244.51,252.4 1 1
blackjack/backend/main.go:253.3,253.56 1 2
blackjack/backend/main.go:253.56,261.4 1 1
blackjack/backend/main.go:262.3,267.5 1 1
blackjack/backend/auditlog/entry.go:22.18,40.26 2 1
blackjack/backend/auditlog/entry.go:40.26,42.3 1 1
blackjack/backend/auditlog/entry.go:43.2,43.10 1 1
blackjack/backend/auditlog/entry.go:47.53,49.16 2 2
blackjack/backend/auditlog/entry.go:49.16,51.3 1 1
blackjack/backend/auditlog/entry.go:52.2,52.24 1 1
blackjack/backend/controller/game_controller.go:19.60,23.16 4 7
blackjack/backend/controller/game_controller.go:23.16,24.14 1 6
blackjack/backend/controller/game_controller.go:25.36,26.86 1 1
blackjack/backend/controller/game_controller.go:27.35,28.84 1 1
blackjack/backend/controller/game_controller.go:29.32,30.90 1 1
blackjack/backend/controller/game_controller.go:31.36,32.126 1 1
blackjack/backend/controller/game_controller.go:33.31,34.90 1 1
blackjack/backend/controller/game_controller.go:35.11,36.90 1 1
blackjack/backend/controller/game_controller.go:39.2,43.5 1 1
blackjack/backend/controller/game_controller.go:47.63,51.16 4 6
blackjack/backend/controller/game_controller.go:51.16,52.14 1 5
blackjack/backend/controller/game_controller.go:53.36,54.86 1 1
blackjack/backend/controller/game_controller.go:55.35,56.84 1 1
blackjack/backend/controller/game_controller.go:57.32,58.90 1 1
blackjack/backend/controller/game_controller.go:59.31,60.84 1 1
blackjack/backend/controller/game_controller.go:61.11,62.90 1 1
blackjack/backend/controller/game_controller.go:65.2,66.28 2 1
blackjack/backend/controller/game_controller.go:66.28,68.3 1 1
blackjack/backend/controller/game_controller.go:69.2,72.5 1 1
blackjack/backend/controller/game_controller.go:76.58,80.16 4 21
blackjack/backend/controller/game_controller.go:80.16,81.14 1 19
blackjack/backend/controller/game_controller.go:82.36,83.86 1 3
blackjack/backend/controller/game_controller.go:84.35,85.90 1 3
blackjack/backend/controller/game_controller.go:86.32,87.90 1 3
blackjack/backend/controller/game_controller.go:88.36,89.95 1 3
blackjack/backend/controller/game_controller.go:90.31,91.84 1 4
blackjack/backend/controller/game_controller.go:92.11,93.90 1 3
blackjack/backend/controller/game_controller.go:96.2,101.65 4 2
blackjack/backend/controller/game_controller.go:101.65,103.4 1 2
blackjack/backend/controller/game_controller.go:108.52,110.2 1 8
blackjack/backend/controller/game_controller.go:113.54,115.2 1 4
blackjack/backend/controller/game_controller.go:118.63,119.55 1 10
blackjack/backend/controller/game_controller.go:119.55,121.3 1 1
blackjack/backend/controller/game_controller.go:122.2,125.16 4 9
blackjack/backend/controller/game_controller.go:125.16,126.14 1 7
blackjack/backend/controller/game_controller.go:127.36,128.86 1 2
blackjack/backend/controller/game_controller.go:129.35,130.90 1 2
blackjack/backend/controller/game_controller.go:131.32,132.90 1 1
blackjack/backend/controller/game_controller.go:133.31,134.84 1 1
blackjack/backend/controller/game_controller.go:135.11,136.90 1 1
blackjack/backend/controller/game_controller.go:139.2,142.5 2 2
blackjack/backend/controller/game_controller.go:146.60,150.87 4 4
blackjack/backend/controller/game_controller.go:150.87,152.3 1 1
blackjack/backend/controller/game_controller.go:153.2,155.16 3 3
blackjack/backend/controller/game_controller.go:155.16,158.3 2 1
blackjack/backend/controller/game_controller.go:159.2,164.65 4 2
blackjack/backend/controller/game_controller.go:164.65,166.4 1 2
blackjack/backend/controller/game_controller.go:171.69,175.65 4 12
blackjack/backend/controller/game_controller.go:175.65,177.3 1 3
blackjack/backend/controller/game_controller.go:178.2,178.24 1 9
blackjack/backend/controller/game_controller.go:178.24,180.3 1 1
blackjack/backend/controller/game_controller.go:181.2,187.9 3 8
blackjack/backend/controller/game_controller.go:187.9,189.3 1 4
blackjack/backend/controller/game_controller.go:189.8,191.3 1 4
blackjack/backend/controller/game_controller.go:192.2,192.16 1 8
blackjack/backend/controller/game_controller.go:192.16,195.3 2 4
blackjack/backend/controller/game_controller.go:196.2,201.65 4 4
blackjack/backend/controller/game_controller.go:201.65,203.4 1 4
blackjack/backend/controller/game_controller.go:207.111,208.13 1 12
blackjack/backend/controller/game_controller.go:209.35,210.85 1 1
blackjack/backend/controller/game_controller.go:211.34,212.83 1 1
blackjack/backend/controller/game_controller.go:213.31,214.87 1 1
blackjack/backend/controller/game_controller.go:215.111,217.16 2 2
blackjack/backend/controller/game_controller.go:217.16,219.4 1 1
blackjack/backend/controller/game_controller.go:220.3,220.74 1 2
blackjack/backend/controller/game_controller.go:221.32,223.95 2 3
blackjack/backend/controller/game_controller.go:224.32,226.116 2 1
blackjack/backend/controller/game_controller.go:227.30,228.89 1 2
blackjack/backend/controller/game_controller.go:229.10,230.89 1 1
blackjack/backend/controller/game_ws_controller.go:16.175,17.18 1 14
blackjack/backend/controller/game_ws_controller.go:18.22,20.53 1 4
blackjack/backend/controller/game_ws_controller.go:20.53,23.4 2 1
blackjack/backend/controller/game_ws_controller.go:24.3,26.17 3 3
blackjack/backend/controller/game_ws_controller.go:26.17,31.4 4 2
blackjack/backend/controller/game_ws_controller.go:32.3,35.82 4 1
blackjack/backend/controller/game_ws_controller.go:36.24,38.53 1 3
blackjack/backend/controller/game_ws_controller.go:38.53,41.4 2 1
blackjack/backend/controller/game_ws_controller.go:42.3,44.17 3 2
blackjack/backend/controller/game_ws_controller.go:44.17,49.4 4 1
blackjack/backend/controller/game_ws_controller.go:50.3,53.82 4 1
blackjack/backend/controller/game_ws_controller.go:54.30,56.73 1 3
blackjack/backend/controller/game_ws_controller.go:56.73,59.4 2 1
blackjack/backend/controller/game_ws_controller.go:60.3,62.17 3 2
blackjack/backend/controller/game_ws_controller.go:62.17,67.4 4 1
blackjack/backend/controller/game_ws_controller.go:68.3,71.82 4 1
blackjack/backend/controller/game_ws_controller.go:72.30,75.82 2 1
blackjack/backend/controller/game_ws_controller.go:76.23,79.25 2 2
blackjack/backend/controller/game_ws_controller.go:80.10,82.80 2 1
blackjack/backend/controller/game_ws_controller.go:87.45,88.13 1 16
blackjack/backend/controller/game_ws_controller.go:89.35,90.51 1 1
blackjack/backend/controller/game_ws_controller.go:91.34,92.52 1 3
blackjack/backend/controller/game_ws_controller.go:93.31,94.80 1 1
blackjack/backend/controller/game_ws_controller.go:95.111,96.45 1 4
blackjack/backend/controller/game_ws_controller.go:97.25,98.45 1 1
blackjack/backend/controller/game_ws_controller.go:99.32,101.64 2 3
blackjack/backend/controller/game_ws_controller.go:102.32,104.85 2 1
blackjack/backend/controller/game_ws_controller.go:105.30,106.58 1 1
blackjack/backend/controller/game_ws_controller.go:107.10,108.42 1 1
blackjack/backend/controller/room_controller.go:25.155,27.2 1 113
blackjack/backend/controller/room_controller.go:30.50,42.2 11 1
blackjack/backend/controller/room_controller.go:45.59,48.16 3 3
blackjack/backend/controller/room_controller.go:48.16,49.41 1 2
blackjack/backend/controller/room_controller.go:49.41,51.4 1 1
blackjack/backend/controller/room_controller.go:52.3,52.89 1 1
blackjack/backend/controller/room_controller.go:54.2,56.5 1 1
blackjack/backend/controller/room_controller.go:60.57,64.16 4 7
blackjack/backend/controller/room_controller.go:64.16,65.14 1 6
blackjack/backend/controller/room_controller.go:66.36,67.86 1 1
blackjack/backend/controller/room_controller.go:68.35,69.93 1 1
blackjack/backend/controller/room_controller.go:70.26,71.77 1 1
blackjack/backend/controller/room_controller.go:72.36,73.94 1 1
blackjack/backend/controller/room_controller.go:74.32,75.90 1 1
blackjack/backend/controller/room_controller.go:76.11,77.90 1 1
blackjack/backend/controller/room_controller.go:80.2,80.34 1 1
blackjack/backend/controller/room_controller.go:80.34,83.3 2 1
blackjack/backend/controller/room_controller.go:84.2,87.5 2 1
blackjack/backend/controller/room_controller.go:91.58,95.16 4 6
blackjack/backend/controller/room_controller.go:95.16,96.14 1 5
blackjack/backend/controller/room_controller.go:97.36,98.86 1 1
blackjack/backend/controller/room_controller.go:99.32,100.90 1 1
blackjack/backend/controller/room_controller.go:101.36,102.108 1 1
blackjack/backend/controller/room_controller.go:103.31,104.93 1 1
blackjack/backend/controller/room_controller.go:105.11,106.90 1 1
blackjack/backend/controller/room_controller.go:109.2,109.21 1 1
blackjack/backend/controller/room_controller.go:109.21,115.3 1 1
blackjack/backend/controller/room_controller.go:116.2,119.5 2 1
blackjack/backend/controller/room_controller.go:123.56,127.16 4 10
blackjack/backend/controller/room_controller.go:127.16,128.14 1 6
blackjack/backend/controller/room_controller.go:129.36,130.86 1 1
blackjack/backend/controller/room_controller.go:131.35,132.84 1 1
blackjack/backend/controller/room_controller.go:133.32,134.90 1 1
blackjack/backend/controller/room_controller.go:135.31,136.84 1 1
blackjack/backend/controller/room_controller.go:137.11,138.90 1 2
blackjack/backend/controller/room_controller.go:141.2,144.17 2 4
blackjack/backend/controller/room_controller.go:144.17,146.61 2 2
blackjack/backend/controller/room_controller.go:146.61,148.4 1 2
blackjack/backend/controller/room_controller.go:149.3,149.20 1 2
blackjack/backend/controller/room_controller.go:151.2,151.44 1 4
blackjack/backend/controller/room_controller.go:155.58,158.16 3 3
blackjack/backend/controller/room_controller.go:158.16,159.41 1 2
blackjack/backend/controller/room_controller.go:159.41,161.4 1 1
blackjack/backend/controller/room_controller.go:162.3,162.89 1 1
blackjack/backend/controller/room_controller.go:164.2,165.29 2 1
blackjack/backend/controller/room_controller.go:165.29,167.3 1 1
blackjack/backend/controller/room_controller.go:168.2,168.71 1 1
blackjack/backend/controller/room_controller.go:171.58,177.2 1 18
blackjack/backend/controller/room_controller.go:179.69,182.2 2 10
blackjack/backend/controller/room_ws_controller.go:40.46,42.2 1 1
blackjack/backend/controller/room_ws_controller.go:51.90,53.3 1 7
blackjack/backend/controller/room_ws_controller.go:54.110,56.3 1 10
blackjack/backend/controller/room_ws_controller.go:57.94,59.3 1 7
blackjack/backend/controller/room_ws_controller.go:64.57,66.28 2 6
blackjack/backend/controller/room_ws_controller.go:66.28,68.14 2 2
blackjack/backend/controller/room_ws_controller.go:68.14,70.4 1 1
blackjack/backend/controller/room_ws_controller.go:72.2,72.23 1 6
blackjack/backend/controller/room_ws_controller.go:72.23,73.55 1 5
blackjack/backend/controller/room_ws_controller.go:73.55,73.70 1 13
blackjack/backend/controller/room_ws_controller.go:74.3,74.9 1 5
blackjack/backend/controller/room_ws_controller.go:76.2,76.54 1 1
blackjack/backend/controller/room_ws_controller.go:76.54,78.29 2 2
blackjack/backend/controller/room_ws_controller.go:78.29,79.19 1 2
blackjack/backend/controller/room_ws_controller.go:79.19,81.5 1 1
blackjack/backend/controller/room_ws_controller.go:83.3,83.15 1 1
blackjack/backend/controller/room_ws_controller.go:88.38,90.13 2 5
blackjack/backend/controller/room_ws_controller.go:90.13,92.3 1 3
blackjack/backend/controller/room_ws_controller.go:93.2,94.16 2 2
blackjack/backend/controller/room_ws_controller.go:94.16,96.3 1 1
blackjack/backend/controller/room_ws_controller.go:97.2,97.10 1 1
blackjack/backend/controller/room_ws_controller.go:102.83,104.13 2 15
blackjack/backend/controller/room_ws_controller.go:104.13,106.3 1 7
blackjack/backend/controller/room_ws_controller.go:109.54,111.2 1 10
blackjack/backend/controller/room_ws_controller.go:113.53,115.2 1 27
blackjack/backend/controller/room_ws_controller.go:117.89,118.25 1 11
blackjack/backend/controller/room_ws_controller.go:118.25,120.3 1 2
blackjack/backend/controller/room_ws_controller.go:121.2,122.16 2 9
blackjack/backend/controller/room_ws_controller.go:122.16,124.3 1 3
blackjack/backend/controller/room_ws_controller.go:125.2,125.109 1 6
blackjack/backend/controller/room_ws_controller.go:125.109,127.3 1 1
blackjack/backend/controller/room_ws_controller.go:128.2,128.19 1 5
blackjack/backend/controller/room_ws_controller.go:131.92,132.39 1 8
blackjack/backend/controller/room_ws_controller.go:132.39,134.3 1 1
blackjack/backend/controller/room_ws_controller.go:135.2,135.93 1 7
blackjack/backend/controller/room_ws_controller.go:138.102,139.39 1 14
blackjack/backend/controller/room_ws_controller.go:139.39,141.3 1 2
blackjack/backend/controller/room_ws_controller.go:142.2,143.22 2 12
blackjack/backend/controller/room_ws_controller.go:143.22,145.3 1 1
blackjack/backend/controller/room_ws_controller.go:146.2,146.16 1 11
blackjack/backend/controller/room_ws_controller.go:146.16,148.3 1 4
blackjack/backend/controller/room_ws_controller.go:149.2,149.30 1 7
blackjack/backend/controller/room_ws_controller.go:152.41,154.15 2 15
blackjack/backend/controller/room_ws_controller.go:154.15,156.3 1 13
blackjack/backend/controller/room_ws_controller.go:157.2,158.26 2 2
blackjack/backend/controller/room_ws_controller.go:158.26,160.3 1 1
blackjack/backend/controller/room_ws_controller.go:161.2,161.10 1 1
blackjack/backend/controller/room_ws_controller.go:164.48,166.14 2 18
blackjack/backend/controller/room_ws_controller.go:166.14,168.3 1 1
blackjack/backend/controller/room_ws_controller.go:169.2,169.28 1 18
blackjack/backend/controller/room_ws_controller.go:173.55,175.18 2 16
blackjack/backend/controller/room_ws_controller.go:175.18,177.3 1 1
blackjack/backend/controller/room_ws_controller.go:178.2,179.22 2 15
blackjack/backend/controller/room_ws_controller.go:179.22,181.17 2 10
blackjack/backend/controller/room_ws_controller.go:181.17,183.4 1 1
blackjack/backend/controller/room_ws_controller.go:184.3,184.22 1 9
blackjack/backend/controller/room_ws_controller.go:184.22,187.4 2 1
blackjack/backend/controller/room_ws_controller.go:189.2,190.16 2 13
blackjack/backend/controller/room_ws_controller.go:190.16,192.3 1 1
blackjack/backend/controller/room_ws_controller.go:193.2,199.16 6 12
blackjack/backend/controller/room_ws_controller.go:199.16,202.3 2 1
blackjack/backend/controller/room_ws_controller.go:203.2,206.139 3 11
blackjack/backend/controller/room_ws_controller.go:206.139,210.3 3 1
blackjack/backend/controller/room_ws_controller.go:211.2,212.16 2 10
blackjack/backend/controller/room_ws_controller.go:212.16,216.3 3 1
blackjack/backend/controller/room_ws_controller.go:217.2,218.16 2 9
blackjack/backend/controller/room_ws_controller.go:218.16,222.3 3 1
blackjack/backend/controller/room_ws_controller.go:223.2,223.22 1 8
blackjack/backend/controller/room_ws_controller.go:223.22,225.17 2 8
blackjack/backend/controller/room_ws_controller.go:225.17,229.4 3 1
blackjack/backend/controller/room_ws_controller.go:230.3,230.22 1 7
blackjack/backend/controller/room_ws_controller.go:230.22,234.4 3 1
blackjack/backend/controller/room_ws_controller.go:236.2,237.16 2 6
blackjack/backend/controller/room_ws_controller.go:237.16,241.3 3 1
blackjack/backend/controller/room_ws_controller.go:242.2,243.117 2 5
blackjack/backend/controller/room_ws_controller.go:243.117,247.3 3 1
blackjack/backend/controller/room_ws_controller.go:248.2,250.16 3 4
blackjack/backend/controller/room_ws_controller.go:250.16,253.3 2 1
blackjack/backend/controller/room_ws_controller.go:254.2,255.17 2 4
blackjack/backend/controller/room_ws_controller.go:255.17,258.3 2 1
blackjack/backend/controller/room_ws_controller.go:259.2,270.12 7 4
blackjack/backend/controller/room_ws_controller.go:270.12,271.16 1 4
blackjack/backend/controller/room_ws_controller.go:271.16,274.23 3 4
blackjack/backend/controller/room_ws_controller.go:274.23,277.5 1 1
blackjack/backend/controller/room_ws_controller.go:278.4,278.64 1 4
blackjack/backend/controller/room_ws_controller.go:278.64,280.5 1 2
blackjack/backend/controller/room_ws_controller.go:281.4,283.20 3 4
blackjack/backend/controller/room_ws_controller.go:285.3,285.7 1 4
blackjack/backend/controller/room_ws_controller.go:285.7,288.18 3 11
blackjack/backend/controller/room_ws_controller.go:288.18,290.5 1 3
blackjack/backend/controller/room_ws_controller.go:291.4,291.24 1 8
blackjack/backend/controller/room_ws_controller.go:291.24,294.19 2 8
blackjack/backend/controller/room_ws_controller.go:294.19,296.14 2 1
blackjack/backend/controller/room_ws_controller.go:298.5,298.24 1 7
blackjack/backend/controller/room_ws_controller.go:298.24,300.14 2 1
blackjack/backend/controller/room_ws_controller.go:303.4,304.52 2 6
blackjack/backend/controller/room_ws_controller.go:304.52,306.13 2 1
blackjack/backend/controller/room_ws_controller.go:308.4,308.99 1 5
blackjack/backend/controller/room_ws_controller.go:308.99,310.13 2 1
blackjack/backend/controller/room_ws_controller.go:312.4,313.18 2 4
blackjack/backend/controller/room_ws_controller.go:313.18,315.13 2 1
blackjack/backend/controller/room_ws_controller.go:317.4,317.23 1 3
blackjack/backend/controller/room_ws_controller.go:317.23,324.5 3 1
blackjack/backend/controller/room_ws_controller.go:325.4,325.74 1 2
blackjack/backend/controller/room_ws_controller.go:328.2,328.12 1 4
blackjack/backend/controller/room_ws_controller.go:332.105,334.25 2 23
blackjack/backend/controller/room_ws_controller.go:334.25,336.3 1 1
blackjack/backend/controller/room_ws_controller.go:340.100,342.2 1 1
blackjack/backend/controller/room_ws_controller.go:345.110,348.35 2 27
blackjack/backend/controller/room_ws_controller.go:348.35,350.17 2 8
blackjack/backend/controller/room_ws_controller.go:350.17,351.12 1 1
blackjack/backend/controller/room_ws_controller.go:353.3,358.48 3 7
blackjack/backend/controller/room_ws_controller.go:358.48,361.4 2 1
blackjack/backend/controller/room_ws_controller.go:366.80,368.2 1 1
blackjack/backend/controller/room_ws_controller.go:371.75,379.2 7 33
blackjack/backend/controller/room_ws_controller.go:382.79,384.2 1 20
blackjack/backend/controller/room_ws_controller.go:386.108,388.2 1 3
blackjack/backend/controller/room_ws_controller.go:390.112,401.2 2 23
blackjack/backend/controller/room_ws_controller.go:404.56,407.2 2 3
blackjack/backend/controller/room_ws_controller.go:410.81,429.22 2 10
blackjack/backend/controller/room_ws_controller.go:429.22,440.38 11 5
blackjack/backend/controller/room_ws_controller.go:440.38,443.4 2 2
blackjack/backend/controller/room_ws_controller.go:444.3,444.41 1 5
blackjack/backend/controller/room_ws_controller.go:444.41,447.4 2 2
blackjack/backend/controller/room_ws_controller.go:449.2,449.21 1 10
blackjack/backend/controller/room_ws_controller.go:449.21,451.35 2 2
blackjack/backend/controller/room_ws_controller.go:451.35,452.37 1 4
blackjack/backend/controller/room_ws_controller.go:452.37,453.13 1 2
blackjack/backend/controller/room_ws_controller.go:455.4,455.44 1 2
blackjack/backend/controller/room_ws_controller.go:457.3,461.4 1 2
blackjack/backend/controller/room_ws_controller.go:463.2,464.30 2 10
blackjack/backend/controller/room_ws_controller.go:464.30,472.16 2 4
blackjack/backend/controller/room_ws_controller.go:472.16,475.29 2 2
blackjack/backend/controller/room_ws_controller.go:475.29,477.5 1 2
blackjack/backend/controller/room_ws_controller.go:478.4,478.21 1 2
blackjack/backend/controller/room_ws_controller.go:480.3,480.23 1 4
blackjack/backend/controller/room_ws_controller.go:480.23,483.4 2 2
blackjack/backend/controller/room_ws_controller.go:484.3,485.34 2 4
blackjack/backend/controller/room_ws_controller.go:487.2,493.12 3 10
blackjack/backend/controller/room_ws_controller.go:497.93,500.28 3 7
blackjack/backend/controller/room_ws_controller.go:500.28,502.3 1 5
blackjack/backend/controller/room_ws_controller.go:503.2,505.16 3 7
blackjack/backend/controller/room_ws_controller.go:505.16,507.3 1 2
blackjack/backend/controller/room_ws_controller.go:508.2,510.12 3 7
blackjack/backend/controller/room_ws_controller.go:514.63,517.28 3 7
blackjack/backend/controller/room_ws_controller.go:517.28,519.3 1 2
blackjack/backend/controller/room_ws_controller.go:520.2,521.37 2 5
blackjack/backend/controller/room_ws_controller.go:521.37,522.22 1 5
blackjack/backend/controller/room_ws_controller.go:522.22,524.4 1 4
blackjack/backend/controller/room_ws_controller.go:526.2,526.31 1 5
blackjack/backend/controller/room_ws_controller.go:526.31,528.3 1 4
blackjack/backend/controller/room_ws_controller.go:532.74,536.36 4 28
blackjack/backend/controller/room_ws_controller.go:536.36,538.3 1 9
blackjack/backend/controller/room_ws_controller.go:539.2,539.12 1 28
blackjack/backend/controller/room_ws_controller.go:543.78,547.2 3 6
blackjack/backend/controller/user_controller.go:24.66,26.2 1 11
blackjack/backend/controller/user_controller.go:29.50,34.2 4 1
blackjack/backend/controller/user_controller.go:37.55,39.81 2 5
blackjack/backend/controller/user_controller.go:39.81,41.3 1 1
blackjack/backend/controller/user_controller.go:42.2,43.16 2 4
blackjack/backend/controller/user_controller.go:43.16,44.10 1 3
blackjack/backend/controller/user_controller.go:45.48,46.137 1 1
blackjack/backend/controller/user_controller.go:47.49,48.93 1 1
blackjack/backend/controller/user_controller.go:49.11,50.90 1 1
blackjack/backend/controller/user_controller.go:53.2,61.5 1 1
blackjack/backend/controller/user_controller.go:65.54,67.81 2 4
blackjack/backend/controller/user_controller.go:67.81,69.3 1 1
blackjack/backend/controller/user_controller.go:70.2,71.16 2 3
blackjack/backend/controller/user_controller.go:71.16,72.46 1 2
blackjack/backend/controller/user_controller.go:72.46,74.4 1 1
blackjack/backend/controller/user_controller.go:75.3,75.89 1 1
blackjack/backend/controller/user_controller.go:77.2,85.5 1 1
blackjack/backend/controller/user_controller.go:89.55,92.2 2 1
blackjack/backend/controller/user_controller.go:95.51,97.18 2 3
blackjack/backend/controller/user_controller.go:97.18,99.3 1 1
blackjack/backend/controller/user_controller.go:100.2,101.16 2 2
blackjack/backend/controller/user_controller.go:101.16,103.3 1 1
blackjack/backend/controller/user_controller.go:104.2,107.5 1 1
blackjack/backend/controller/ws_audit.go:21.198,22.15 1 18
blackjack/backend/controller/ws_audit.go:22.15,24.3 1 10
blackjack/backend/controller/ws_audit.go:25.2,26.17 2 8
blackjack/backend/controller/ws_audit.go:26.17,28.3 1 8
blackjack/backend/controller/ws_audit.go:29.2,30.26 2 8
blackjack/backend/controller/ws_audit.go:30.26,32.3 1 1
blackjack/backend/controller/ws_audit.go:33.2,51.79 3 8
blackjack/backend/db/db.go:13.49,15.2 1 1
blackjack/backend/db/db.go:19.61,20.15 1 4
blackjack/backend/db/db.go:20.15,21.31 1 4
blackjack/backend/db/db.go:21.31,24.4 2 2
blackjack/backend/db/db.go:26.2,26.17 1 4
blackjack/backend/db/db.go:29.36,33.2 3 2
blackjack/backend/db/db.go:35.41,36.15 1 4
blackjack/backend/db/db.go:36.15,38.3 1 1
blackjack/backend/db/db.go:39.2,40.16 2 3
blackjack/backend/db/db.go:40.16,42.3 1 1
blackjack/backend/db/db.go:43.2,44.16 2 2
blackjack/backend/db/db.go:44.16,46.3 1 1
blackjack/backend/db/db.go:47.2,48.17 2 1
blackjack/backend/db/db.go:51.52,53.16 2 2
blackjack/backend/db/db.go:53.16,55.3 1 1
blackjack/backend/db/db.go:56.2,56.31 1 1
blackjack/backend/db/migrate.go:11.59,13.2 1 1
blackjack/backend/db/migrate.go:15.48,17.2 1 1
blackjack/backend/db/migrate.go:26.34,38.16 1 4
blackjack/backend/db/migrate.go:38.16,40.3 1 1
blackjack/backend/db/migrate.go:41.2,41.49 1 3
blackjack/backend/db/migrate.go:41.49,43.3 1 1
blackjack/backend/db/migrate.go:44.2,44.56 1 2
blackjack/backend/db/migrate.go:50.67,54.2 3 1
blackjack/backend/db/migrate.go:56.44,72.26 2 2
blackjack/backend/db/migrate.go:72.26,77.43 2 10
blackjack/backend/db/migrate.go:77.43,79.4 1 1
blackjack/backend/db/migrate.go:81.2,81.12 1 1
blackjack/backend/jwtauth/jwt.go:13.69,15.2 1 1
blackjack/backend/jwtauth/jwt.go:18.130,19.22 1 3
blackjack/backend/jwtauth/jwt.go:19.22,21.3 1 1
blackjack/backend/jwtauth/jwt.go:22.2,33.16 7 2
blackjack/backend/jwtauth/jwt.go:33.16,35.3 1 1
blackjack/backend/jwtauth/jwt.go:36.2,36.36 1 1
blackjack/backend/jwtauth/jwt.go:40.90,41.22 1 5
blackjack/backend/jwtauth/jwt.go:41.22,43.3 1 1
blackjack/backend/jwtauth/jwt.go:44.2,44.104 1 4
blackjack/backend/jwtauth/jwt.go:44.104,45.41 1 3
blackjack/backend/jwtauth/jwt.go:45.41,47.4 1 1
blackjack/backend/jwtauth/jwt.go:48.3,48.21 1 2
blackjack/backend/jwtauth/jwt.go:50.2,50.30 1 4
blackjack/backend/jwtauth/jwt.go:50.30,52.3 1 2
blackjack/backend/jwtauth/jwt.go:53.2,54.33 2 2
blackjack/backend/jwtauth/jwt.go:54.33,56.3 1 1
blackjack/backend/jwtauth/jwt.go:57.2,57.39 1 1
blackjack/backend/middleware/audit_log_middleware.go:29.68,32.2 2 1
blackjack/backend/middleware/audit_log_middleware.go:35.56,37.2 1 1
blackjack/backend/middleware/audit_log_middleware.go:40.58,41.21 1 2
blackjack/backend/middleware/audit_log_middleware.go:41.21,43.3 1 1
blackjack/backend/middleware/audit_log_middleware.go:44.2,44.29 1 1
blackjack/backend/middleware/audit_log_middleware.go:47.56,49.21 2 5
blackjack/backend/middleware/audit_log_middleware.go:49.21,51.3 1 3
blackjack/backend/middleware/audit_log_middleware.go:52.2,52.11 1 2
blackjack/backend/middleware/audit_log_middleware.go:55.59,57.21 2 5
blackjack/backend/middleware/audit_log_middleware.go:57.21,59.3 1 3
blackjack/backend/middleware/audit_log_middleware.go:60.2,60.10 1 2
blackjack/backend/middleware/audit_log_middleware.go:63.48,64.54 1 2
blackjack/backend/middleware/audit_log_middleware.go:64.54,65.37 1 2
blackjack/backend/middleware/audit_log_middleware.go:65.37,67.19 2 2
blackjack/backend/middleware/audit_log_middleware.go:67.19,69.5 1 1
blackjack/backend/middleware/audit_log_middleware.go:70.4,72.18 3 2
blackjack/backend/middleware/audit_log_middleware.go:77.45,78.64 1 4
blackjack/backend/middleware/audit_log_middleware.go:78.64,80.3 1 1
blackjack/backend/middleware/audit_log_middleware.go:81.2,81.46 1 3
blackjack/backend/middleware/audit_log_middleware.go:84.47,85.54 1 2
blackjack/backend/middleware/audit_log_middleware.go:85.54,86.37 1 2
blackjack/backend/middleware/audit_log_middleware.go:86.37,91.19 5 2
blackjack/backend/middleware/audit_log_middleware.go:91.19,93.5 1 1
blackjack/backend/middleware/audit_log_middleware.go:94.4,96.35 3 2
blackjack/backend/middleware/audit_log_middleware.go:96.35,99.5 2 1
blackjack/backend/middleware/audit_log_middleware.go:100.4,103.65 4 2
blackjack/backend/middleware/audit_log_middleware.go:103.65,105.5 1 1
blackjack/backend/middleware/audit_log_middleware.go:106.4,107.64 2 2
blackjack/backend/middleware/audit_log_middleware.go:107.64,109.5 1 1
blackjack/backend/middleware/audit_log_middleware.go:110.4,128.14 3 2
blackjack/backend/middleware/auth_middleware.go:13.56,17.50 1 3
blackjack/backend/middleware/auth_middleware.go:17.50,19.4 1 2
blackjack/backend/middleware/auth_middleware.go:20.55,21.53 1 2
blackjack/backend/middleware/auth_middleware.go:21.53,23.5 1 1
blackjack/backend/middleware/auth_middleware.go:24.4,24.96 1 1
blackjack/backend/middleware/auth_middleware.go:26.40,28.4 1 1
blackjack/backend/middleware/auth_middleware.go:32.46,34.25 2 7
blackjack/backend/middleware/auth_middleware.go:34.25,36.3 1 2
blackjack/backend/middleware/auth_middleware.go:37.2,38.33 2 5
blackjack/backend/middleware/auth_middleware.go:38.33,40.3 1 2
blackjack/backend/middleware/auth_middleware.go:41.2,42.21 2 3
blackjack/backend/middleware/auth_middleware.go:42.21,44.3 1 2
blackjack/backend/middleware/auth_middleware.go:48.39,50.11 2 8
blackjack/backend/middleware/auth_middleware.go:51.45,52.14 1 2
blackjack/backend/middleware/auth_middleware.go:53.44,54.14 1 2
blackjack/backend/middleware/auth_middleware.go:55.10,56.15 1 4
blackjack/backend/middleware/csrf_middleware.go:12.43,13.54 1 1
blackjack/backend/middleware/csrf_middleware.go:13.54,14.37 1 6
blackjack/backend/middleware/csrf_middleware.go:14.37,15.21 1 6
blackjack/backend/middleware/csrf_middleware.go:15.21,17.5 1 1
blackjack/backend/middleware/csrf_middleware.go:19.4,19.24 1 5
blackjack/backend/middleware/csrf_middleware.go:19.24,21.5 1 1
blackjack/backend/middleware/csrf_middleware.go:22.4,23.36 2 4
blackjack/backend/middleware/csrf_middleware.go:23.36,25.5 1 2
blackjack/backend/middleware/csrf_middleware.go:26.4,27.42 2 2
blackjack/backend/middleware/csrf_middleware.go:27.42,29.5 1 1
blackjack/backend/middleware/csrf_middleware.go:30.4,30.18 1 1
blackjack/backend/middleware/csrf_middleware.go:35.41,39.2 3 7
blackjack/backend/middleware/csrf_middleware.go:41.37,42.28 1 9
blackjack/backend/middleware/csrf_middleware.go:43.76,43.76 0 7
blackjack/backend/middleware/csrf_middleware.go:44.10,45.15 1 2
blackjack/backend/middleware/csrf_middleware.go:47.2,48.61 2 7
blackjack/backend/middleware/csrf_middleware.go:48.61,50.3 1 1
blackjack/backend/middleware/csrf_middleware.go:51.2,51.13 1 6
blackjack/backend/middleware/metrics_middleware.go:13.52,14.54 1 1
blackjack/backend/middleware/metrics_middleware.go:14.54,15.37 1 1
blackjack/backend/middleware/metrics_middleware.go:15.37,19.19 4 1
blackjack/backend/middleware/metrics_middleware.go:19.19,21.5 1 1
blackjack/backend/middleware/metrics_middleware.go:22.4,28.14 2 1
blackjack/backend/middleware/rate_limit_middleware.go:13.80,14.54 1 5
blackjack/backend/middleware/rate_limit_middleware.go:14.54,15.37 1 5
blackjack/backend/middleware/rate_limit_middleware.go:15.37,16.22 1 5
blackjack/backend/middleware/rate_limit_middleware.go:16.22,18.5 1 1
blackjack/backend/middleware/rate_limit_middleware.go:19.4,20.20 2 4
blackjack/backend/middleware/rate_limit_middleware.go:20.20,22.5 1 1
blackjack/backend/middleware/rate_limit_middleware.go:23.4,24.18 2 3
blackjack/backend/middleware/rate_limit_middleware.go:24.18,26.5 1 1
blackjack/backend/middleware/rate_limit_middleware.go:27.4,27.23 1 2
blackjack/backend/middleware/rate_limit_middleware.go:27.23,30.5 2 1
blackjack/backend/middleware/rate_limit_middleware.go:31.4,31.18 1 1
blackjack/backend/dto/http_payloads.go:54.123,61.2 1 1
blackjack/backend/dto/mapper.go:9.45,10.14 1 2
blackjack/backend/dto/mapper.go:10.14,12.3 1 1
blackjack/backend/dto/mapper.go:13.2,16.3 1 1
blackjack/backend/dto/mapper.go:19.93,20.14 1 3
blackjack/backend/dto/mapper.go:20.14,22.3 1 1
blackjack/backend/dto/mapper.go:23.2,30.50 2 2
blackjack/backend/dto/mapper.go:30.50,33.3 2 1
blackjack/backend/dto/mapper.go:34.2,34.53 1 2
blackjack/backend/dto/mapper.go:34.53,37.3 2 1
blackjack/backend/dto/mapper.go:38.2,38.12 1 2
blackjack/backend/dto/response.go:8.43,10.2 1 1
blackjack/backend/dto/response.go:22.46,30.2 1 1
blackjack/backend/migrations/migrate.go:18.28,19.15 1 7
blackjack/backend/migrations/migrate.go:19.15,21.3 1 2
blackjack/backend/migrations/migrate.go:22.2,23.16 2 5
blackjack/backend/migrations/migrate.go:23.16,25.3 1 1
blackjack/backend/migrations/migrate.go:26.2,26.23 1 4
blackjack/backend/migrations/migrate.go:29.13,31.33 2 3
blackjack/backend/migrations/migrate.go:31.33,33.3 1 2
blackjack/backend/migrations/migrate.go:35.2,35.35 1 1
blackjack/backend/model/dealer_policy.go:17.99,19.23 1 5
blackjack/backend/model/dealer_policy.go:19.23,21.3 1 1
blackjack/backend/model/dealer_policy.go:23.2,25.34 2 4
blackjack/backend/model/dealer_policy.go:25.34,27.3 1 2
blackjack/backend/model/dealer_policy.go:28.2,28.13 1 2
blackjack/backend/model/dealer_policy.go:28.13,30.3 1 1
blackjack/backend/model/dealer_policy.go:31.2,31.31 1 1
blackjack/backend/model/deck.go:3.51,4.18 1 3
blackjack/backend/model/deck.go:4.18,6.3 1 1
blackjack/backend/model/deck.go:6.8,8.3 1 2
blackjack/backend/model/deck.go:9.2,9.17 1 3
blackjack/backend/model/deck.go:12.54,13.50 1 3
blackjack/backend/model/deck.go:13.50,15.3 1 1
blackjack/backend/model/deck.go:16.2,16.32 1 2
blackjack/backend/model/deck.go:16.32,18.3 1 1
blackjack/backend/model/deck.go:19.2,21.15 3 1
blackjack/backend/model/deck.go:24.48,25.50 1 2
blackjack/backend/model/deck.go:25.50,27.3 1 1
blackjack/backend/model/deck.go:28.2,28.34 1 1
blackjack/backend/model/entities.go:22.66,23.34 1 2
blackjack/backend/model/entities.go:23.34,25.3 1 1
blackjack/backend/model/entities.go:26.2,26.17 1 1
blackjack/backend/model/entities.go:26.17,28.3 1 1
blackjack/backend/model/entities.go:29.2,35.8 1 1
blackjack/backend/model/entities.go:38.36,39.18 1 2
blackjack/backend/model/entities.go:39.18,41.3 1 1
blackjack/backend/model/entities.go:44.87,45.28 1 5
blackjack/backend/model/entities.go:45.28,47.3 1 1
blackjack/backend/model/entities.go:48.2,48.28 1 4
blackjack/backend/model/entities.go:48.28,50.3 1 1
blackjack/backend/model/entities.go:51.2,51.22 1 3
blackjack/backend/model/entities.go:51.22,54.3 2 1
blackjack/backend/model/entities.go:55.2,55.29 1 2
blackjack/backend/model/entities.go:55.29,58.3 2 1
blackjack/backend/model/entities.go:59.2,60.12 2 1
blackjack/backend/model/entities.go:79.89,80.30 1 3
blackjack/backend/model/entities.go:80.30,82.3 1 1
blackjack/backend/model/entities.go:83.2,83.18 1 2
blackjack/backend/model/entities.go:83.18,85.3 1 1
blackjack/backend/model/entities.go:86.2,86.17 1 1
blackjack/backend/model/entities.go:86.17,88.3 1 1
blackjack/backend/model/entities.go:89.2,99.8 1 1
blackjack/backend/model/entities.go:102.43,103.18 1 2
blackjack/backend/model/entities.go:103.18,105.3 1 1
blackjack/backend/model/entities.go:108.54,110.2 1 1
blackjack/backend/model/entities.go:112.58,113.19 1 3
blackjack/backend/model/entities.go:113.19,115.3 1 1
blackjack/backend/model/entities.go:116.2,116.27 1 2
blackjack/backend/model/entities.go:116.27,118.3 1 1
blackjack/backend/model/entities.go:119.2,119.12 1 1
blackjack/backend/model/entities.go:122.42,124.2 1 1
blackjack/backend/model/entities.go:126.62,127.21 1 11
blackjack/backend/model/entities.go:127.21,129.3 1 1
blackjack/backend/model/entities.go:131.2,131.18 1 10
blackjack/backend/model/entities.go:132.28,133.38 1 2
blackjack/backend/model/entities.go:133.38,135.4 1 1
blackjack/backend/model/entities.go:136.31,137.38 1 2
blackjack/backend/model/entities.go:137.38,139.4 1 1
blackjack/backend/model/entities.go:140.31,141.34 1 2
blackjack/backend/model/entities.go:141.34,143.4 1 1
blackjack/backend/model/entities.go:144.27,145.37 1 2
blackjack/backend/model/entities.go:145.37,147.4 1 1
blackjack/backend/model/entities.go:148.30,149.30 1 1
blackjack/backend/model/entities.go:150.10,151.26 1 1
blackjack/backend/model/entities.go:154.2,155.12 2 4
blackjack/backend/model/entities.go:168.81,169.37 1 3
blackjack/backend/model/entities.go:169.37,171.3 1 1
blackjack/backend/model/entities.go:172.2,172.17 1 2
blackjack/backend/model/entities.go:172.17,174.3 1 1
blackjack/backend/model/entities.go:175.2,181.8 1 1
blackjack/backend/model/entities.go:184.48,186.2 1 1
blackjack/backend/model/entities.go:188.58,189.21 1 2
blackjack/backend/model/entities.go:189.21,191.3 1 1
blackjack/backend/model/entities.go:192.2,193.12 2 1
blackjack/backend/model/entities.go:196.37,198.2 1 3
blackjack/backend/model/entities.go:200.62,201.18 1 2
blackjack/backend/model/entities.go:201.18,203.3 1 1
blackjack/backend/model/entities.go:204.2,206.12 3 1
blackjack/backend/model/entities.go:216.61,217.21 1 2
blackjack/backend/model/entities.go:217.21,219.3 1 1
blackjack/backend/model/entities.go:220.2,224.8 1 1
blackjack/backend/model/entities.go:227.48,229.2 1 1
blackjack/backend/model/entities.go:231.36,233.2 1 1
blackjack/backend/model/entities.go:235.44,237.2 1 1
blackjack/backend/model/entities.go:250.37,251.96 1 4
blackjack/backend/model/entities.go:251.96,253.3 1 1
blackjack/backend/model/entities.go:254.2,254.28 1 3
blackjack/backend/model/entities.go:254.28,256.3 1 1
blackjack/backend/model/entities.go:257.2,257.57 1 2
blackjack/backend/model/entities.go:257.57,259.3 1 1
blackjack/backend/model/entities.go:260.2,260.12 1 1
blackjack/backend/model/entities.go:269.39,270.41 1 2
blackjack/backend/model/entities.go:270.41,272.3 1 1
blackjack/backend/model/entities.go:273.2,273.12 1 1
blackjack/backend/model/intermediate_strategy.go:5.91,6.43 1 3
blackjack/backend/model/intermediate_strategy.go:6.43,8.3 1 1
blackjack/backend/model/intermediate_strategy.go:10.2,11.23 2 2
blackjack/backend/model/intermediate_strategy.go:11.23,13.3 1 1
blackjack/backend/model/intermediate_strategy.go:14.2,14.39 1 1
blackjack/backend/model/intermediate_strategy.go:17.38,18.16 1 16
blackjack/backend/model/intermediate_strategy.go:19.11,20.12 1 1
blackjack/backend/model/intermediate_strategy.go:21.27,22.12 1 4
blackjack/backend/model/intermediate_strategy.go:23.11,24.11 1 2
blackjack/backend/model/intermediate_strategy.go:25.11,26.11 1 1
blackjack/backend/model/intermediate_strategy.go:27.11,28.11 1 1
blackjack/backend/model/intermediate_strategy.go:29.11,30.11 1 2
blackjack/backend/model/intermediate_strategy.go:31.11,32.11 1 1
blackjack/backend/model/intermediate_strategy.go:33.11,34.11 1 1
blackjack/backend/model/intermediate_strategy.go:35.11,36.11 1 1
blackjack/backend/model/intermediate_strategy.go:37.11,38.11 1 1
blackjack/backend/model/intermediate_strategy.go:39.10,40.12 1 1
blackjack/backend/model/intermediate_strategy.go:44.82,46.13 2 3
blackjack/backend/model/intermediate_strategy.go:46.13,48.3 1 1
blackjack/backend/model/intermediate_strategy.go:49.2,49.13 1 2
blackjack/backend/model/intermediate_strategy.go:49.13,52.3 1 1
blackjack/backend/model/intermediate_strategy.go:53.2,53.13 1 1
blackjack/backend/model/intermediate_strategy.go:56.82,58.9 2 7
blackjack/backend/model/intermediate_strategy.go:59.15,60.15 1 1
blackjack/backend/model/intermediate_strategy.go:61.48,62.49 1 1
blackjack/backend/model/intermediate_strategy.go:63.15,64.49 1 1
blackjack/backend/model/intermediate_strategy.go:65.15,66.14 1 2
blackjack/backend/model/intermediate_strategy.go:67.15,69.48 1 1
blackjack/backend/model/intermediate_strategy.go:70.10,71.14 1 1
blackjack/backend/model/outcome.go:3.98,11.11 7 12
blackjack/backend/model/outcome.go:11.11,13.3 1 2
blackjack/backend/model/outcome.go:14.2,14.11 1 10
blackjack/backend/model/outcome.go:14.11,16.3 1 2
blackjack/backend/model/outcome.go:17.2,17.17 1 8
blackjack/backend/model/outcome.go:17.17,19.3 1 1
blackjack/backend/model/outcome.go:20.2,20.17 1 7
blackjack/backend/model/outcome.go:20.17,22.3 1 2
blackjack/backend/model/outcome.go:23.2,23.16 1 5
blackjack/backend/model/outcome.go:23.16,25.3 1 2
blackjack/backend/model/outcome.go:26.2,26.17 1 3
blackjack/backend/model/outcome.go:26.17,28.3 1 1
blackjack/backend/model/outcome.go:29.2,29.17 1 2
blackjack/backend/model/outcome.go:29.17,31.3 1 1
blackjack/backend/model/outcome.go:32.2,32.25 1 1
blackjack/backend/model/player_rules.go:3.88,4.17 1 6
blackjack/backend/model/player_rules.go:4.17,6.3 1 1
blackjack/backend/model/player_rules.go:7.2,7.44 1 5
blackjack/backend/model/player_rules.go:7.44,9.3 1 1
blackjack/backend/model/player_rules.go:10.2,10.31 1 4
blackjack/backend/model/player_rules.go:10.31,12.3 1 1
blackjack/backend/model/player_rules.go:13.2,13.29 1 3
blackjack/backend/model/player_rules.go:13.29,15.3 1 1
blackjack/backend/model/player_rules.go:16.2,16.17 1 2
blackjack/backend/model/player_rules.go:16.17,18.3 1 1
blackjack/backend/model/player_rules.go:19.2,19.12 1 1
blackjack/backend/model/rematch.go:7.57,8.18 1 2
blackjack/backend/model/rematch.go:8.18,11.3 2 1
blackjack/backend/model/rematch.go:12.2,13.26 2 1
blackjack/backend/model/rematch.go:16.85,17.31 1 3
blackjack/backend/model/rematch.go:17.31,19.3 1 1
blackjack/backend/model/rematch.go:20.2,20.38 1 2
blackjack/backend/model/rematch.go:20.38,21.26 1 3
blackjack/backend/model/rematch.go:21.26,23.4 1 1
blackjack/backend/model/rematch.go:25.2,25.13 1 1
blackjack/backend/model/room_player.go:16.42,17.11 1 4
blackjack/backend/model/room_player.go:18.64,19.14 1 2
blackjack/backend/model/room_player.go:20.10,21.15 1 2
blackjack/backend/model/room_player.go:34.96,35.34 1 4
blackjack/backend/model/room_player.go:35.34,37.3 1 1
blackjack/backend/model/room_player.go:38.2,38.17 1 3
blackjack/backend/model/room_player.go:38.17,40.3 1 1
blackjack/backend/model/room_player.go:41.2,41.23 1 2
blackjack/backend/model/room_player.go:41.23,43.3 1 1
blackjack/backend/model/room_player.go:44.2,50.8 1 1
blackjack/backend/model/room_player.go:53.61,54.21 1 2
blackjack/backend/model/room_player.go:54.21,56.3 1 1
blackjack/backend/model/room_player.go:57.2,58.12 2 1
blackjack/backend/model/room_player.go:61.45,64.2 2 1
blackjack/backend/model/room_rules.go:3.55,5.2 1 2
blackjack/backend/model/room_rules.go:7.87,8.17 1 5
blackjack/backend/model/room_rules.go:8.17,10.3 1 1
blackjack/backend/model/room_rules.go:11.2,11.36 1 4
blackjack/backend/model/room_rules.go:11.36,13.3 1 1
blackjack/backend/model/room_rules.go:14.2,14.36 1 3
blackjack/backend/model/room_rules.go:14.36,16.3 1 1
blackjack/backend/model/room_rules.go:17.2,17.23 1 2
blackjack/backend/model/room_rules.go:17.23,19.3 1 1
blackjack/backend/model/room_rules.go:20.2,20.12 1 1
blackjack/backend/model/round_log.go:16.36,17.66 1 2
blackjack/backend/model/round_log.go:17.66,19.3 1 1
blackjack/backend/model/round_log.go:20.2,20.12 1 1
blackjack/backend/model/types.go:13.36,14.11 1 2
blackjack/backend/model/types.go:15.61,16.14 1 1
blackjack/backend/model/types.go:17.10,18.15 1 1
blackjack/backend/model/types.go:32.39,33.11 1 13
blackjack/backend/model/types.go:34.123,35.14 1 11
blackjack/backend/model/types.go:36.10,37.15 1 2
blackjack/backend/model/types.go:52.38,53.11 1 4
blackjack/backend/model/types.go:54.130,55.14 1 2
blackjack/backend/model/types.go:56.10,57.15 1 2
blackjack/backend/model/types.go:70.33,71.11 1 4
blackjack/backend/model/types.go:72.57,73.14 1 2
blackjack/backend/model/types.go:74.10,75.15 1 2
blackjack/backend/model/types.go:86.35,88.2 1 5
blackjack/backend/observability/metrics.go:78.87,82.2 3 1
blackjack/backend/observability/metrics.go:84.52,86.2 1 1
blackjack/backend/observability/metrics.go:88.74,90.2 1 1
blackjack/backend/observability/metrics.go:92.31,94.2 1 1
blackjack/backend/observability/metrics.go:96.31,98.2 1 1
blackjack/backend/observability/metrics.go:100.21,102.2 1 1
blackjack/backend/observability/metrics.go:104.27,106.2 1 1
blackjack/backend/observability/metrics.go:108.27,110.2 1 1
blackjack/backend/observability/metrics.go:112.21,114.2 1 1
blackjack/backend/observability/metrics.go:116.22,118.2 1 1
blackjack/backend/observability/metrics.go:120.30,122.2 1 1
blackjack/backend/observability/metrics.go:124.33,126.2 1 1
blackjack/backend/realtime/room_sync.go:30.76,31.20 1 11
blackjack/backend/realtime/room_sync.go:31.20,33.3 1 1
blackjack/backend/realtime/room_sync.go:34.2,34.54 1 11
blackjack/backend/realtime/room_sync.go:38.87,39.46 1 7
blackjack/backend/realtime/room_sync.go:39.46,41.3 1 3
blackjack/backend/realtime/room_sync.go:42.2,44.16 3 4
blackjack/backend/realtime/room_sync.go:44.16,46.3 1 1
blackjack/backend/realtime/room_sync.go:47.2,47.56 1 3
blackjack/backend/realtime/room_sync.go:51.133,52.30 1 5
blackjack/backend/realtime/room_sync.go:52.30,55.3 2 2
blackjack/backend/realtime/room_sync.go:56.2,57.15 2 3
blackjack/backend/realtime/room_sync.go:57.15,57.34 1 3
blackjack/backend/realtime/room_sync.go:58.2,59.6 2 3
blackjack/backend/realtime/room_sync.go:59.6,60.10 1 7
blackjack/backend/realtime/room_sync.go:61.21,62.20 1 3
blackjack/backend/realtime/room_sync.go:63.24,64.11 1 4
blackjack/backend/realtime/room_sync.go:64.11,66.5 1 0
blackjack/backend/realtime/room_sync.go:67.4,67.18 1 4
blackjack/backend/realtime/room_sync.go:67.18,68.13 1 0
blackjack/backend/realtime/room_sync.go:70.4,71.66 2 4
blackjack/backend/realtime/room_sync.go:71.66,72.13 1 1
blackjack/backend/realtime/room_sync.go:74.4,74.48 1 3
blackjack/backend/realtime/room_sync.go:74.48,75.13 1 1
blackjack/backend/realtime/room_sync.go:77.4,78.16 2 2
blackjack/backend/realtime/room_sync.go:78.16,80.5 1 1
blackjack/backend/realtime/room_sync.go:81.4,81.35 1 2
blackjack/backend/repository/game_repository.go:21.43,23.2 1 7
blackjack/backend/repository/game_repository.go:26.88,27.67 1 1
blackjack/backend/repository/game_repository.go:27.67,29.3 1 1
blackjack/backend/repository/game_repository.go:33.30,34.16 1 24
blackjack/backend/repository/game_repository.go:34.16,36.3 1 1
blackjack/backend/repository/game_repository.go:37.2,37.44 1 23
blackjack/backend/repository/game_repository.go:37.44,39.3 1 13
blackjack/backend/repository/game_repository.go:40.2,41.53 2 10
blackjack/backend/repository/game_repository.go:41.53,43.3 1 1
blackjack/backend/repository/game_repository.go:44.2,44.12 1 9
blackjack/backend/repository/game_repository.go:49.128,51.16 2 4
blackjack/backend/repository/game_repository.go:51.16,53.3 1 1
blackjack/backend/repository/game_repository.go:54.2,68.21 2 3
blackjack/backend/repository/game_repository.go:68.21,70.3 1 1
blackjack/backend/repository/game_repository.go:71.2,71.34 1 2
blackjack/backend/repository/game_repository.go:74.88,76.16 2 7
blackjack/backend/repository/game_repository.go:76.16,78.3 1 1
blackjack/backend/repository/game_repository.go:79.2,79.48 1 6
blackjack/backend/repository/game_repository.go:82.88,84.16 2 5
blackjack/backend/repository/game_repository.go:84.16,86.3 1 1
blackjack/backend/repository/game_repository.go:87.2,87.46 1 4
blackjack/backend/repository/game_repository.go:90.90,92.78 2 3
blackjack/backend/repository/game_repository.go:92.78,94.3 1 1
blackjack/backend/repository/game_repository.go:95.2,95.40 1 2
blackjack/backend/repository/game_repository.go:98.99,102.47 2 3
blackjack/backend/repository/game_repository.go:102.47,104.3 1 1
blackjack/backend/repository/game_repository.go:105.2,105.40 1 2
blackjack/backend/repository/game_repository.go:108.108,114.16 3 3
blackjack/backend/repository/game_repository.go:114.16,116.3 1 1
blackjack/backend/repository/game_repository.go:117.2,117.40 1 2
blackjack/backend/repository/game_repository.go:120.156,126.16 3 3
blackjack/backend/repository/game_repository.go:126.16,128.3 1 1
blackjack/backend/repository/game_repository.go:129.2,130.22 2 2
blackjack/backend/repository/game_repository.go:130.22,132.17 2 2
blackjack/backend/repository/game_repository.go:132.17,134.4 1 1
blackjack/backend/repository/game_repository.go:135.3,135.26 1 1
blackjack/backend/repository/game_repository.go:137.2,137.17 1 1
blackjack/backend/repository/game_repository.go:140.117,146.16 3 3
blackjack/backend/repository/game_repository.go:146.16,148.3 1 1
blackjack/backend/repository/game_repository.go:149.2,150.22 2 2
blackjack/backend/repository/game_repository.go:150.22,152.17 2 3
blackjack/backend/repository/game_repository.go:152.17,154.4 1 1
blackjack/backend/repository/game_repository.go:155.3,155.26 1 2
blackjack/backend/repository/game_repository.go:157.2,157.17 1 1
blackjack/backend/repository/game_repository.go:160.119,166.16 3 3
blackjack/backend/repository/game_repository.go:166.16,168.3 1 1
blackjack/backend/repository/game_repository.go:169.2,170.22 2 2
blackjack/backend/repository/game_repository.go:170.22,172.17 2 3
blackjack/backend/repository/game_repository.go:172.17,174.4 1 1
blackjack/backend/repository/game_repository.go:175.3,175.26 1 2
blackjack/backend/repository/game_repository.go:177.2,177.17 1 1
blackjack/backend/repository/game_repository.go:180.69,184.2 3 1
blackjack/backend/repository/game_repository.go:186.88,188.2 1 1
blackjack/backend/repository/game_repository.go:190.86,192.16 2 6
blackjack/backend/repository/game_repository.go:192.16,194.3 1 1
blackjack/backend/repository/game_repository.go:195.2,195.48 1 5
blackjack/backend/repository/game_repository.go:198.86,200.16 2 3
blackjack/backend/repository/game_repository.go:200.16,202.3 1 1
blackjack/backend/repository/game_repository.go:203.2,203.46 1 2
blackjack/backend/repository/game_repository.go:206.109,211.16 3 3
blackjack/backend/repository/game_repository.go:211.16,213.3 1 1
blackjack/backend/repository/game_repository.go:214.2,214.40 1 2
blackjack/backend/repository/game_repository.go:217.116,219.120 2 3
blackjack/backend/repository/game_repository.go:219.120,221.3 1 1
blackjack/backend/repository/game_repository.go:222.2,223.22 2 2
blackjack/backend/repository/game_repository.go:223.22,225.17 2 3
blackjack/backend/repository/game_repository.go:225.17,227.4 1 1
blackjack/backend/repository/game_repository.go:228.3,228.26 1 2
blackjack/backend/repository/game_repository.go:230.2,230.17 1 1
blackjack/backend/repository/game_repository.go:233.86,235.16 2 5
blackjack/backend/repository/game_repository.go:235.16,237.3 1 1
blackjack/backend/repository/game_repository.go:238.2,238.48 1 4
blackjack/backend/repository/game_repository.go:241.86,243.16 2 3
blackjack/backend/repository/game_repository.go:243.16,245.3 1 1
blackjack/backend/repository/game_repository.go:246.2,246.46 1 2
blackjack/backend/repository/game_repository.go:249.101,251.93 2 3
blackjack/backend/repository/game_repository.go:251.93,253.3 1 1
blackjack/backend/repository/game_repository.go:254.2,254.40 1 2
blackjack/backend/repository/game_repository.go:257.90,260.2 2 4
blackjack/backend/repository/game_repository.go:262.130,267.16 3 3
blackjack/backend/repository/game_repository.go:267.16,269.3 1 1
blackjack/backend/repository/game_repository.go:270.2,270.38 1 2
blackjack/backend/repository/game_repository.go:273.89,282.2 2 3
blackjack/backend/repository/game_repository.go:284.105,286.99 2 2
blackjack/backend/repository/game_repository.go:286.99,288.3 1 1
blackjack/backend/repository/game_repository.go:289.2,290.22 2 1
blackjack/backend/repository/game_repository.go:290.22,292.3 1 1
blackjack/backend/repository/game_repository.go:293.2,293.17 1 1
blackjack/backend/repository/game_repository.go:296.86,298.16 2 4
blackjack/backend/repository/game_repository.go:298.16,300.3 1 1
blackjack/backend/repository/game_repository.go:301.2,301.48 1 3
blackjack/backend/repository/game_repository.go:304.108,309.16 3 2
blackjack/backend/repository/game_repository.go:309.16,311.3 1 1
blackjack/backend/repository/game_repository.go:312.2,312.42 1 1
blackjack/backend/repository/game_repository.go:315.104,323.16 3 2
blackjack/backend/repository/game_repository.go:323.16,325.3 1 1
blackjack/backend/repository/game_repository.go:326.2,327.22 2 1
blackjack/backend/repository/game_repository.go:327.22,329.3 1 1
blackjack/backend/repository/game_repository.go:330.2,330.17 1 1
blackjack/backend/repository/game_repository_map.go:14.63,15.35 1 38
blackjack/backend/repository/game_repository_map.go:15.35,17.3 1 7
blackjack/backend/repository/game_repository_map.go:18.2,18.14 1 31
blackjack/backend/repository/game_repository_map.go:18.14,20.3 1 1
blackjack/backend/repository/game_repository_map.go:21.2,21.24 1 30
blackjack/backend/repository/game_repository_map.go:24.65,25.17 1 30
blackjack/backend/repository/game_repository_map.go:25.17,27.3 1 1
blackjack/backend/repository/game_repository_map.go:28.2,29.46 2 29
blackjack/backend/repository/game_repository_map.go:29.46,31.3 1 12
blackjack/backend/repository/game_repository_map.go:32.2,32.15 1 17
blackjack/backend/repository/game_repository_map.go:35.54,36.14 1 11
blackjack/backend/repository/game_repository_map.go:36.14,38.3 1 1
blackjack/backend/repository/game_repository_map.go:39.2,46.3 1 10
blackjack/backend/repository/game_repository_map.go:49.61,50.14 1 8
blackjack/backend/repository/game_repository_map.go:50.14,52.3 1 1
blackjack/backend/repository/game_repository_map.go:53.2,54.19 2 7
blackjack/backend/repository/game_repository_map.go:54.19,56.3 1 3
blackjack/backend/repository/game_repository_map.go:57.2,64.8 1 4
blackjack/backend/repository/game_repository_map.go:67.84,68.14 1 18
blackjack/backend/repository/game_repository_map.go:68.14,70.3 1 1
blackjack/backend/repository/game_repository_map.go:71.2,72.16 2 17
blackjack/backend/repository/game_repository_map.go:72.16,74.3 1 3
blackjack/backend/repository/game_repository_map.go:75.2,76.29 2 14
blackjack/backend/repository/game_repository_map.go:76.29,78.3 1 1
blackjack/backend/repository/game_repository_map.go:79.2,93.8 1 14
blackjack/backend/repository/game_repository_map.go:96.82,97.14 1 18
blackjack/backend/repository/game_repository_map.go:97.14,99.3 1 1
blackjack/backend/repository/game_repository_map.go:100.2,101.19 2 17
blackjack/backend/repository/game_repository_map.go:101.19,103.3 1 1
blackjack/backend/repository/game_repository_map.go:104.2,105.16 2 16
blackjack/backend/repository/game_repository_map.go:105.16,107.3 1 7
blackjack/backend/repository/game_repository_map.go:108.2,109.31 2 9
blackjack/backend/repository/game_repository_map.go:109.31,112.3 2 1
blackjack/backend/repository/game_repository_map.go:113.2,127.8 1 9
blackjack/backend/repository/game_repository_map.go:130.84,131.14 1 12
blackjack/backend/repository/game_repository_map.go:131.14,133.3 1 1
blackjack/backend/repository/game_repository_map.go:134.2,135.16 2 11
blackjack/backend/repository/game_repository_map.go:135.16,137.3 1 2
blackjack/backend/repository/game_repository_map.go:138.2,139.22 2 9
blackjack/backend/repository/game_repository_map.go:139.22,142.3 2 1
blackjack/backend/repository/game_repository_map.go:143.2,151.8 1 9
blackjack/backend/repository/game_repository_map.go:154.82,155.14 1 10
blackjack/backend/repository/game_repository_map.go:155.14,157.3 1 1
blackjack/backend/repository/game_repository_map.go:158.2,159.19 2 9
blackjack/backend/repository/game_repository_map.go:159.19,161.3 1 1
blackjack/backend/repository/game_repository_map.go:162.2,163.16 2 8
blackjack/backend/repository/game_repository_map.go:163.16,165.3 1 2
blackjack/backend/repository/game_repository_map.go:166.2,167.22 2 6
blackjack/backend/repository/game_repository_map.go:167.22,169.19 2 2
blackjack/backend/repository/game_repository_map.go:169.19,171.4 1 1
blackjack/backend/repository/game_repository_map.go:172.3,172.10 1 1
blackjack/backend/repository/game_repository_map.go:174.2,182.8 1 5
blackjack/backend/repository/game_repository_map.go:185.84,186.14 1 10
blackjack/backend/repository/game_repository_map.go:186.14,188.3 1 1
blackjack/backend/repository/game_repository_map.go:189.2,190.16 2 9
blackjack/backend/repository/game_repository_map.go:190.16,192.3 1 2
blackjack/backend/repository/game_repository_map.go:193.2,198.8 1 7
blackjack/backend/repository/game_repository_map.go:201.82,202.14 1 5
blackjack/backend/repository/game_repository_map.go:202.14,204.3 1 1
blackjack/backend/repository/game_repository_map.go:205.2,206.16 2 4
blackjack/backend/repository/game_repository_map.go:206.16,208.3 1 2
blackjack/backend/repository/game_repository_map.go:209.2,214.8 1 2
blackjack/backend/repository/game_repository_map.go:217.54,218.14 1 6
blackjack/backend/repository/game_repository_map.go:218.14,220.3 1 1
blackjack/backend/repository/game_repository_map.go:221.2,227.3 1 5
blackjack/backend/repository/game_repository_map.go:230.61,231.14 1 4
blackjack/backend/repository/game_repository_map.go:231.14,233.3 1 1
blackjack/backend/repository/game_repository_map.go:234.2,240.8 1 3
blackjack/backend/repository/game_repository_map.go:243.67,244.14 1 7
blackjack/backend/repository/game_repository_map.go:244.14,246.3 1 1
blackjack/backend/repository/game_repository_map.go:247.2,252.3 1 6
blackjack/backend/repository/game_repository_map.go:255.74,256.14 1 3
blackjack/backend/repository/game_repository_map.go:256.14,258.3 1 1
blackjack/backend/repository/game_repository_map.go:259.2,264.8 1 2
blackjack/backend/repository/game_repository_map.go:267.72,268.14 1 9
blackjack/backend/repository/game_repository_map.go:268.14,270.3 1 1
blackjack/backend/repository/game_repository_map.go:271.2,278.3 1 8
blackjack/backend/repository/game_repository_map.go:281.79,282.14 1 8
blackjack/backend/repository/game_repository_map.go:282.14,284.3 1 1
blackjack/backend/repository/game_repository_map.go:285.2,286.19 2 7
blackjack/backend/repository/game_repository_map.go:286.19,288.3 1 3
blackjack/backend/repository/game_repository_map.go:289.2,296.8 1 4
blackjack/backend/repository/game_repository_map.go:299.69,300.14 1 6
blackjack/backend/repository/game_repository_map.go:300.14,302.3 1 1
blackjack/backend/repository/game_repository_map.go:303.2,312.3 1 5
blackjack/backend/repository/game_repository_map.go:315.76,316.14 1 5
blackjack/backend/repository/game_repository_map.go:316.14,318.3 1 1
blackjack/backend/repository/game_repository_map.go:319.2,320.26 2 4
blackjack/backend/repository/game_repository_map.go:320.26,322.3 1 2
blackjack/backend/repository/game_repository_map.go:323.2,332.8 1 2
blackjack/backend/repository/game_repository_map.go:335.75,336.14 1 5
blackjack/backend/repository/game_repository_map.go:336.14,338.3 1 1
blackjack/backend/repository/game_repository_map.go:339.2,343.3 1 4
blackjack/backend/repository/game_repository_map.go:346.73,347.14 1 3
blackjack/backend/repository/game_repository_map.go:347.14,349.3 1 1
blackjack/backend/repository/game_repository_map.go:350.2,354.3 1 2
blackjack/backend/repository/game_repository_map.go:357.75,358.14 1 8
blackjack/backend/repository/game_repository_map.go:358.14,360.3 1 1
blackjack/backend/repository/game_repository_map.go:361.2,362.16 2 7
blackjack/backend/repository/game_repository_map.go:362.16,364.17 2 4
blackjack/backend/repository/game_repository_map.go:364.17,366.4 1 2
blackjack/backend/repository/game_repository_map.go:367.3,367.20 1 2
blackjack/backend/repository/game_repository_map.go:369.2,375.8 1 5
blackjack/backend/repository/game_repository_map.go:378.64,379.14 1 5
blackjack/backend/repository/game_repository_map.go:379.14,381.3 1 1
blackjack/backend/repository/game_repository_map.go:382.2,388.3 1 4
blackjack/backend/repository/game_repository_schema.go:18.38,18.56 1 8
blackjack/backend/repository/game_repository_schema.go:29.44,29.69 1 8
blackjack/backend/repository/game_repository_schema.go:47.45,47.71 1 8
blackjack/backend/repository/game_repository_schema.go:59.45,59.71 1 8
blackjack/backend/repository/game_repository_schema.go:68.45,68.71 1 8
blackjack/backend/repository/game_repository_schema.go:82.43,82.67 1 8
blackjack/backend/repository/game_repository_schema.go:93.45,93.71 1 8
blackjack/backend/repository/game_repository_schema.go:103.42,103.65 1 8
blackjack/backend/repository/game_repository_schema.go:113.38,113.56 1 8
blackjack/backend/repository/game_repository_schema.go:122.41,122.62 1 8
blackjack/backend/repository/rate_limit_repository.go:22.119,26.2 3 2
blackjack/backend/repository/rate_limit_repository.go:73.166,74.18 1 7
blackjack/backend/repository/rate_limit_repository.go:74.18,76.3 1 1
blackjack/backend/repository/rate_limit_repository.go:77.2,88.16 4 6
blackjack/backend/repository/rate_limit_repository.go:88.16,90.3 1 1
blackjack/backend/repository/rate_limit_repository.go:91.2,92.26 2 5
blackjack/backend/repository/rate_limit_repository.go:92.26,94.3 1 1
blackjack/backend/repository/rate_limit_repository.go:95.2,96.16 2 4
blackjack/backend/repository/rate_limit_repository.go:96.16,98.3 1 1
blackjack/backend/repository/rate_limit_repository.go:99.2,100.16 2 3
blackjack/backend/repository/rate_limit_repository.go:100.16,102.3 1 1
blackjack/backend/repository/rate_limit_repository.go:103.2,104.16 2 2
blackjack/backend/repository/rate_limit_repository.go:104.16,106.3 1 1
blackjack/backend/repository/rate_limit_repository.go:107.2,107.48 1 1
blackjack/backend/repository/rate_limit_repository.go:110.36,111.23 1 10
blackjack/backend/repository/rate_limit_repository.go:112.13,113.16 1 5
blackjack/backend/repository/rate_limit_repository.go:114.15,115.23 1 1
blackjack/backend/repository/rate_limit_repository.go:116.14,117.37 1 2
blackjack/backend/repository/rate_limit_repository.go:118.10,119.55 1 2
blackjack/backend/repository/rate_limit_repository.go:123.40,124.23 1 7
blackjack/backend/repository/rate_limit_repository.go:125.15,126.16 1 1
blackjack/backend/repository/rate_limit_repository.go:127.13,128.25 1 2
blackjack/backend/repository/rate_limit_repository.go:129.14,130.35 1 2
blackjack/backend/repository/rate_limit_repository.go:131.10,132.57 1 2
blackjack/backend/repository/room_repository.go:9.75,12.2 2 6
blackjack/backend/repository/room_repository.go:14.75,17.2 2 2
blackjack/backend/repository/room_repository.go:19.87,21.2 1 1
blackjack/backend/repository/room_repository.go:23.66,27.2 3 1
blackjack/backend/repository/room_repository.go:29.80,31.78 2 3
blackjack/backend/repository/room_repository.go:31.78,33.3 1 1
blackjack/backend/repository/room_repository.go:34.2,34.33 1 2
blackjack/backend/repository/room_repository.go:37.96,42.33 2 3
blackjack/backend/repository/room_repository.go:42.33,44.3 1 1
blackjack/backend/repository/room_repository.go:45.2,46.22 2 2
blackjack/backend/repository/room_repository.go:46.22,48.17 2 2
blackjack/backend/repository/room_repository.go:48.17,50.4 1 1
blackjack/backend/repository/room_repository.go:51.3,51.26 1 1
blackjack/backend/repository/room_repository.go:53.2,53.17 1 1
blackjack/backend/repository/room_repository.go:56.84,59.2 2 5
blackjack/backend/repository/room_repository.go:61.84,64.2 2 2
blackjack/backend/repository/room_repository.go:66.104,71.16 3 3
blackjack/backend/repository/room_repository.go:71.16,73.3 1 1
blackjack/backend/repository/room_repository.go:74.2,74.39 1 2
blackjack/backend/repository/room_repository.go:77.108,79.93 2 3
blackjack/backend/repository/room_repository.go:79.93,81.3 1 1
blackjack/backend/repository/room_repository.go:82.2,83.22 2 2
blackjack/backend/repository/room_repository.go:83.22,85.17 2 3
blackjack/backend/repository/room_repository.go:85.17,87.4 1 1
blackjack/backend/repository/room_repository.go:88.3,88.23 1 2
blackjack/backend/repository/room_repository.go:90.2,90.17 1 1
blackjack/backend/repository/user_repository.go:9.75,11.64 2 4
blackjack/backend/repository/user_repository.go:11.64,13.3 1 2
blackjack/backend/repository/user_repository.go:14.2,14.12 1 2
blackjack/backend/repository/user_repository.go:17.96,19.96 2 2
blackjack/backend/repository/user_repository.go:19.96,21.3 1 1
blackjack/backend/repository/user_repository.go:22.2,22.33 1 1
blackjack/backend/repository/user_repository.go:25.88,27.82 2 2
blackjack/backend/repository/user_repository.go:27.82,29.3 1 1
blackjack/backend/repository/user_repository.go:30.2,30.33 1 1
blackjack/backend/repository/user_session_repository.go:10.84,13.2 2 5
blackjack/backend/repository/user_session_repository.go:15.97,17.85 2 2
blackjack/backend/repository/user_session_repository.go:17.85,19.3 1 1
blackjack/backend/repository/user_session_repository.go:20.2,20.40 1 1
blackjack/backend/repository/user_session_repository.go:23.78,25.2 1 1
blackjack/backend/repository/user_session_repository.go:27.84,29.2 1 1
blackjack/backend/repository/user_session_repository.go:31.68,35.2 1 1
blackjack/backend/router/game_router.go:22.30,43.2 17 1
blackjack/backend/usecase/game_usecase.go:79.114,85.2 1 205
blackjack/backend/usecase/game_usecase.go:88.95,89.22 1 5
blackjack/backend/usecase/game_usecase.go:89.22,91.3 1 1
blackjack/backend/usecase/game_usecase.go:92.2,96.16 4 4
blackjack/backend/usecase/game_usecase.go:96.16,98.3 1 1
blackjack/backend/usecase/game_usecase.go:99.2,99.62 1 3
blackjack/backend/usecase/game_usecase.go:99.62,101.3 1 1
blackjack/backend/usecase/game_usecase.go:102.2,104.69 2 2
blackjack/backend/usecase/game_usecase.go:104.69,106.3 1 2
blackjack/backend/usecase/game_usecase.go:106.17,108.3 1 1
blackjack/backend/usecase/game_usecase.go:109.2,109.18 1 1
blackjack/backend/usecase/game_usecase.go:113.97,114.18 1 13
blackjack/backend/usecase/game_usecase.go:114.18,116.3 1 1
blackjack/backend/usecase/game_usecase.go:117.2,117.18 1 12
blackjack/backend/usecase/game_usecase.go:117.18,119.3 1 1
blackjack/backend/usecase/game_usecase.go:120.2,121.16 2 11
blackjack/backend/usecase/game_usecase.go:121.16,123.3 1 1
blackjack/backend/usecase/game_usecase.go:124.2,124.46 1 10
blackjack/backend/usecase/game_usecase.go:124.46,126.3 1 1
blackjack/backend/usecase/game_usecase.go:127.2,127.31 1 9
blackjack/backend/usecase/game_usecase.go:127.31,129.3 1 1
blackjack/backend/usecase/game_usecase.go:130.2,131.16 2 8
blackjack/backend/usecase/game_usecase.go:131.16,133.3 1 1
blackjack/backend/usecase/game_usecase.go:134.2,135.28 2 7
blackjack/backend/usecase/game_usecase.go:135.28,136.85 1 1
blackjack/backend/usecase/game_usecase.go:136.85,138.4 1 1
blackjack/backend/usecase/game_usecase.go:140.2,140.22 1 7
blackjack/backend/usecase/game_usecase.go:140.22,142.3 1 1
blackjack/backend/usecase/game_usecase.go:144.2,146.16 3 6
blackjack/backend/usecase/game_usecase.go:146.16,148.3 1 1
blackjack/backend/usecase/game_usecase.go:149.2,149.97 1 5
blackjack/backend/usecase/game_usecase.go:149.97,151.3 1 1
blackjack/backend/usecase/game_usecase.go:152.2,154.69 2 4
blackjack/backend/usecase/game_usecase.go:154.69,155.58 1 4
blackjack/backend/usecase/game_usecase.go:155.58,156.42 1 2
blackjack/backend/usecase/game_usecase.go:156.42,158.5 1 1
blackjack/backend/usecase/game_usecase.go:159.4,159.14 1 1
blackjack/backend/usecase/game_usecase.go:161.3,161.34 1 2
blackjack/backend/usecase/game_usecase.go:162.17,164.3 1 3
blackjack/backend/usecase/game_usecase.go:165.2,165.18 1 1
blackjack/backend/usecase/game_usecase.go:169.116,170.18 1 23
blackjack/backend/usecase/game_usecase.go:170.18,172.3 1 1
blackjack/backend/usecase/game_usecase.go:173.2,173.18 1 22
blackjack/backend/usecase/game_usecase.go:173.18,175.3 1 1
blackjack/backend/usecase/game_usecase.go:176.2,177.16 2 21
blackjack/backend/usecase/game_usecase.go:177.16,179.3 1 3
blackjack/backend/usecase/game_usecase.go:180.2,180.31 1 18
blackjack/backend/usecase/game_usecase.go:180.31,182.17 2 4
blackjack/backend/usecase/game_usecase.go:182.17,183.37 1 2
blackjack/backend/usecase/game_usecase.go:183.37,185.5 1 1
blackjack/backend/usecase/game_usecase.go:186.4,186.24 1 1
blackjack/backend/usecase/game_usecase.go:188.3,188.39 1 2
blackjack/backend/usecase/game_usecase.go:188.39,190.4 1 1
blackjack/backend/usecase/game_usecase.go:192.2,192.34 1 15
blackjack/backend/usecase/game_usecase.go:192.34,194.3 1 3
blackjack/backend/usecase/game_usecase.go:195.2,196.16 2 12
blackjack/backend/usecase/game_usecase.go:196.16,197.36 1 2
blackjack/backend/usecase/game_usecase.go:197.36,199.4 1 1
blackjack/backend/usecase/game_usecase.go:200.3,200.23 1 1
blackjack/backend/usecase/game_usecase.go:202.2,202.24 1 10
blackjack/backend/usecase/game_usecase.go:206.92,207.18 1 2
blackjack/backend/usecase/game_usecase.go:207.18,209.3 1 1
blackjack/backend/usecase/game_usecase.go:210.2,210.47 1 1
blackjack/backend/usecase/game_usecase.go:214.113,215.18 1 11
blackjack/backend/usecase/game_usecase.go:215.18,217.3 1 1
blackjack/backend/usecase/game_usecase.go:218.2,218.18 1 10
blackjack/backend/usecase/game_usecase.go:218.18,220.3 1 1
blackjack/backend/usecase/game_usecase.go:221.2,222.16 2 9
blackjack/backend/usecase/game_usecase.go:222.16,224.3 1 1
blackjack/backend/usecase/game_usecase.go:225.2,225.34 1 8
blackjack/backend/usecase/game_usecase.go:225.34,227.3 1 1
blackjack/backend/usecase/game_usecase.go:228.2,229.16 2 7
blackjack/backend/usecase/game_usecase.go:229.16,231.3 1 1
blackjack/backend/usecase/game_usecase.go:232.2,232.38 1 6
blackjack/backend/usecase/game_usecase.go:232.38,234.3 1 1
blackjack/backend/usecase/game_usecase.go:235.2,236.16 2 5
blackjack/backend/usecase/game_usecase.go:236.16,238.3 1 1
blackjack/backend/usecase/game_usecase.go:239.2,243.29 5 4
blackjack/backend/usecase/game_usecase.go:243.29,244.26 1 7
blackjack/backend/usecase/game_usecase.go:244.26,245.12 1 4
blackjack/backend/usecase/game_usecase.go:247.3,247.87 1 3
blackjack/backend/usecase/game_usecase.go:247.87,249.4 1 3
blackjack/backend/usecase/game_usecase.go:252.2,252.31 1 4
blackjack/backend/usecase/game_usecase.go:252.31,253.67 1 4
blackjack/backend/usecase/game_usecase.go:253.67,260.4 2 2
blackjack/backend/usecase/game_usecase.go:262.2,262.77 1 4
blackjack/backend/usecase/game_usecase.go:262.77,264.3 1 1
blackjack/backend/usecase/game_usecase.go:265.2,266.69 2 3
blackjack/backend/usecase/game_usecase.go:266.69,267.53 1 3
blackjack/backend/usecase/game_usecase.go:267.53,269.4 1 1
blackjack/backend/usecase/game_usecase.go:270.3,270.34 1 2
blackjack/backend/usecase/game_usecase.go:271.17,273.3 1 2
blackjack/backend/usecase/game_usecase.go:274.2,274.28 1 1
blackjack/backend/usecase/game_usecase.go:277.90,279.28 2 8
blackjack/backend/usecase/game_usecase.go:279.28,280.32 1 16
blackjack/backend/usecase/game_usecase.go:280.32,281.12 1 7
blackjack/backend/usecase/game_usecase.go:283.3,283.85 1 9
blackjack/backend/usecase/game_usecase.go:283.85,285.4 1 9
blackjack/backend/usecase/game_usecase.go:287.2,287.26 1 8
blackjack/backend/usecase/game_usecase.go:287.26,289.3 1 3
blackjack/backend/usecase/game_usecase.go:290.2,290.45 1 5
blackjack/backend/usecase/game_usecase.go:290.45,291.51 1 4
blackjack/backend/usecase/game_usecase.go:291.51,293.4 1 3
blackjack/backend/usecase/game_usecase.go:294.3,294.53 1 1
blackjack/backend/usecase/game_usecase.go:296.2,296.22 1 5
blackjack/backend/usecase/game_usecase.go:300.106,301.18 1 10
blackjack/backend/usecase/game_usecase.go:301.18,303.3 1 1
blackjack/backend/usecase/game_usecase.go:304.2,304.18 1 9
blackjack/backend/usecase/game_usecase.go:304.18,306.3 1 1
blackjack/backend/usecase/game_usecase.go:307.2,308.69 2 8
blackjack/backend/usecase/game_usecase.go:308.69,310.17 2 8
blackjack/backend/usecase/game_usecase.go:310.17,312.4 1 1
blackjack/backend/usecase/game_usecase.go:313.3,313.32 1 7
blackjack/backend/usecase/game_usecase.go:313.32,315.4 1 1
blackjack/backend/usecase/game_usecase.go:316.3,318.50 3 6
blackjack/backend/usecase/game_usecase.go:318.50,320.4 1 1
blackjack/backend/usecase/game_usecase.go:321.3,321.68 1 5
blackjack/backend/usecase/game_usecase.go:321.68,323.4 1 1
blackjack/backend/usecase/game_usecase.go:324.3,324.67 1 4
blackjack/backend/usecase/game_usecase.go:324.67,326.4 1 1
blackjack/backend/usecase/game_usecase.go:327.3,327.63 1 3
blackjack/backend/usecase/game_usecase.go:327.63,329.4 1 1
blackjack/backend/usecase/game_usecase.go:330.3,331.50 2 2
blackjack/backend/usecase/game_usecase.go:331.50,333.4 1 1
blackjack/backend/usecase/game_usecase.go:334.3,335.13 2 1
blackjack/backend/usecase/game_usecase.go:336.17,338.3 1 7
blackjack/backend/usecase/game_usecase.go:339.2,339.17 1 1
blackjack/backend/usecase/game_usecase.go:343.109,344.18 1 8
blackjack/backend/usecase/game_usecase.go:344.18,346.3 1 1
blackjack/backend/usecase/game_usecase.go:347.2,347.18 1 7
blackjack/backend/usecase/game_usecase.go:347.18,349.3 1 1
blackjack/backend/usecase/game_usecase.go:350.2,351.16 2 6
blackjack/backend/usecase/game_usecase.go:351.16,353.3 1 1
blackjack/backend/usecase/game_usecase.go:354.2,354.31 1 5
blackjack/backend/usecase/game_usecase.go:354.31,356.17 2 4
blackjack/backend/usecase/game_usecase.go:356.17,357.37 1 2
blackjack/backend/usecase/game_usecase.go:357.37,359.5 1 1
blackjack/backend/usecase/game_usecase.go:360.4,360.19 1 1
blackjack/backend/usecase/game_usecase.go:362.3,362.39 1 2
blackjack/backend/usecase/game_usecase.go:362.39,364.4 1 1
blackjack/backend/usecase/game_usecase.go:366.2,366.51 1 2
blackjack/backend/usecase/game_usecase.go:370.118,371.18 1 24
blackjack/backend/usecase/game_usecase.go:371.18,373.3 1 1
blackjack/backend/usecase/game_usecase.go:374.2,374.18 1 23
blackjack/backend/usecase/game_usecase.go:374.18,376.3 1 1
blackjack/backend/usecase/game_usecase.go:377.2,378.16 2 22
blackjack/backend/usecase/game_usecase.go:378.16,380.3 1 1
blackjack/backend/usecase/game_usecase.go:381.2,381.31 1 21
blackjack/backend/usecase/game_usecase.go:381.31,383.3 1 1
blackjack/backend/usecase/game_usecase.go:384.2,384.42 1 20
blackjack/backend/usecase/game_usecase.go:384.42,386.3 1 1
blackjack/backend/usecase/game_usecase.go:387.2,388.16 2 19
[...]
blackjack/backend/usecase/game_usecase.go:756.2,757.16 2 16
blackjack/backend/usecase/game_usecase.go:757.16,759.3 1 1
blackjack/backend/usecase/game_usecase.go:760.2,762.16 3 15
blackjack/backend/usecase/game_usecase.go:762.16,764.3 1 1
blackjack/backend/usecase/game_usecase.go:765.2,766.16 2 14
blackjack/backend/usecase/game_usecase.go:766.16,768.3 1 1
blackjack/backend/usecase/game_usecase.go:769.2,769.60 1 13
blackjack/backend/usecase/game_usecase.go:769.60,771.3 1 1
blackjack/backend/usecase/game_usecase.go:772.2,772.83 1 12
blackjack/backend/usecase/game_usecase.go:772.83,774.3 1 1
blackjack/backend/usecase/game_usecase.go:775.2,777.42 3 11
blackjack/backend/usecase/game_usecase.go:777.42,778.83 1 3
blackjack/backend/usecase/game_usecase.go:778.83,780.4 1 1
blackjack/backend/usecase/game_usecase.go:781.3,781.84 1 2
blackjack/backend/usecase/game_usecase.go:781.84,783.4 1 1
blackjack/backend/usecase/game_usecase.go:784.3,784.28 1 1
blackjack/backend/usecase/game_usecase.go:786.2,787.61 2 9
blackjack/backend/usecase/game_usecase.go:787.61,789.3 1 1
blackjack/backend/usecase/game_usecase.go:790.2,791.52 2 8
blackjack/backend/usecase/game_usecase.go:791.52,793.3 1 2
blackjack/backend/usecase/game_usecase.go:794.2,794.58 1 6
blackjack/backend/usecase/game_usecase.go:794.58,796.3 1 1
blackjack/backend/usecase/game_usecase.go:797.2,797.58 1 5
blackjack/backend/usecase/game_usecase.go:797.58,799.3 1 1
blackjack/backend/usecase/game_usecase.go:800.2,800.49 1 4
blackjack/backend/usecase/game_usecase.go:800.49,802.3 1 1
blackjack/backend/usecase/game_usecase.go:803.2,803.18 1 3
blackjack/backend/usecase/game_usecase.go:807.172,808.18 1 27
blackjack/backend/usecase/game_usecase.go:808.18,810.3 1 1
blackjack/backend/usecase/game_usecase.go:811.2,811.60 1 26
blackjack/backend/usecase/game_usecase.go:811.60,813.3 1 3
blackjack/backend/usecase/game_usecase.go:814.2,815.16 2 23
blackjack/backend/usecase/game_usecase.go:815.16,817.3 1 1
blackjack/backend/usecase/game_usecase.go:818.2,818.70 1 22
blackjack/backend/usecase/game_usecase.go:818.70,819.36 1 2
blackjack/backend/usecase/game_usecase.go:819.36,821.4 1 1
blackjack/backend/usecase/game_usecase.go:822.3,822.23 1 1
blackjack/backend/usecase/game_usecase.go:824.2,825.16 2 20
blackjack/backend/usecase/game_usecase.go:825.16,827.3 1 1
blackjack/backend/usecase/game_usecase.go:829.2,842.69 5 19
blackjack/backend/usecase/game_usecase.go:842.69,844.17 2 19
blackjack/backend/usecase/game_usecase.go:844.17,846.4 1 1
blackjack/backend/usecase/game_usecase.go:847.3,847.52 1 18
blackjack/backend/usecase/game_usecase.go:847.52,849.4 1 1
blackjack/backend/usecase/game_usecase.go:850.3,850.62 1 17
blackjack/backend/usecase/game_usecase.go:850.62,852.4 1 1
blackjack/backend/usecase/game_usecase.go:853.3,856.80 3 16
blackjack/backend/usecase/game_usecase.go:856.80,858.4 1 1
blackjack/backend/usecase/game_usecase.go:858.9,858.20 1 15
blackjack/backend/usecase/game_usecase.go:858.20,860.4 1 2
blackjack/backend/usecase/game_usecase.go:861.3,862.17 2 13
blackjack/backend/usecase/game_usecase.go:862.17,864.4 1 1
blackjack/backend/usecase/game_usecase.go:865.3,867.32 3 12
blackjack/backend/usecase/game_usecase.go:867.32,868.21 1 12
blackjack/backend/usecase/game_usecase.go:868.21,870.10 2 11
blackjack/backend/usecase/game_usecase.go:873.3,873.18 1 12
blackjack/backend/usecase/game_usecase.go:873.18,875.4 1 1
blackjack/backend/usecase/game_usecase.go:877.3,883.36 3 11
blackjack/backend/usecase/game_usecase.go:883.36,885.4 1 10
blackjack/backend/usecase/game_usecase.go:886.3,887.50 2 11
blackjack/backend/usecase/game_usecase.go:887.50,889.4 1 1
blackjack/backend/usecase/game_usecase.go:890.3,891.27 2 10
blackjack/backend/usecase/game_usecase.go:891.27,893.4 1 4
blackjack/backend/usecase/game_usecase.go:894.3,898.57 4 10
blackjack/backend/usecase/game_usecase.go:898.57,900.4 1 1
blackjack/backend/usecase/game_usecase.go:902.3,902.10 1 9
blackjack/backend/usecase/game_usecase.go:903.18,906.18 3 2
blackjack/backend/usecase/game_usecase.go:906.18,908.5 1 1
blackjack/backend/usecase/game_usecase.go:909.4,909.15 1 1
blackjack/backend/usecase/game_usecase.go:910.15,911.68 1 2
blackjack/backend/usecase/game_usecase.go:911.68,913.5 1 1
blackjack/backend/usecase/game_usecase.go:914.11,918.18 4 5
blackjack/backend/usecase/game_usecase.go:918.18,920.5 1 1
blackjack/backend/usecase/game_usecase.go:921.4,921.11 1 4
blackjack/backend/usecase/game_usecase.go:921.11,923.5 1 1
blackjack/backend/usecase/game_usecase.go:926.3,931.17 2 5
blackjack/backend/usecase/game_usecase.go:931.17,933.4 1 1
blackjack/backend/usecase/game_usecase.go:934.3,934.78 1 4
blackjack/backend/usecase/game_usecase.go:935.17,937.3 1 14
blackjack/backend/usecase/game_usecase.go:938.2,938.24 1 5
blackjack/backend/usecase/game_usecase.go:942.110,943.88 1 34
blackjack/backend/usecase/game_usecase.go:943.88,945.3 1 111
blackjack/backend/usecase/game_usecase.go:946.2,947.16 2 34
blackjack/backend/usecase/game_usecase.go:947.16,949.3 1 1
blackjack/backend/usecase/game_usecase.go:950.2,951.16 2 33
blackjack/backend/usecase/game_usecase.go:951.16,953.3 1 4
blackjack/backend/usecase/game_usecase.go:954.2,956.16 3 29
blackjack/backend/usecase/game_usecase.go:956.16,958.3 1 1
blackjack/backend/usecase/game_usecase.go:959.2,960.16 2 28
blackjack/backend/usecase/game_usecase.go:960.16,962.3 1 1
blackjack/backend/usecase/game_usecase.go:963.2,965.16 3 27
blackjack/backend/usecase/game_usecase.go:965.16,967.3 1 1
blackjack/backend/usecase/game_usecase.go:968.2,969.16 2 26
blackjack/backend/usecase/game_usecase.go:969.16,971.3 1 1
blackjack/backend/usecase/game_usecase.go:972.2,974.16 3 25
blackjack/backend/usecase/game_usecase.go:974.16,976.3 1 1
blackjack/backend/usecase/game_usecase.go:977.2,978.16 2 24
blackjack/backend/usecase/game_usecase.go:978.16,980.3 1 1
blackjack/backend/usecase/game_usecase.go:981.2,982.12 2 23
blackjack/backend/usecase/game_usecase.go:986.145,988.79 2 13
blackjack/backend/usecase/game_usecase.go:988.79,990.3 1 3
blackjack/backend/usecase/game_usecase.go:991.2,991.82 1 10
blackjack/backend/usecase/game_usecase.go:991.82,993.3 1 1
blackjack/backend/usecase/game_usecase.go:994.2,998.16 5 9
blackjack/backend/usecase/game_usecase.go:998.16,1000.3 1 1
blackjack/backend/usecase/game_usecase.go:1001.2,1001.63 1 8
blackjack/backend/usecase/game_usecase.go:1001.63,1003.3 1 1
blackjack/backend/usecase/game_usecase.go:1004.2,1010.16 3 7
blackjack/backend/usecase/game_usecase.go:1010.16,1012.3 1 1
blackjack/backend/usecase/game_usecase.go:1013.2,1018.8 1 6
blackjack/backend/usecase/game_usecase.go:1022.87,1023.34 1 7
blackjack/backend/usecase/game_usecase.go:1023.34,1025.3 1 2
blackjack/backend/usecase/game_usecase.go:1026.2,1027.16 2 5
blackjack/backend/usecase/game_usecase.go:1027.16,1029.3 1 1
blackjack/backend/usecase/game_usecase.go:1030.2,1030.76 1 4
blackjack/backend/usecase/game_usecase.go:1030.76,1032.3 1 2
blackjack/backend/usecase/game_usecase.go:1033.2,1033.73 1 2
blackjack/backend/usecase/game_usecase.go:1033.73,1035.3 1 1
blackjack/backend/usecase/game_usecase.go:1036.2,1036.41 1 1
blackjack/backend/usecase/game_usecase.go:1040.90,1041.34 1 9
blackjack/backend/usecase/game_usecase.go:1041.34,1043.3 1 2
blackjack/backend/usecase/game_usecase.go:1044.2,1045.16 2 7
blackjack/backend/usecase/game_usecase.go:1045.16,1046.36 1 2
blackjack/backend/usecase/game_usecase.go:1046.36,1048.4 1 1
blackjack/backend/usecase/game_usecase.go:1049.3,1049.13 1 1
blackjack/backend/usecase/game_usecase.go:1051.2,1051.82 1 5
blackjack/backend/usecase/game_usecase.go:1051.82,1053.3 1 2
blackjack/backend/usecase/game_usecase.go:1054.2,1054.79 1 3
blackjack/backend/usecase/game_usecase.go:1054.79,1056.3 1 1
blackjack/backend/usecase/game_usecase.go:1057.2,1057.41 1 2
blackjack/backend/usecase/game_usecase.go:1061.83,1064.16 3 8
blackjack/backend/usecase/game_usecase.go:1064.16,1066.3 1 1
blackjack/backend/usecase/game_usecase.go:1067.2,1069.32 3 7
blackjack/backend/usecase/game_usecase.go:1069.32,1070.121 1 2
blackjack/backend/usecase/game_usecase.go:1070.121,1072.4 1 1
blackjack/backend/usecase/game_usecase.go:1073.3,1073.38 1 1
blackjack/backend/usecase/game_usecase.go:1073.38,1076.4 2 1
blackjack/backend/usecase/game_usecase.go:1078.2,1079.16 2 6
blackjack/backend/usecase/game_usecase.go:1079.16,1081.3 1 1
blackjack/backend/usecase/game_usecase.go:1082.2,1082.38 1 5
blackjack/backend/usecase/game_usecase.go:1082.38,1083.120 1 2
blackjack/backend/usecase/game_usecase.go:1083.120,1085.4 1 1
blackjack/backend/usecase/game_usecase.go:1086.3,1086.38 1 1
blackjack/backend/usecase/game_usecase.go:1086.38,1089.4 2 1
blackjack/backend/usecase/game_usecase.go:1092.2,1093.16 2 4
blackjack/backend/usecase/game_usecase.go:1093.16,1095.3 1 1
blackjack/backend/usecase/game_usecase.go:1096.2,1096.30 1 3
blackjack/backend/usecase/game_usecase.go:1096.30,1097.132 1 2
blackjack/backend/usecase/game_usecase.go:1097.132,1099.4 1 1
blackjack/backend/usecase/game_usecase.go:1100.3,1100.38 1 1
blackjack/backend/usecase/game_usecase.go:1100.38,1103.4 2 1
blackjack/backend/usecase/game_usecase.go:1105.2,1105.26 1 2
blackjack/backend/usecase/game_usecase.go:1109.91,1110.66 1 12
blackjack/backend/usecase/game_usecase.go:1110.66,1112.17 2 12
blackjack/backend/usecase/game_usecase.go:1112.17,1114.4 1 2
blackjack/backend/usecase/game_usecase.go:1115.3,1115.50 1 10
blackjack/backend/usecase/game_usecase.go:1115.50,1117.4 1 1
blackjack/backend/usecase/game_usecase.go:1118.3,1119.73 2 9
blackjack/backend/usecase/game_usecase.go:1119.73,1121.4 1 1
blackjack/backend/usecase/game_usecase.go:1122.3,1123.17 2 8
blackjack/backend/usecase/game_usecase.go:1123.17,1125.4 1 1
blackjack/backend/usecase/game_usecase.go:1126.3,1126.72 1 7
blackjack/backend/usecase/game_usecase.go:1126.72,1128.4 1 1
blackjack/backend/usecase/game_usecase.go:1129.3,1130.17 2 6
blackjack/backend/usecase/game_usecase.go:1130.17,1132.4 1 1
blackjack/backend/usecase/game_usecase.go:1133.3,1135.50 3 5
blackjack/backend/usecase/game_usecase.go:1135.50,1137.4 1 1
blackjack/backend/usecase/game_usecase.go:1138.3,1139.25 2 4
blackjack/backend/usecase/game_usecase.go:1139.25,1141.4 1 1
blackjack/backend/usecase/game_usecase.go:1142.3,1142.49 1 3
blackjack/backend/usecase/game_usecase.go:1142.49,1145.4 2 2
blackjack/backend/usecase/game_usecase.go:1146.3,1146.51 1 1
blackjack/backend/usecase/game_usecase.go:1151.80,1153.16 2 19
blackjack/backend/usecase/game_usecase.go:1153.16,1155.3 1 1
blackjack/backend/usecase/game_usecase.go:1156.2,1156.127 1 18
blackjack/backend/usecase/game_usecase.go:1156.127,1158.3 1 2
blackjack/backend/usecase/game_usecase.go:1159.2,1160.16 2 16
blackjack/backend/usecase/game_usecase.go:1160.16,1162.3 1 1
blackjack/backend/usecase/game_usecase.go:1163.2,1164.16 2 15
blackjack/backend/usecase/game_usecase.go:1164.16,1166.3 1 1
blackjack/backend/usecase/game_usecase.go:1167.2,1167.23 1 14
blackjack/backend/usecase/game_usecase.go:1167.23,1169.3 1 1
blackjack/backend/usecase/game_usecase.go:1170.2,1172.16 3 13
blackjack/backend/usecase/game_usecase.go:1172.16,1174.3 1 1
blackjack/backend/usecase/game_usecase.go:1175.2,1175.108 1 12
blackjack/backend/usecase/game_usecase.go:1175.108,1176.74 1 1
blackjack/backend/usecase/game_usecase.go:1176.74,1181.4 3 1
blackjack/backend/usecase/game_usecase.go:1183.2,1184.78 2 11
blackjack/backend/usecase/game_usecase.go:1184.78,1186.3 1 1
blackjack/backend/usecase/game_usecase.go:1187.2,1187.83 1 10
blackjack/backend/usecase/game_usecase.go:1187.83,1189.3 1 1
blackjack/backend/usecase/game_usecase.go:1190.2,1191.61 2 9
blackjack/backend/usecase/game_usecase.go:1191.61,1193.3 1 1
blackjack/backend/usecase/game_usecase.go:1194.2,1209.65 8 8
blackjack/backend/usecase/game_usecase.go:1209.65,1211.17 2 8
blackjack/backend/usecase/game_usecase.go:1211.17,1213.4 1 1
blackjack/backend/usecase/game_usecase.go:1214.3,1214.10 1 7
blackjack/backend/usecase/game_usecase.go:1214.10,1216.4 1 1
blackjack/backend/usecase/game_usecase.go:1217.3,1217.59 1 6
blackjack/backend/usecase/game_usecase.go:1217.59,1219.4 1 1
blackjack/backend/usecase/game_usecase.go:1220.3,1220.59 1 5
blackjack/backend/usecase/game_usecase.go:1220.59,1222.4 1 1
blackjack/backend/usecase/game_usecase.go:1223.3,1223.50 1 4
blackjack/backend/usecase/game_usecase.go:1223.50,1225.4 1 1
blackjack/backend/usecase/game_usecase.go:1226.3,1231.17 2 3
blackjack/backend/usecase/game_usecase.go:1231.17,1233.4 1 1
blackjack/backend/usecase/game_usecase.go:1234.3,1234.78 1 2
blackjack/backend/usecase/game_usecase.go:1236.2,1236.16 1 8
blackjack/backend/usecase/game_usecase.go:1236.16,1238.3 1 1
blackjack/backend/usecase/game_usecase.go:1239.2,1239.12 1 8
blackjack/backend/usecase/game_usecase.go:1243.79,1245.16 2 21
blackjack/backend/usecase/game_usecase.go:1245.16,1247.3 1 1
blackjack/backend/usecase/game_usecase.go:1248.2,1248.50 1 20
blackjack/backend/usecase/game_usecase.go:1248.50,1250.3 1 1
blackjack/backend/usecase/game_usecase.go:1251.2,1252.16 2 19
blackjack/backend/usecase/game_usecase.go:1252.16,1254.3 1 2
blackjack/backend/usecase/game_usecase.go:1255.2,1256.16 2 17
blackjack/backend/usecase/game_usecase.go:1256.16,1258.3 1 1
blackjack/backend/usecase/game_usecase.go:1259.2,1259.23 1 16
blackjack/backend/usecase/game_usecase.go:1259.23,1261.3 1 1
blackjack/backend/usecase/game_usecase.go:1262.2,1264.16 3 15
blackjack/backend/usecase/game_usecase.go:1264.16,1266.3 1 1
blackjack/backend/usecase/game_usecase.go:1267.2,1272.51 6 14
blackjack/backend/usecase/game_usecase.go:1272.51,1274.17 2 7
blackjack/backend/usecase/game_usecase.go:1274.17,1276.4 1 1
blackjack/backend/usecase/game_usecase.go:1277.3,1278.62 2 6
blackjack/backend/usecase/game_usecase.go:1278.62,1280.4 1 1
blackjack/backend/usecase/game_usecase.go:1281.3,1281.18 1 5
blackjack/backend/usecase/game_usecase.go:1282.8,1284.17 2 7
blackjack/backend/usecase/game_usecase.go:1284.17,1286.4 1 1
blackjack/backend/usecase/game_usecase.go:1287.3,1288.17 2 6
blackjack/backend/usecase/game_usecase.go:1288.17,1290.4 1 1
blackjack/backend/usecase/game_usecase.go:1291.3,1291.25 1 5
blackjack/backend/usecase/game_usecase.go:1293.2,1295.65 3 10
blackjack/backend/usecase/game_usecase.go:1295.65,1297.17 2 10
blackjack/backend/usecase/game_usecase.go:1297.17,1299.4 1 1
blackjack/backend/usecase/game_usecase.go:1300.3,1300.10 1 9
blackjack/backend/usecase/game_usecase.go:1300.10,1302.4 1 2
blackjack/backend/usecase/game_usecase.go:1303.3,1303.59 1 7
blackjack/backend/usecase/game_usecase.go:1303.59,1305.4 1 1
blackjack/backend/usecase/game_usecase.go:1306.3,1306.22 1 6
blackjack/backend/usecase/game_usecase.go:1306.22,1307.60 1 5
blackjack/backend/usecase/game_usecase.go:1307.60,1309.5 1 1
blackjack/backend/usecase/game_usecase.go:1310.4,1310.59 1 4
blackjack/backend/usecase/game_usecase.go:1310.59,1312.5 1 2
blackjack/backend/usecase/game_usecase.go:1313.4,1313.51 1 2
blackjack/backend/usecase/game_usecase.go:1313.51,1315.5 1 2
blackjack/backend/usecase/game_usecase.go:1317.3,1317.13 1 1
blackjack/backend/usecase/game_usecase.go:1319.2,1319.27 1 10
blackjack/backend/usecase/game_usecase.go:1319.27,1321.3 1 1
blackjack/backend/usecase/game_usecase.go:1322.2,1322.12 1 10
blackjack/backend/usecase/game_usecase.go:1326.43,1330.26 4 31
blackjack/backend/usecase/game_usecase.go:1330.26,1331.27 1 124
blackjack/backend/usecase/game_usecase.go:1331.27,1333.4 1 1612
blackjack/backend/usecase/game_usecase.go:1335.2,1335.37 1 31
blackjack/backend/usecase/game_usecase.go:1335.37,1337.17 2 1581
blackjack/backend/usecase/game_usecase.go:1337.17,1340.12 3 51
blackjack/backend/usecase/game_usecase.go:1342.3,1343.38 2 1530
blackjack/backend/usecase/game_usecase.go:1345.2,1345.13 1 31
blackjack/backend/usecase/hooks.go:13.53,15.3 1 1530
blackjack/backend/usecase/hooks.go:24.99,26.3 1 58
blackjack/backend/usecase/hooks.go:28.85,30.3 1 59
blackjack/backend/usecase/hooks.go:32.81,34.3 1 24
blackjack/backend/usecase/hooks.go:36.85,38.3 1 3
blackjack/backend/usecase/hooks.go:40.84,42.3 1 7
blackjack/backend/usecase/idempotency.go:11.151,12.45 1 48
blackjack/backend/usecase/idempotency.go:12.45,14.3 1 1
blackjack/backend/usecase/idempotency.go:15.2,16.16 2 47
blackjack/backend/usecase/idempotency.go:16.16,17.62 1 7
blackjack/backend/usecase/idempotency.go:17.62,19.4 1 5
blackjack/backend/usecase/idempotency.go:20.3,20.45 1 2
blackjack/backend/usecase/idempotency.go:22.2,22.35 1 40
blackjack/backend/usecase/idempotency.go:22.35,24.3 1 3
blackjack/backend/usecase/idempotency.go:25.2,25.23 1 37
blackjack/backend/usecase/idempotency.go:29.136,32.2 2 13
blackjack/backend/usecase/rate_limit_usecase.go:45.80,57.2 1 11
blackjack/backend/usecase/rate_limit_usecase.go:59.92,68.16 2 2
blackjack/backend/usecase/rate_limit_usecase.go:68.16,70.3 1 1
blackjack/backend/usecase/rate_limit_usecase.go:71.2,75.8 1 1
blackjack/backend/usecase/rate_limit_usecase.go:78.113,80.2 1 2
blackjack/backend/usecase/rate_limit_usecase.go:82.112,84.2 1 4
blackjack/backend/usecase/rate_limit_usecase.go:86.100,89.16 3 3
blackjack/backend/usecase/rate_limit_usecase.go:89.16,91.3 1 1
blackjack/backend/usecase/rate_limit_usecase.go:92.2,97.8 1 2
blackjack/backend/usecase/rate_limit_usecase.go:107.30,113.16 5 6
blackjack/backend/usecase/rate_limit_usecase.go:113.16,115.3 1 1
blackjack/backend/usecase/rate_limit_usecase.go:116.2,116.9 1 5
blackjack/backend/usecase/rate_limit_usecase.go:116.9,123.3 1 1
blackjack/backend/usecase/rate_limit_usecase.go:125.2,126.17 2 4
blackjack/backend/usecase/rate_limit_usecase.go:126.17,133.3 1 1
blackjack/backend/usecase/rate_limit_usecase.go:135.2,137.16 3 3
blackjack/backend/usecase/rate_limit_usecase.go:137.16,139.3 1 1
blackjack/backend/usecase/rate_limit_usecase.go:140.2,140.10 1 2
blackjack/backend/usecase/rate_limit_usecase.go:140.10,147.3 1 1
blackjack/backend/usecase/rate_limit_usecase.go:149.2,150.22 2 1
blackjack/backend/usecase/rate_limit_usecase.go:150.22,152.3 1 1
blackjack/backend/usecase/rate_limit_usecase.go:153.2,158.8 1 1
blackjack/backend/usecase/rate_limit_usecase.go:161.39,163.13 2 8
blackjack/backend/usecase/rate_limit_usecase.go:163.13,165.3 1 1
blackjack/backend/usecase/rate_limit_usecase.go:166.2,167.40 2 7
blackjack/backend/usecase/rate_limit_usecase.go:170.45,174.2 3 5
blackjack/backend/usecase/user_usecase.go:42.45,42.63 1 2
blackjack/backend/usecase/user_usecase.go:43.45,43.67 1 2
blackjack/backend/usecase/user_usecase.go:44.45,44.62 1 1
blackjack/backend/usecase/user_usecase.go:53.75,59.2 1 10
blackjack/backend/usecase/user_usecase.go:62.100,64.67 2 6
blackjack/backend/usecase/user_usecase.go:64.67,66.3 1 1
blackjack/backend/usecase/user_usecase.go:67.2,68.16 2 5
blackjack/backend/usecase/user_usecase.go:68.16,70.3 1 1
blackjack/backend/usecase/user_usecase.go:71.2,80.69 3 4
blackjack/backend/usecase/user_usecase.go:80.69,82.3 1 4
blackjack/backend/usecase/user_usecase.go:82.17,83.41 1 2
blackjack/backend/usecase/user_usecase.go:83.41,85.4 1 1
blackjack/backend/usecase/user_usecase.go:86.3,86.18 1 1
blackjack/backend/usecase/user_usecase.go:89.2,90.16 2 2
blackjack/backend/usecase/user_usecase.go:90.16,92.3 1 1
blackjack/backend/usecase/user_usecase.go:93.2,93.68 1 1
blackjack/backend/usecase/user_usecase.go:97.99,99.16 2 4
blackjack/backend/usecase/user_usecase.go:99.16,101.3 1 1
blackjack/backend/usecase/user_usecase.go:102.2,102.99 1 3
blackjack/backend/usecase/user_usecase.go:102.99,104.3 1 1
blackjack/backend/usecase/user_usecase.go:105.2,106.16 2 2
blackjack/backend/usecase/user_usecase.go:106.16,108.3 1 1
blackjack/backend/usecase/user_usecase.go:109.2,109.68 1 1
blackjack/backend/usecase/user_usecase.go:113.57,116.2 2 1
blackjack/backend/usecase/user_usecase.go:119.83,120.18 1 3
blackjack/backend/usecase/user_usecase.go:120.18,122.3 1 1
blackjack/backend/usecase/user_usecase.go:123.2,124.16 2 2
blackjack/backend/usecase/user_usecase.go:124.16,126.3 1 1
blackjack/backend/usecase/user_usecase.go:127.2,127.18 1 1
