mode: atomic
blackjack/backend/controller/game_controller.go:19.60,23.16 4 7
blackjack/backend/controller/game_controller.go:23.16,24.14 1 6
blackjack/backend/controller/game_controller.go:25.36,26.86 1 1
blackjack/backend/controller/game_controller.go:27.35,28.84 1 1
blackjack/backend/controller/game_controller.go:29.32,30.90 1 1
blackjack/backend/controller/game_controller.go:31.36,32.126 1 1
blackjack/backend/controller/game_controller.go:33.31,34.90 1 1
blackjack/backend/controller/game_controller.go:35.11,36.90 1 1
blackjack/backend/controller/game_controller.go:39.2,43.5 1 1
blackjack/backend/controller/game_controller.go:47.63,51.16 4 6
blackjack/backend/controller/game_controller.go:51.16,52.14 1 5
blackjack/backend/controller/game_controller.go:53.36,54.86 1 1
blackjack/backend/controller/game_controller.go:55.35,56.84 1 1
blackjack/backend/controller/game_controller.go:57.32,58.90 1 1
blackjack/backend/controller/game_controller.go:59.31,60.84 1 1
blackjack/backend/controller/game_controller.go:61.11,62.90 1 1
blackjack/backend/controller/game_controller.go:65.2,66.28 2 1
blackjack/backend/controller/game_controller.go:66.28,68.3 1 1
blackjack/backend/controller/game_controller.go:69.2,72.5 1 1
blackjack/backend/controller/game_controller.go:76.58,80.16 4 21
blackjack/backend/controller/game_controller.go:80.16,81.14 1 19
blackjack/backend/controller/game_controller.go:82.36,83.86 1 3
blackjack/backend/controller/game_controller.go:84.35,85.90 1 3
blackjack/backend/controller/game_controller.go:86.32,87.90 1 3
blackjack/backend/controller/game_controller.go:88.36,89.95 1 3
blackjack/backend/controller/game_controller.go:90.31,91.84 1 4
blackjack/backend/controller/game_controller.go:92.11,93.90 1 3
blackjack/backend/controller/game_controller.go:96.2,101.65 4 2
blackjack/backend/controller/game_controller.go:101.65,103.4 1 2
blackjack/backend/controller/game_controller.go:108.52,110.2 1 8
blackjack/backend/controller/game_controller.go:113.54,115.2 1 4
blackjack/backend/controller/game_controller.go:118.63,119.55 1 10
blackjack/backend/controller/game_controller.go:119.55,121.3 1 1
blackjack/backend/controller/game_controller.go:122.2,125.16 4 9
blackjack/backend/controller/game_controller.go:125.16,126.14 1 7
blackjack/backend/controller/game_controller.go:127.36,128.86 1 2
blackjack/backend/controller/game_controller.go:129.35,130.90 1 2
blackjack/backend/controller/game_controller.go:131.32,132.90 1 1
blackjack/backend/controller/game_controller.go:133.31,134.84 1 1
blackjack/backend/controller/game_controller.go:135.11,136.90 1 1
blackjack/backend/controller/game_controller.go:139.2,142.5 2 2
blackjack/backend/controller/game_controller.go:146.60,150.87 4 4
blackjack/backend/controller/game_controller.go:150.87,152.3 1 1
blackjack/backend/controller/game_controller.go:153.2,155.16 3 3
blackjack/backend/controller/game_controller.go:155.16,158.3 2 1
blackjack/backend/controller/game_controller.go:159.2,164.65 4 2
blackjack/backend/controller/game_controller.go:164.65,166.4 1 2
blackjack/backend/controller/game_controller.go:171.69,175.65 4 12
blackjack/backend/controller/game_controller.go:175.65,177.3 1 3
blackjack/backend/controller/game_controller.go:178.2,178.24 1 9
blackjack/backend/controller/game_controller.go:178.24,180.3 1 1
blackjack/backend/controller/game_controller.go:181.2,187.9 3 8
blackjack/backend/controller/game_controller.go:187.9,189.3 1 4
blackjack/backend/controller/game_controller.go:189.8,191.3 1 4
blackjack/backend/controller/game_controller.go:192.2,192.16 1 8
blackjack/backend/controller/game_controller.go:192.16,195.3 2 4
blackjack/backend/controller/game_controller.go:196.2,201.65 4 4
blackjack/backend/controller/game_controller.go:201.65,203.4 1 4
blackjack/backend/controller/game_controller.go:207.111,208.13 1 12
blackjack/backend/controller/game_controller.go:209.35,210.85 1 1
blackjack/backend/controller/game_controller.go:211.34,212.83 1 1
blackjack/backend/controller/game_controller.go:213.31,214.87 1 1
blackjack/backend/controller/game_controller.go:215.111,217.16 2 2
blackjack/backend/controller/game_controller.go:217.16,219.4 1 1
blackjack/backend/controller/game_controller.go:220.3,220.74 1 2
blackjack/backend/controller/game_controller.go:221.32,223.95 2 3
blackjack/backend/controller/game_controller.go:224.32,226.116 2 1
blackjack/backend/controller/game_controller.go:227.30,228.89 1 2
blackjack/backend/controller/game_controller.go:229.10,230.89 1 1
blackjack/backend/controller/game_ws_controller.go:16.175,17.18 1 14
blackjack/backend/controller/game_ws_controller.go:18.22,20.53 1 4
blackjack/backend/controller/game_ws_controller.go:20.53,23.4 2 1
blackjack/backend/controller/game_ws_controller.go:24.3,26.17 3 3
blackjack/backend/controller/game_ws_controller.go:26.17,31.4 4 2
blackjack/backend/controller/game_ws_controller.go:32.3,35.82 4 1
blackjack/backend/controller/game_ws_controller.go:36.24,38.53 1 3
blackjack/backend/controller/game_ws_controller.go:38.53,41.4 2 1
blackjack/backend/controller/game_ws_controller.go:42.3,44.17 3 2
blackjack/backend/controller/game_ws_controller.go:44.17,49.4 4 1
blackjack/backend/controller/game_ws_controller.go:50.3,53.82 4 1
blackjack/backend/controller/game_ws_controller.go:54.30,56.73 1 3
blackjack/backend/controller/game_ws_controller.go:56.73,59.4 2 1
blackjack/backend/controller/game_ws_controller.go:60.3,62.17 3 2
blackjack/backend/controller/game_ws_controller.go:62.17,67.4 4 1
blackjack/backend/controller/game_ws_controller.go:68.3,71.82 4 1
blackjack/backend/controller/game_ws_controller.go:72.30,75.82 2 1
blackjack/backend/controller/game_ws_controller.go:76.23,79.25 2 2
blackjack/backend/controller/game_ws_controller.go:80.10,82.80 2 1
blackjack/backend/controller/game_ws_controller.go:87.45,88.13 1 16
blackjack/backend/controller/game_ws_controller.go:89.35,90.51 1 1
blackjack/backend/controller/game_ws_controller.go:91.34,92.52 1 3
blackjack/backend/controller/game_ws_controller.go:93.31,94.80 1 1
blackjack/backend/controller/game_ws_controller.go:95.111,96.45 1 4
blackjack/backend/controller/game_ws_controller.go:97.25,98.45 1 1
blackjack/backend/controller/game_ws_controller.go:99.32,101.64 2 3
blackjack/backend/controller/game_ws_controller.go:102.32,104.85 2 1
blackjack/backend/controller/game_ws_controller.go:105.30,106.58 1 1
blackjack/backend/controller/game_ws_controller.go:107.10,108.42 1 1
blackjack/backend/controller/room_controller.go:25.155,27.2 1 113
blackjack/backend/controller/room_controller.go:30.50,42.2 11 1
blackjack/backend/controller/room_controller.go:45.59,48.16 3 3
blackjack/backend/controller/room_controller.go:48.16,49.41 1 2
blackjack/backend/controller/room_controller.go:49.41,51.4 1 1
blackjack/backend/controller/room_controller.go:52.3,52.89 1 1
blackjack/backend/controller/room_controller.go:54.2,56.5 1 1
blackjack/backend/controller/room_controller.go:60.57,64.16 4 7
blackjack/backend/controller/room_controller.go:64.16,65.14 1 6
blackjack/backend/controller/room_controller.go:66.36,67.86 1 1
blackjack/backend/controller/room_controller.go:68.35,69.93 1 1
blackjack/backend/controller/room_controller.go:70.26,71.77 1 1
blackjack/backend/controller/room_controller.go:72.36,73.94 1 1
blackjack/backend/controller/room_controller.go:74.32,75.90 1 1
blackjack/backend/controller/room_controller.go:76.11,77.90 1 1
blackjack/backend/controller/room_controller.go:80.2,80.34 1 1
blackjack/backend/controller/room_controller.go:80.34,83.3 2 1
blackjack/backend/controller/room_controller.go:84.2,87.5 2 1
blackjack/backend/controller/room_controller.go:91.58,95.16 4 6
blackjack/backend/controller/room_controller.go:95.16,96.14 1 5
blackjack/backend/controller/room_controller.go:97.36,98.86 1 1
blackjack/backend/controller/room_controller.go:99.32,100.90 1 1
blackjack/backend/controller/room_controller.go:101.36,102.108 1 1
blackjack/backend/controller/room_controller.go:103.31,104.93 1 1
blackjack/backend/controller/room_controller.go:105.11,106.90 1 1
blackjack/backend/controller/room_controller.go:109.2,109.21 1 1
blackjack/backend/controller/room_controller.go:109.21,115.3 1 1
blackjack/backend/controller/room_controller.go:116.2,119.5 2 1
blackjack/backend/controller/room_controller.go:123.56,127.16 4 10
blackjack/backend/controller/room_controller.go:127.16,128.14 1 6
blackjack/backend/controller/room_controller.go:129.36,130.86 1 1
blackjack/backend/controller/room_controller.go:131.35,132.84 1 1
blackjack/backend/controller/room_controller.go:133.32,134.90 1 1
blackjack/backend/controller/room_controller.go:135.31,136.84 1 1
blackjack/backend/controller/room_controller.go:137.11,138.90 1 2
blackjack/backend/controller/room_controller.go:141.2,144.17 2 4
blackjack/backend/controller/room_controller.go:144.17,146.61 2 2
blackjack/backend/controller/room_controller.go:146.61,148.4 1 2
blackjack/backend/controller/room_controller.go:149.3,149.20 1 2
blackjack/backend/controller/room_controller.go:151.2,151.44 1 4
blackjack/backend/controller/room_controller.go:155.58,158.16 3 3
blackjack/backend/controller/room_controller.go:158.16,159.41 1 2
blackjack/backend/controller/room_controller.go:159.41,161.4 1 1
blackjack/backend/controller/room_controller.go:162.3,162.89 1 1
blackjack/backend/controller/room_controller.go:164.2,165.29 2 1
blackjack/backend/controller/room_controller.go:165.29,167.3 1 1
blackjack/backend/controller/room_controller.go:168.2,168.71 1 1
blackjack/backend/controller/room_controller.go:171.58,177.2 1 18
blackjack/backend/controller/room_controller.go:179.69,182.2 2 10
blackjack/backend/controller/room_ws_controller.go:41.42,41.57 1 0
blackjack/backend/controller/room_ws_controller.go:47.90,49.3 1 7
blackjack/backend/controller/room_ws_controller.go:50.110,52.3 1 10
blackjack/backend/controller/room_ws_controller.go:53.94,55.3 1 7
blackjack/backend/controller/room_ws_controller.go:60.57,62.28 2 6
blackjack/backend/controller/room_ws_controller.go:62.28,64.14 2 2
blackjack/backend/controller/room_ws_controller.go:64.14,66.4 1 1
blackjack/backend/controller/room_ws_controller.go:68.2,68.23 1 6
blackjack/backend/controller/room_ws_controller.go:68.23,69.55 1 5
blackjack/backend/controller/room_ws_controller.go:69.55,69.70 1 13
blackjack/backend/controller/room_ws_controller.go:70.3,70.9 1 5
blackjack/backend/controller/room_ws_controller.go:72.2,72.54 1 1
blackjack/backend/controller/room_ws_controller.go:72.54,74.29 2 2
blackjack/backend/controller/room_ws_controller.go:74.29,75.19 1 2
blackjack/backend/controller/room_ws_controller.go:75.19,77.5 1 1
blackjack/backend/controller/room_ws_controller.go:79.3,79.15 1 1
blackjack/backend/controller/room_ws_controller.go:84.38,86.13 2 5
blackjack/backend/controller/room_ws_controller.go:86.13,88.3 1 3
blackjack/backend/controller/room_ws_controller.go:89.2,90.16 2 2
blackjack/backend/controller/room_ws_controller.go:90.16,92.3 1 1
blackjack/backend/controller/room_ws_controller.go:93.2,93.10 1 1
blackjack/backend/controller/room_ws_controller.go:98.83,100.13 2 15
blackjack/backend/controller/room_ws_controller.go:100.13,102.3 1 7
blackjack/backend/controller/room_ws_controller.go:105.54,107.2 1 10
blackjack/backend/controller/room_ws_controller.go:109.53,111.2 1 27
blackjack/backend/controller/room_ws_controller.go:113.89,114.25 1 11
blackjack/backend/controller/room_ws_controller.go:114.25,116.3 1 2
blackjack/backend/controller/room_ws_controller.go:117.2,118.16 2 9
blackjack/backend/controller/room_ws_controller.go:118.16,120.3 1 3
blackjack/backend/controller/room_ws_controller.go:121.2,121.109 1 6
blackjack/backend/controller/room_ws_controller.go:121.109,123.3 1 1
blackjack/backend/controller/room_ws_controller.go:124.2,124.19 1 5
blackjack/backend/controller/room_ws_controller.go:127.92,128.39 1 8
blackjack/backend/controller/room_ws_controller.go:128.39,130.3 1 1
blackjack/backend/controller/room_ws_controller.go:131.2,131.93 1 7
blackjack/backend/controller/room_ws_controller.go:134.102,135.39 1 14
blackjack/backend/controller/room_ws_controller.go:135.39,137.3 1 2
blackjack/backend/controller/room_ws_controller.go:138.2,139.22 2 12
blackjack/backend/controller/room_ws_controller.go:139.22,141.3 1 1
blackjack/backend/controller/room_ws_controller.go:142.2,142.16 1 11
blackjack/backend/controller/room_ws_controller.go:142.16,144.3 1 4
blackjack/backend/controller/room_ws_controller.go:145.2,145.30 1 7
blackjack/backend/controller/room_ws_controller.go:148.41,150.15 2 15
blackjack/backend/controller/room_ws_controller.go:150.15,152.3 1 13
blackjack/backend/controller/room_ws_controller.go:153.2,154.26 2 2
blackjack/backend/controller/room_ws_controller.go:154.26,156.3 1 1
blackjack/backend/controller/room_ws_controller.go:157.2,157.10 1 1
blackjack/backend/controller/room_ws_controller.go:160.48,162.14 2 18
blackjack/backend/controller/room_ws_controller.go:162.14,164.3 1 1
blackjack/backend/controller/room_ws_controller.go:165.2,165.28 1 18
blackjack/backend/controller/room_ws_controller.go:169.55,171.18 2 16
blackjack/backend/controller/room_ws_controller.go:171.18,173.3 1 1
blackjack/backend/controller/room_ws_controller.go:174.2,175.22 2 15
blackjack/backend/controller/room_ws_controller.go:175.22,177.17 2 10
blackjack/backend/controller/room_ws_controller.go:177.17,179.4 1 1
blackjack/backend/controller/room_ws_controller.go:180.3,180.22 1 9
blackjack/backend/controller/room_ws_controller.go:180.22,183.4 2 1
blackjack/backend/controller/room_ws_controller.go:185.2,186.16 2 13
blackjack/backend/controller/room_ws_controller.go:186.16,188.3 1 1
blackjack/backend/controller/room_ws_controller.go:189.2,195.16 6 12
blackjack/backend/controller/room_ws_controller.go:195.16,198.3 2 1
blackjack/backend/controller/room_ws_controller.go:199.2,202.139 3 11
blackjack/backend/controller/room_ws_controller.go:202.139,206.3 3 1
blackjack/backend/controller/room_ws_controller.go:207.2,208.16 2 10
blackjack/backend/controller/room_ws_controller.go:208.16,212.3 3 1
blackjack/backend/controller/room_ws_controller.go:213.2,214.16 2 9
blackjack/backend/controller/room_ws_controller.go:214.16,218.3 3 1
blackjack/backend/controller/room_ws_controller.go:219.2,219.22 1 8
blackjack/backend/controller/room_ws_controller.go:219.22,221.17 2 8
blackjack/backend/controller/room_ws_controller.go:221.17,225.4 3 1
blackjack/backend/controller/room_ws_controller.go:226.3,226.22 1 7
blackjack/backend/controller/room_ws_controller.go:226.22,230.4 3 1
blackjack/backend/controller/room_ws_controller.go:232.2,233.16 2 6
blackjack/backend/controller/room_ws_controller.go:233.16,237.3 3 1
blackjack/backend/controller/room_ws_controller.go:238.2,239.117 2 5
blackjack/backend/controller/room_ws_controller.go:239.117,243.3 3 1
blackjack/backend/controller/room_ws_controller.go:244.2,246.16 3 4
blackjack/backend/controller/room_ws_controller.go:246.16,249.3 2 1
blackjack/backend/controller/room_ws_controller.go:250.2,251.17 2 4
blackjack/backend/controller/room_ws_controller.go:251.17,254.3 2 1
blackjack/backend/controller/room_ws_controller.go:255.2,266.12 7 4
blackjack/backend/controller/room_ws_controller.go:266.12,267.16 1 4
blackjack/backend/controller/room_ws_controller.go:267.16,270.23 3 4
blackjack/backend/controller/room_ws_controller.go:270.23,273.5 1 1
blackjack/backend/controller/room_ws_controller.go:274.4,274.64 1 4
blackjack/backend/controller/room_ws_controller.go:274.64,276.5 1 2
blackjack/backend/controller/room_ws_controller.go:277.4,279.20 3 4
blackjack/backend/controller/room_ws_controller.go:281.3,281.7 1 4
blackjack/backend/controller/room_ws_controller.go:281.7,284.18 3 11
blackjack/backend/controller/room_ws_controller.go:284.18,286.5 1 3
blackjack/backend/controller/room_ws_controller.go:287.4,287.24 1 8
blackjack/backend/controller/room_ws_controller.go:287.24,290.19 2 8
blackjack/backend/controller/room_ws_controller.go:290.19,292.14 2 1
blackjack/backend/controller/room_ws_controller.go:294.5,294.24 1 7
blackjack/backend/controller/room_ws_controller.go:294.24,296.14 2 1
blackjack/backend/controller/room_ws_controller.go:299.4,300.52 2 6
blackjack/backend/controller/room_ws_controller.go:300.52,302.13 2 1
blackjack/backend/controller/room_ws_controller.go:304.4,304.99 1 5
blackjack/backend/controller/room_ws_controller.go:304.99,306.13 2 1
blackjack/backend/controller/room_ws_controller.go:308.4,309.18 2 4
blackjack/backend/controller/room_ws_controller.go:309.18,311.13 2 1
blackjack/backend/controller/room_ws_controller.go:313.4,313.23 1 3
blackjack/backend/controller/room_ws_controller.go:313.23,320.5 3 1
blackjack/backend/controller/room_ws_controller.go:321.4,321.74 1 2
blackjack/backend/controller/room_ws_controller.go:324.2,324.12 1 4
blackjack/backend/controller/room_ws_controller.go:328.105,330.25 2 23
blackjack/backend/controller/room_ws_controller.go:330.25,332.3 1 1
blackjack/backend/controller/room_ws_controller.go:336.100,338.2 1 1
blackjack/backend/controller/room_ws_controller.go:341.110,344.35 2 27
blackjack/backend/controller/room_ws_controller.go:344.35,346.17 2 8
blackjack/backend/controller/room_ws_controller.go:346.17,347.12 1 1
blackjack/backend/controller/room_ws_controller.go:349.3,354.48 3 7
blackjack/backend/controller/room_ws_controller.go:354.48,357.4 2 1
blackjack/backend/controller/room_ws_controller.go:362.80,364.2 1 1
blackjack/backend/controller/room_ws_controller.go:367.75,375.2 7 33
blackjack/backend/controller/room_ws_controller.go:378.79,380.2 1 20
blackjack/backend/controller/room_ws_controller.go:382.108,384.2 1 3
blackjack/backend/controller/room_ws_controller.go:386.112,397.2 2 23
blackjack/backend/controller/room_ws_controller.go:400.56,403.2 2 3
blackjack/backend/controller/room_ws_controller.go:406.81,425.22 2 10
blackjack/backend/controller/room_ws_controller.go:425.22,436.38 11 5
blackjack/backend/controller/room_ws_controller.go:436.38,439.4 2 2
blackjack/backend/controller/room_ws_controller.go:440.3,440.41 1 5
blackjack/backend/controller/room_ws_controller.go:440.41,443.4 2 2
blackjack/backend/controller/room_ws_controller.go:445.2,445.21 1 10
blackjack/backend/controller/room_ws_controller.go:445.21,447.35 2 2
blackjack/backend/controller/room_ws_controller.go:447.35,448.37 1 4
blackjack/backend/controller/room_ws_controller.go:448.37,449.13 1 2
blackjack/backend/controller/room_ws_controller.go:451.4,451.44 1 2
blackjack/backend/controller/room_ws_controller.go:453.3,457.4 1 2
blackjack/backend/controller/room_ws_controller.go:459.2,460.30 2 10
blackjack/backend/controller/room_ws_controller.go:460.30,468.16 2 4
blackjack/backend/controller/room_ws_controller.go:468.16,471.29 2 2
blackjack/backend/controller/room_ws_controller.go:471.29,473.5 1 2
blackjack/backend/controller/room_ws_controller.go:474.4,474.21 1 2
blackjack/backend/controller/room_ws_controller.go:476.3,476.23 1 4
blackjack/backend/controller/room_ws_controller.go:476.23,479.4 2 2
blackjack/backend/controller/room_ws_controller.go:480.3,481.34 2 4
blackjack/backend/controller/room_ws_controller.go:483.2,489.12 3 10
blackjack/backend/controller/room_ws_controller.go:493.93,496.28 3 7
blackjack/backend/controller/room_ws_controller.go:496.28,498.3 1 5
blackjack/backend/controller/room_ws_controller.go:499.2,501.16 3 7
blackjack/backend/controller/room_ws_controller.go:501.16,503.3 1 2
blackjack/backend/controller/room_ws_controller.go:504.2,506.12 3 7
blackjack/backend/controller/room_ws_controller.go:510.63,513.28 3 7
blackjack/backend/controller/room_ws_controller.go:513.28,515.3 1 2
blackjack/backend/controller/room_ws_controller.go:516.2,517.37 2 5
blackjack/backend/controller/room_ws_controller.go:517.37,518.22 1 5
blackjack/backend/controller/room_ws_controller.go:518.22,520.4 1 4
blackjack/backend/controller/room_ws_controller.go:522.2,522.31 1 5
blackjack/backend/controller/room_ws_controller.go:522.31,524.3 1 4
blackjack/backend/controller/room_ws_controller.go:528.74,532.36 4 28
blackjack/backend/controller/room_ws_controller.go:532.36,534.3 1 9
blackjack/backend/controller/room_ws_controller.go:535.2,535.12 1 28
blackjack/backend/controller/room_ws_controller.go:539.78,543.2 3 6
blackjack/backend/controller/user_controller.go:24.66,26.2 1 11
blackjack/backend/controller/user_controller.go:29.50,34.2 4 1
blackjack/backend/controller/user_controller.go:37.55,39.81 2 5
blackjack/backend/controller/user_controller.go:39.81,41.3 1 1
blackjack/backend/controller/user_controller.go:42.2,43.16 2 4
blackjack/backend/controller/user_controller.go:43.16,44.10 1 3
blackjack/backend/controller/user_controller.go:45.48,46.137 1 1
blackjack/backend/controller/user_controller.go:47.49,48.93 1 1
blackjack/backend/controller/user_controller.go:49.11,50.90 1 1
blackjack/backend/controller/user_controller.go:53.2,61.5 1 1
blackjack/backend/controller/user_controller.go:65.54,67.81 2 4
blackjack/backend/controller/user_controller.go:67.81,69.3 1 1
blackjack/backend/controller/user_controller.go:70.2,71.16 2 3
blackjack/backend/controller/user_controller.go:71.16,72.46 1 2
blackjack/backend/controller/user_controller.go:72.46,74.4 1 1
blackjack/backend/controller/user_controller.go:75.3,75.89 1 1
blackjack/backend/controller/user_controller.go:77.2,85.5 1 1
blackjack/backend/controller/user_controller.go:89.55,92.2 2 1
blackjack/backend/controller/user_controller.go:95.51,97.18 2 3
blackjack/backend/controller/user_controller.go:97.18,99.3 1 1
blackjack/backend/controller/user_controller.go:100.2,101.16 2 2
blackjack/backend/controller/user_controller.go:101.16,103.3 1 1
blackjack/backend/controller/user_controller.go:104.2,107.5 1 1
blackjack/backend/controller/ws_audit.go:21.198,22.15 1 18
blackjack/backend/controller/ws_audit.go:22.15,24.3 1 10
blackjack/backend/controller/ws_audit.go:25.2,26.17 2 8
blackjack/backend/controller/ws_audit.go:26.17,28.3 1 8
blackjack/backend/controller/ws_audit.go:29.2,30.26 2 8
blackjack/backend/controller/ws_audit.go:30.26,32.3 1 1
blackjack/backend/controller/ws_audit.go:33.2,51.79 3 8
