mode: atomic
blackjack/backend/dto/http_payloads.go:54.123,61.2 1 0
blackjack/backend/dto/mapper.go:9.45,10.14 1 0
blackjack/backend/dto/mapper.go:10.14,12.3 1 0
blackjack/backend/dto/mapper.go:13.2,16.3 1 0
blackjack/backend/dto/mapper.go:19.93,20.14 1 0
blackjack/backend/dto/mapper.go:20.14,22.3 1 0
blackjack/backend/dto/mapper.go:23.2,30.50 2 0
blackjack/backend/dto/mapper.go:30.50,33.3 2 0
blackjack/backend/dto/mapper.go:34.2,34.53 1 0
blackjack/backend/dto/mapper.go:34.53,37.3 2 0
blackjack/backend/dto/mapper.go:38.2,38.12 1 0
blackjack/backend/dto/response.go:8.43,10.2 1 1
blackjack/backend/dto/response.go:22.46,30.2 1 1
blackjack/backend/auditlog/entry.go:22.18,40.26 2 1
blackjack/backend/auditlog/entry.go:40.26,42.3 1 1
blackjack/backend/auditlog/entry.go:43.2,43.10 1 1
blackjack/backend/auditlog/entry.go:47.53,49.16 2 2
blackjack/backend/auditlog/entry.go:49.16,51.3 1 1
blackjack/backend/auditlog/entry.go:52.2,52.24 1 1
blackjack/backend/db/db.go:12.41,13.15 1 2
blackjack/backend/db/db.go:13.15,15.3 1 1
blackjack/backend/db/db.go:16.2,17.16 2 1
blackjack/backend/db/db.go:17.16,19.3 1 1
blackjack/backend/db/db.go:20.2,21.16 2 0
blackjack/backend/db/db.go:21.16,23.3 1 0
blackjack/backend/db/db.go:24.2,27.17 4 0
blackjack/backend/db/db.go:30.52,32.16 2 1
blackjack/backend/db/db.go:32.16,34.3 1 0
blackjack/backend/db/db.go:35.2,35.31 1 0
blackjack/backend/db/migrate.go:11.34,23.16 1 0
blackjack/backend/db/migrate.go:23.16,25.3 1 0
blackjack/backend/db/migrate.go:26.2,26.47 1 0
blackjack/backend/db/migrate.go:26.47,28.3 1 0
blackjack/backend/db/migrate.go:29.2,29.54 1 0
blackjack/backend/db/migrate.go:35.67,41.2 3 0
blackjack/backend/db/migrate.go:43.44,59.26 2 0
blackjack/backend/db/migrate.go:59.26,64.43 2 0
blackjack/backend/db/migrate.go:64.43,66.4 1 0
blackjack/backend/db/migrate.go:68.2,68.12 1 0
blackjack/backend/jwtauth/jwt.go:15.130,16.22 1 2
blackjack/backend/jwtauth/jwt.go:16.22,18.3 1 1
blackjack/backend/jwtauth/jwt.go:19.2,30.16 7 1
blackjack/backend/jwtauth/jwt.go:30.16,32.3 1 0
blackjack/backend/jwtauth/jwt.go:33.2,33.36 1 1
blackjack/backend/jwtauth/jwt.go:37.90,38.22 1 3
blackjack/backend/jwtauth/jwt.go:38.22,40.3 1 1
blackjack/backend/jwtauth/jwt.go:41.2,41.104 1 2
blackjack/backend/jwtauth/jwt.go:41.104,42.41 1 1
blackjack/backend/jwtauth/jwt.go:42.41,44.4 1 0
blackjack/backend/jwtauth/jwt.go:45.3,45.21 1 1
blackjack/backend/jwtauth/jwt.go:47.2,47.30 1 2
blackjack/backend/jwtauth/jwt.go:47.30,49.3 1 1
blackjack/backend/jwtauth/jwt.go:50.2,51.33 2 1
blackjack/backend/jwtauth/jwt.go:51.33,53.3 1 0
blackjack/backend/jwtauth/jwt.go:54.2,54.39 1 1
blackjack/backend/adapter/blackjackadapter/cards_convert.go:10.55,12.25 2 9
blackjack/backend/adapter/blackjackadapter/cards_convert.go:12.25,17.3 1 17
blackjack/backend/adapter/blackjackadapter/cards_convert.go:18.2,18.12 1 9
blackjack/backend/adapter/blackjackadapter/cards_convert.go:21.54,23.22 2 3
blackjack/backend/adapter/blackjackadapter/cards_convert.go:23.22,25.3 1 6
blackjack/backend/adapter/blackjackadapter/cards_convert.go:26.2,26.12 1 3
blackjack/backend/adapter/blackjackadapter/cards_convert.go:29.50,34.2 1 7
blackjack/backend/adapter/blackjackadapter/cards_convert.go:36.40,37.11 1 21
blackjack/backend/adapter/blackjackadapter/cards_convert.go:38.17,39.13 1 3
blackjack/backend/adapter/blackjackadapter/cards_convert.go:40.17,41.13 1 2
blackjack/backend/adapter/blackjackadapter/cards_convert.go:42.19,43.13 1 1
blackjack/backend/adapter/blackjackadapter/cards_convert.go:44.18,45.13 1 1
blackjack/backend/adapter/blackjackadapter/cards_convert.go:46.18,47.13 1 1
blackjack/backend/adapter/blackjackadapter/cards_convert.go:48.17,49.13 1 1
blackjack/backend/adapter/blackjackadapter/cards_convert.go:50.19,51.13 1 1
blackjack/backend/adapter/blackjackadapter/cards_convert.go:52.19,53.13 1 1
blackjack/backend/adapter/blackjackadapter/cards_convert.go:54.18,55.13 1 3
blackjack/backend/adapter/blackjackadapter/cards_convert.go:56.17,57.14 1 2
blackjack/backend/adapter/blackjackadapter/cards_convert.go:58.18,59.13 1 1
blackjack/backend/adapter/blackjackadapter/cards_convert.go:60.19,61.13 1 1
blackjack/backend/adapter/blackjackadapter/cards_convert.go:62.18,63.13 1 2
blackjack/backend/adapter/blackjackadapter/cards_convert.go:64.10,65.13 1 1
blackjack/backend/adapter/blackjackadapter/cards_convert.go:69.40,70.11 1 12
blackjack/backend/adapter/blackjackadapter/cards_convert.go:71.20,72.13 1 4
blackjack/backend/adapter/blackjackadapter/cards_convert.go:73.20,74.13 1 3
blackjack/backend/adapter/blackjackadapter/cards_convert.go:75.22,76.13 1 2
blackjack/backend/adapter/blackjackadapter/cards_convert.go:77.19,78.13 1 2
blackjack/backend/adapter/blackjackadapter/cards_convert.go:79.10,80.13 1 1
blackjack/backend/adapter/blackjackadapter/cards_convert.go:84.34,85.11 1 23
blackjack/backend/adapter/blackjackadapter/cards_convert.go:86.11,87.22 1 7
blackjack/backend/adapter/blackjackadapter/cards_convert.go:88.11,89.22 1 7
blackjack/backend/adapter/blackjackadapter/cards_convert.go:90.11,91.24 1 4
blackjack/backend/adapter/blackjackadapter/cards_convert.go:92.11,93.21 1 4
blackjack/backend/adapter/blackjackadapter/cards_convert.go:94.10,95.24 1 1
blackjack/backend/adapter/blackjackadapter/cards_convert.go:99.34,100.11 1 32
blackjack/backend/adapter/blackjackadapter/cards_convert.go:101.11,102.19 1 3
blackjack/backend/adapter/blackjackadapter/cards_convert.go:103.11,104.19 1 2
blackjack/backend/adapter/blackjackadapter/cards_convert.go:105.11,106.21 1 1
blackjack/backend/adapter/blackjackadapter/cards_convert.go:107.11,108.20 1 1
blackjack/backend/adapter/blackjackadapter/cards_convert.go:109.11,110.20 1 1
blackjack/backend/adapter/blackjackadapter/cards_convert.go:111.11,112.19 1 2
blackjack/backend/adapter/blackjackadapter/cards_convert.go:113.11,114.21 1 4
blackjack/backend/adapter/blackjackadapter/cards_convert.go:115.11,116.21 1 1
blackjack/backend/adapter/blackjackadapter/cards_convert.go:117.11,118.20 1 5
blackjack/backend/adapter/blackjackadapter/cards_convert.go:119.12,120.19 1 5
blackjack/backend/adapter/blackjackadapter/cards_convert.go:121.11,122.20 1 1
blackjack/backend/adapter/blackjackadapter/cards_convert.go:123.11,124.21 1 1
blackjack/backend/adapter/blackjackadapter/cards_convert.go:125.11,126.20 1 4
blackjack/backend/adapter/blackjackadapter/cards_convert.go:127.10,128.24 1 1
blackjack/backend/adapter/blackjackadapter/evaluator.go:9.40,11.2 1 2
blackjack/backend/adapter/blackjackadapter/evaluator.go:13.60,16.2 2 2
blackjack/backend/adapter/blackjackadapter/evaluator.go:18.67,21.2 2 2
blackjack/backend/adapter/blackjackadapter/evaluator.go:23.62,26.2 2 2
blackjack/backend/adapter/blackjackadapter/evaluator.go:28.62,32.2 3 1
blackjack/backend/adapter/blackjackadapter/evaluator.go:34.45,36.25 2 2
blackjack/backend/adapter/blackjackadapter/evaluator.go:36.25,37.17 1 15
blackjack/backend/adapter/blackjackadapter/evaluator.go:38.12,39.14 1 2
blackjack/backend/adapter/blackjackadapter/evaluator.go:40.28,41.15 1 4
blackjack/backend/adapter/blackjackadapter/evaluator.go:42.12,43.14 1 1
blackjack/backend/adapter/blackjackadapter/evaluator.go:44.12,45.14 1 1
blackjack/backend/adapter/blackjackadapter/evaluator.go:46.12,47.14 1 1
blackjack/backend/adapter/blackjackadapter/evaluator.go:48.12,49.14 1 2
blackjack/backend/adapter/blackjackadapter/evaluator.go:50.12,51.14 1 1
blackjack/backend/adapter/blackjackadapter/evaluator.go:52.12,53.14 1 1
blackjack/backend/adapter/blackjackadapter/evaluator.go:54.12,55.14 1 1
blackjack/backend/adapter/blackjackadapter/evaluator.go:56.12,57.14 1 1
blackjack/backend/adapter/blackjackadapter/evaluator.go:60.2,60.14 1 2
blackjack/backend/adapter/blackjackadapter/round_engine.go:13.41,15.2 1 1
blackjack/backend/adapter/blackjackadapter/round_engine.go:17.115,22.2 4 1
blackjack/backend/adapter/blackjackadapter/round_engine.go:24.129,26.2 1 1
blackjack/backend/migrations/migrate.go:15.28,16.15 1 4
blackjack/backend/migrations/migrate.go:16.15,18.3 1 1
blackjack/backend/migrations/migrate.go:19.2,20.16 2 3
blackjack/backend/migrations/migrate.go:20.16,22.3 1 1
blackjack/backend/migrations/migrate.go:23.2,23.23 1 2
blackjack/backend/migrations/migrate.go:26.13,28.33 2 0
blackjack/backend/migrations/migrate.go:28.33,30.3 1 0
blackjack/backend/migrations/migrate.go:32.2,32.36 1 0
blackjack/backend/model/dealer_policy.go:17.99,19.23 1 5
blackjack/backend/model/dealer_policy.go:19.23,21.3 1 1
blackjack/backend/model/dealer_policy.go:23.2,25.34 2 4
blackjack/backend/model/dealer_policy.go:25.34,27.3 1 2
blackjack/backend/model/dealer_policy.go:28.2,28.13 1 2
blackjack/backend/model/dealer_policy.go:28.13,30.3 1 1
blackjack/backend/model/dealer_policy.go:31.2,31.31 1 1
blackjack/backend/model/deck.go:3.51,4.18 1 0
blackjack/backend/model/deck.go:4.18,6.3 1 0
blackjack/backend/model/deck.go:6.8,8.3 1 0
blackjack/backend/model/deck.go:9.2,9.17 1 0
blackjack/backend/model/deck.go:12.54,13.50 1 0
blackjack/backend/model/deck.go:13.50,15.3 1 0
blackjack/backend/model/deck.go:16.2,16.32 1 0
blackjack/backend/model/deck.go:16.32,18.3 1 0
blackjack/backend/model/deck.go:19.2,21.15 3 0
blackjack/backend/model/deck.go:24.48,25.50 1 0
blackjack/backend/model/deck.go:25.50,27.3 1 0
blackjack/backend/model/deck.go:28.2,28.34 1 0
blackjack/backend/model/entities.go:22.66,23.34 1 0
blackjack/backend/model/entities.go:23.34,25.3 1 0
blackjack/backend/model/entities.go:26.2,26.17 1 0
blackjack/backend/model/entities.go:26.17,28.3 1 0
blackjack/backend/model/entities.go:29.2,35.8 1 0
blackjack/backend/model/entities.go:38.36,39.18 1 0
blackjack/backend/model/entities.go:39.18,41.3 1 0
blackjack/backend/model/entities.go:44.87,45.28 1 0
blackjack/backend/model/entities.go:45.28,47.3 1 0
blackjack/backend/model/entities.go:48.2,48.28 1 0
blackjack/backend/model/entities.go:48.28,50.3 1 0
blackjack/backend/model/entities.go:51.2,51.22 1 0
blackjack/backend/model/entities.go:51.22,54.3 2 0
blackjack/backend/model/entities.go:55.2,55.29 1 0
blackjack/backend/model/entities.go:55.29,58.3 2 0
blackjack/backend/model/entities.go:59.2,60.12 2 0
blackjack/backend/model/entities.go:79.89,80.30 1 0
blackjack/backend/model/entities.go:80.30,82.3 1 0
blackjack/backend/model/entities.go:83.2,83.18 1 0
blackjack/backend/model/entities.go:83.18,85.3 1 0
blackjack/backend/model/entities.go:86.2,86.17 1 0
blackjack/backend/model/entities.go:86.17,88.3 1 0
blackjack/backend/model/entities.go:89.2,99.8 1 0
blackjack/backend/model/entities.go:102.43,103.18 1 0
blackjack/backend/model/entities.go:103.18,105.3 1 0
blackjack/backend/model/entities.go:108.54,110.2 1 0
blackjack/backend/model/entities.go:112.58,113.19 1 0
blackjack/backend/model/entities.go:113.19,115.3 1 0
blackjack/backend/model/entities.go:116.2,116.27 1 0
blackjack/backend/model/entities.go:116.27,118.3 1 0
blackjack/backend/model/entities.go:119.2,119.12 1 0
blackjack/backend/model/entities.go:122.42,124.2 1 0
blackjack/backend/model/entities.go:126.62,127.21 1 0
blackjack/backend/model/entities.go:127.21,129.3 1 0
blackjack/backend/model/entities.go:131.2,131.18 1 0
blackjack/backend/model/entities.go:132.28,133.38 1 0
blackjack/backend/model/entities.go:133.38,135.4 1 0
blackjack/backend/model/entities.go:136.31,137.38 1 0
blackjack/backend/model/entities.go:137.38,139.4 1 0
blackjack/backend/model/entities.go:140.31,141.34 1 0
blackjack/backend/model/entities.go:141.34,143.4 1 0
blackjack/backend/model/entities.go:144.27,145.37 1 0
blackjack/backend/model/entities.go:145.37,147.4 1 0
blackjack/backend/model/entities.go:148.30,149.30 1 0
blackjack/backend/model/entities.go:150.10,151.26 1 0
blackjack/backend/model/entities.go:154.2,155.12 2 0
blackjack/backend/model/entities.go:168.81,169.37 1 0
blackjack/backend/model/entities.go:169.37,171.3 1 0
blackjack/backend/model/entities.go:172.2,172.17 1 0
blackjack/backend/model/entities.go:172.17,174.3 1 0
blackjack/backend/model/entities.go:175.2,181.8 1 0
blackjack/backend/model/entities.go:184.48,186.2 1 0
blackjack/backend/model/entities.go:188.58,189.21 1 0
blackjack/backend/model/entities.go:189.21,191.3 1 0
blackjack/backend/model/entities.go:192.2,193.12 2 0
blackjack/backend/model/entities.go:196.37,198.2 1 0
blackjack/backend/model/entities.go:200.62,201.18 1 0
blackjack/backend/model/entities.go:201.18,203.3 1 0
blackjack/backend/model/entities.go:204.2,206.12 3 0
blackjack/backend/model/entities.go:216.61,217.21 1 0
blackjack/backend/model/entities.go:217.21,219.3 1 0
blackjack/backend/model/entities.go:220.2,224.8 1 0
blackjack/backend/model/entities.go:227.48,229.2 1 0
blackjack/backend/model/entities.go:231.36,233.2 1 0
blackjack/backend/model/entities.go:235.44,237.2 1 0
blackjack/backend/model/entities.go:250.37,251.96 1 0
blackjack/backend/model/entities.go:251.96,253.3 1 0
blackjack/backend/model/entities.go:254.2,254.28 1 0
blackjack/backend/model/entities.go:254.28,256.3 1 0
blackjack/backend/model/entities.go:257.2,257.57 1 0
blackjack/backend/model/entities.go:257.57,259.3 1 0
blackjack/backend/model/entities.go:260.2,260.12 1 0
blackjack/backend/model/entities.go:269.39,270.41 1 0
blackjack/backend/model/entities.go:270.41,272.3 1 0
blackjack/backend/model/entities.go:273.2,273.12 1 0
blackjack/backend/model/intermediate_strategy.go:5.91,6.43 1 0
blackjack/backend/model/intermediate_strategy.go:6.43,8.3 1 0
blackjack/backend/model/intermediate_strategy.go:10.2,11.23 2 0
blackjack/backend/model/intermediate_strategy.go:11.23,13.3 1 0
blackjack/backend/model/intermediate_strategy.go:14.2,14.39 1 0
blackjack/backend/model/intermediate_strategy.go:17.38,18.16 1 0
blackjack/backend/model/intermediate_strategy.go:19.11,20.12 1 0
blackjack/backend/model/intermediate_strategy.go:21.27,22.12 1 0
blackjack/backend/model/intermediate_strategy.go:23.11,24.11 1 0
blackjack/backend/model/intermediate_strategy.go:25.11,26.11 1 0
blackjack/backend/model/intermediate_strategy.go:27.11,28.11 1 0
blackjack/backend/model/intermediate_strategy.go:29.11,30.11 1 0
blackjack/backend/model/intermediate_strategy.go:31.11,32.11 1 0
blackjack/backend/model/intermediate_strategy.go:33.11,34.11 1 0
blackjack/backend/model/intermediate_strategy.go:35.11,36.11 1 0
blackjack/backend/model/intermediate_strategy.go:37.11,38.11 1 0
blackjack/backend/model/intermediate_strategy.go:39.10,40.12 1 0
blackjack/backend/model/intermediate_strategy.go:44.82,46.13 2 0
blackjack/backend/model/intermediate_strategy.go:46.13,48.3 1 0
blackjack/backend/model/intermediate_strategy.go:49.2,49.13 1 0
blackjack/backend/model/intermediate_strategy.go:49.13,52.3 1 0
blackjack/backend/model/intermediate_strategy.go:53.2,53.13 1 0
blackjack/backend/model/intermediate_strategy.go:56.82,58.9 2 0
blackjack/backend/model/intermediate_strategy.go:59.15,60.15 1 0
blackjack/backend/model/intermediate_strategy.go:61.48,62.49 1 0
blackjack/backend/model/intermediate_strategy.go:63.15,64.49 1 0
blackjack/backend/model/intermediate_strategy.go:65.15,66.14 1 0
blackjack/backend/model/intermediate_strategy.go:67.15,69.48 1 0
blackjack/backend/model/intermediate_strategy.go:70.10,71.14 1 0
blackjack/backend/model/outcome.go:3.98,11.11 7 4
blackjack/backend/model/outcome.go:11.11,13.3 1 1
blackjack/backend/model/outcome.go:14.2,14.11 1 3
blackjack/backend/model/outcome.go:14.11,16.3 1 1
blackjack/backend/model/outcome.go:17.2,17.17 1 2
blackjack/backend/model/outcome.go:17.17,19.3 1 0
blackjack/backend/model/outcome.go:20.2,20.17 1 2
blackjack/backend/model/outcome.go:20.17,22.3 1 1
blackjack/backend/model/outcome.go:23.2,23.16 1 1
blackjack/backend/model/outcome.go:23.16,25.3 1 1
blackjack/backend/model/outcome.go:26.2,26.17 1 0
blackjack/backend/model/outcome.go:26.17,28.3 1 0
blackjack/backend/model/outcome.go:29.2,29.17 1 0
blackjack/backend/model/outcome.go:29.17,31.3 1 0
blackjack/backend/model/outcome.go:32.2,32.25 1 0
blackjack/backend/model/player_rules.go:3.88,4.17 1 0
blackjack/backend/model/player_rules.go:4.17,6.3 1 0
blackjack/backend/model/player_rules.go:7.2,7.44 1 0
blackjack/backend/model/player_rules.go:7.44,9.3 1 0
blackjack/backend/model/player_rules.go:10.2,10.31 1 0
blackjack/backend/model/player_rules.go:10.31,12.3 1 0
blackjack/backend/model/player_rules.go:13.2,13.29 1 0
blackjack/backend/model/player_rules.go:13.29,15.3 1 0
blackjack/backend/model/player_rules.go:16.2,16.17 1 0
blackjack/backend/model/player_rules.go:16.17,18.3 1 0
blackjack/backend/model/player_rules.go:19.2,19.12 1 0
blackjack/backend/model/rematch.go:7.57,8.18 1 0
blackjack/backend/model/rematch.go:8.18,11.3 2 0
blackjack/backend/model/rematch.go:12.2,13.26 2 0
blackjack/backend/model/rematch.go:16.85,17.31 1 0
blackjack/backend/model/rematch.go:17.31,19.3 1 0
blackjack/backend/model/rematch.go:20.2,20.38 1 0
blackjack/backend/model/rematch.go:20.38,21.26 1 0
blackjack/backend/model/rematch.go:21.26,23.4 1 0
blackjack/backend/model/rematch.go:25.2,25.13 1 0
blackjack/backend/model/room_player.go:16.42,17.11 1 0
blackjack/backend/model/room_player.go:18.64,19.14 1 0
blackjack/backend/model/room_player.go:20.10,21.15 1 0
blackjack/backend/model/room_player.go:34.96,35.34 1 0
blackjack/backend/model/room_player.go:35.34,37.3 1 0
blackjack/backend/model/room_player.go:38.2,38.17 1 0
blackjack/backend/model/room_player.go:38.17,40.3 1 0
blackjack/backend/model/room_player.go:41.2,41.23 1 0
blackjack/backend/model/room_player.go:41.23,43.3 1 0
blackjack/backend/model/room_player.go:44.2,50.8 1 0
blackjack/backend/model/room_player.go:53.61,54.21 1 0
blackjack/backend/model/room_player.go:54.21,56.3 1 0
blackjack/backend/model/room_player.go:57.2,58.12 2 0
blackjack/backend/model/room_player.go:61.45,64.2 2 0
blackjack/backend/model/room_rules.go:3.55,5.2 1 0
blackjack/backend/model/room_rules.go:7.87,8.17 1 0
blackjack/backend/model/room_rules.go:8.17,10.3 1 0
blackjack/backend/model/room_rules.go:11.2,11.36 1 0
blackjack/backend/model/room_rules.go:11.36,13.3 1 0
blackjack/backend/model/room_rules.go:14.2,14.36 1 0
blackjack/backend/model/room_rules.go:14.36,16.3 1 0
blackjack/backend/model/room_rules.go:17.2,17.23 1 0
blackjack/backend/model/room_rules.go:17.23,19.3 1 0
blackjack/backend/model/room_rules.go:20.2,20.12 1 0
blackjack/backend/model/round_log.go:16.36,17.66 1 0
blackjack/backend/model/round_log.go:17.66,19.3 1 0
blackjack/backend/model/round_log.go:20.2,20.12 1 0
blackjack/backend/model/types.go:13.36,14.11 1 0
blackjack/backend/model/types.go:15.61,16.14 1 0
blackjack/backend/model/types.go:17.10,18.15 1 0
blackjack/backend/model/types.go:32.39,33.11 1 0
blackjack/backend/model/types.go:34.123,35.14 1 0
blackjack/backend/model/types.go:36.10,37.15 1 0
blackjack/backend/model/types.go:52.38,53.11 1 0
blackjack/backend/model/types.go:54.130,55.14 1 0
blackjack/backend/model/types.go:56.10,57.15 1 0
blackjack/backend/model/types.go:70.33,71.11 1 0
blackjack/backend/model/types.go:72.57,73.14 1 0
blackjack/backend/model/types.go:74.10,75.15 1 0
blackjack/backend/model/types.go:86.35,88.2 1 0
blackjack/backend/middleware/audit_log_middleware.go:29.68,32.2 2 0
blackjack/backend/middleware/audit_log_middleware.go:35.56,37.2 1 0
blackjack/backend/middleware/audit_log_middleware.go:40.58,41.21 1 0
blackjack/backend/middleware/audit_log_middleware.go:41.21,43.3 1 0
blackjack/backend/middleware/audit_log_middleware.go:44.2,44.29 1 0
blackjack/backend/middleware/audit_log_middleware.go:47.56,49.21 2 0
blackjack/backend/middleware/audit_log_middleware.go:49.21,51.3 1 0
blackjack/backend/middleware/audit_log_middleware.go:52.2,52.11 1 0
blackjack/backend/middleware/audit_log_middleware.go:55.59,57.21 2 0
blackjack/backend/middleware/audit_log_middleware.go:57.21,59.3 1 0
blackjack/backend/middleware/audit_log_middleware.go:60.2,60.10 1 0
blackjack/backend/middleware/audit_log_middleware.go:63.48,64.54 1 0
blackjack/backend/middleware/audit_log_middleware.go:64.54,65.37 1 0
blackjack/backend/middleware/audit_log_middleware.go:65.37,67.19 2 0
blackjack/backend/middleware/audit_log_middleware.go:67.19,69.5 1 0
blackjack/backend/middleware/audit_log_middleware.go:70.4,72.18 3 0
blackjack/backend/middleware/audit_log_middleware.go:77.45,78.64 1 0
blackjack/backend/middleware/audit_log_middleware.go:78.64,80.3 1 0
blackjack/backend/middleware/audit_log_middleware.go:81.2,81.46 1 0
blackjack/backend/middleware/audit_log_middleware.go:84.47,85.54 1 0
blackjack/backend/middleware/audit_log_middleware.go:85.54,86.37 1 0
blackjack/backend/middleware/audit_log_middleware.go:86.37,91.19 5 0
blackjack/backend/middleware/audit_log_middleware.go:91.19,93.5 1 0
blackjack/backend/middleware/audit_log_middleware.go:94.4,96.35 3 0
blackjack/backend/middleware/audit_log_middleware.go:96.35,99.5 2 0
blackjack/backend/middleware/audit_log_middleware.go:100.4,103.65 4 0
blackjack/backend/middleware/audit_log_middleware.go:103.65,105.5 1 0
blackjack/backend/middleware/audit_log_middleware.go:106.4,107.64 2 0
blackjack/backend/middleware/audit_log_middleware.go:107.64,109.5 1 0
blackjack/backend/middleware/audit_log_middleware.go:110.4,128.14 3 0
blackjack/backend/middleware/auth_middleware.go:13.56,17.50 1 3
blackjack/backend/middleware/auth_middleware.go:17.50,19.4 1 2
blackjack/backend/middleware/auth_middleware.go:20.55,21.53 1 2
blackjack/backend/middleware/auth_middleware.go:21.53,23.5 1 1
blackjack/backend/middleware/auth_middleware.go:24.4,24.96 1 1
blackjack/backend/middleware/auth_middleware.go:26.40,28.27 2 1
blackjack/backend/middleware/auth_middleware.go:28.27,30.5 1 0
blackjack/backend/middleware/auth_middleware.go:31.4,32.35 2 1
blackjack/backend/middleware/auth_middleware.go:32.35,34.5 1 0
blackjack/backend/middleware/auth_middleware.go:35.4,36.23 2 1
blackjack/backend/middleware/auth_middleware.go:36.23,38.5 1 1
blackjack/backend/middleware/auth_middleware.go:44.39,46.11 2 8
blackjack/backend/middleware/auth_middleware.go:47.45,48.14 1 2
blackjack/backend/middleware/auth_middleware.go:49.44,50.14 1 2
blackjack/backend/middleware/auth_middleware.go:51.10,52.15 1 4
blackjack/backend/middleware/csrf_middleware.go:12.43,13.54 1 1
blackjack/backend/middleware/csrf_middleware.go:13.54,14.37 1 4
blackjack/backend/middleware/csrf_middleware.go:14.37,15.21 1 4
blackjack/backend/middleware/csrf_middleware.go:15.21,17.5 1 0
blackjack/backend/middleware/csrf_middleware.go:19.4,19.24 1 4
blackjack/backend/middleware/csrf_middleware.go:19.24,21.5 1 1
blackjack/backend/middleware/csrf_middleware.go:22.4,23.36 2 3
blackjack/backend/middleware/csrf_middleware.go:23.36,25.5 1 1
blackjack/backend/middleware/csrf_middleware.go:26.4,27.42 2 2
blackjack/backend/middleware/csrf_middleware.go:27.42,29.5 1 1
blackjack/backend/middleware/csrf_middleware.go:30.4,30.18 1 1
blackjack/backend/middleware/csrf_middleware.go:35.41,39.2 3 6
blackjack/backend/middleware/csrf_middleware.go:41.37,42.28 1 7
blackjack/backend/middleware/csrf_middleware.go:43.76,43.76 0 6
blackjack/backend/middleware/csrf_middleware.go:44.10,45.15 1 1
blackjack/backend/middleware/csrf_middleware.go:47.2,48.61 2 6
blackjack/backend/middleware/csrf_middleware.go:48.61,50.3 1 1
blackjack/backend/middleware/csrf_middleware.go:51.2,51.13 1 5
blackjack/backend/middleware/metrics_middleware.go:13.52,14.54 1 0
blackjack/backend/middleware/metrics_middleware.go:14.54,15.37 1 0
blackjack/backend/middleware/metrics_middleware.go:15.37,19.19 4 0
blackjack/backend/middleware/metrics_middleware.go:19.19,21.5 1 0
blackjack/backend/middleware/metrics_middleware.go:22.4,28.14 2 0
blackjack/backend/middleware/rate_limit_middleware.go:13.80,14.54 1 5
blackjack/backend/middleware/rate_limit_middleware.go:14.54,15.37 1 5
blackjack/backend/middleware/rate_limit_middleware.go:15.37,16.22 1 5
blackjack/backend/middleware/rate_limit_middleware.go:16.22,18.5 1 1
blackjack/backend/middleware/rate_limit_middleware.go:19.4,20.20 2 4
blackjack/backend/middleware/rate_limit_middleware.go:20.20,22.5 1 1
blackjack/backend/middleware/rate_limit_middleware.go:23.4,24.18 2 3
blackjack/backend/middleware/rate_limit_middleware.go:24.18,26.5 1 1
blackjack/backend/middleware/rate_limit_middleware.go:27.4,27.23 1 2
blackjack/backend/middleware/rate_limit_middleware.go:27.23,30.5 2 1
blackjack/backend/middleware/rate_limit_middleware.go:31.4,31.18 1 1
blackjack/backend/controller/game_controller.go:19.60,23.16 4 7
blackjack/backend/controller/game_controller.go:23.16,24.14 1 6
blackjack/backend/controller/game_controller.go:25.36,26.86 1 1
blackjack/backend/controller/game_controller.go:27.35,28.84 1 1
blackjack/backend/controller/game_controller.go:29.32,30.90 1 1
blackjack/backend/controller/game_controller.go:31.36,32.126 1 1
blackjack/backend/controller/game_controller.go:33.31,34.90 1 1
blackjack/backend/controller/game_controller.go:35.11,36.90 1 1
blackjack/backend/controller/game_controller.go:39.2,43.5 1 1
blackjack/backend/controller/game_controller.go:47.63,51.16 4 5
blackjack/backend/controller/game_controller.go:51.16,52.14 1 5
blackjack/backend/controller/game_controller.go:53.36,54.86 1 1
blackjack/backend/controller/game_controller.go:55.35,56.84 1 1
blackjack/backend/controller/game_controller.go:57.32,58.90 1 1
blackjack/backend/controller/game_controller.go:59.31,60.84 1 1
blackjack/backend/controller/game_controller.go:61.11,62.90 1 1
blackjack/backend/controller/game_controller.go:65.2,66.28 2 0
blackjack/backend/controller/game_controller.go:66.28,68.3 1 0
blackjack/backend/controller/game_controller.go:69.2,72.5 1 0
blackjack/backend/controller/game_controller.go:76.58,80.16 4 7
blackjack/backend/controller/game_controller.go:80.16,81.14 1 6
blackjack/backend/controller/game_controller.go:82.36,83.86 1 1
blackjack/backend/controller/game_controller.go:84.35,85.90 1 1
blackjack/backend/controller/game_controller.go:86.32,87.90 1 1
blackjack/backend/controller/game_controller.go:88.36,89.95 1 1
blackjack/backend/controller/game_controller.go:90.31,91.84 1 1
blackjack/backend/controller/game_controller.go:92.11,93.90 1 1
blackjack/backend/controller/game_controller.go:96.2,101.65 4 1
blackjack/backend/controller/game_controller.go:101.65,103.4 1 0
blackjack/backend/controller/game_controller.go:108.52,110.2 1 4
blackjack/backend/controller/game_controller.go:113.54,115.2 1 2
blackjack/backend/controller/game_controller.go:118.63,119.55 1 1
blackjack/backend/controller/game_controller.go:119.55,121.3 1 1
blackjack/backend/controller/game_controller.go:122.2,125.16 4 0
blackjack/backend/controller/game_controller.go:125.16,126.14 1 0
blackjack/backend/controller/game_controller.go:127.36,128.86 1 0
blackjack/backend/controller/game_controller.go:129.35,130.90 1 0
blackjack/backend/controller/game_controller.go:131.32,132.90 1 0
blackjack/backend/controller/game_controller.go:133.31,134.84 1 0
blackjack/backend/controller/game_controller.go:135.11,136.90 1 0
blackjack/backend/controller/game_controller.go:139.2,142.5 2 0
blackjack/backend/controller/game_controller.go:146.60,150.87 4 3
blackjack/backend/controller/game_controller.go:150.87,152.3 1 1
blackjack/backend/controller/game_controller.go:153.2,155.16 3 2
blackjack/backend/controller/game_controller.go:155.16,158.3 2 1
blackjack/backend/controller/game_controller.go:159.2,164.65 4 1
blackjack/backend/controller/game_controller.go:164.65,166.4 1 0
blackjack/backend/controller/game_controller.go:171.69,175.65 4 6
blackjack/backend/controller/game_controller.go:175.65,177.3 1 1
blackjack/backend/controller/game_controller.go:178.2,178.24 1 5
blackjack/backend/controller/game_controller.go:178.24,180.3 1 0
blackjack/backend/controller/game_controller.go:181.2,187.9 3 5
blackjack/backend/controller/game_controller.go:187.9,189.3 1 3
blackjack/backend/controller/game_controller.go:189.8,191.3 1 2
blackjack/backend/controller/game_controller.go:192.2,192.16 1 5
blackjack/backend/controller/game_controller.go:192.16,195.3 2 3
blackjack/backend/controller/game_controller.go:196.2,201.65 4 2
blackjack/backend/controller/game_controller.go:201.65,203.4 1 0
blackjack/backend/controller/game_controller.go:207.111,208.13 1 11
blackjack/backend/controller/game_controller.go:209.35,210.85 1 1
blackjack/backend/controller/game_controller.go:211.34,212.83 1 1
blackjack/backend/controller/game_controller.go:213.31,214.87 1 1
blackjack/backend/controller/game_controller.go:215.111,217.16 2 1
blackjack/backend/controller/game_controller.go:217.16,219.4 1 0
blackjack/backend/controller/game_controller.go:220.3,220.74 1 1
blackjack/backend/controller/game_controller.go:221.32,223.95 2 3
blackjack/backend/controller/game_controller.go:224.32,226.116 2 1
blackjack/backend/controller/game_controller.go:227.30,228.89 1 2
blackjack/backend/controller/game_controller.go:229.10,230.89 1 1
blackjack/backend/controller/game_ws_controller.go:16.175,17.18 1 0
blackjack/backend/controller/game_ws_controller.go:18.22,20.53 1 0
blackjack/backend/controller/game_ws_controller.go:20.53,23.4 2 0
blackjack/backend/controller/game_ws_controller.go:24.3,26.17 3 0
blackjack/backend/controller/game_ws_controller.go:26.17,31.4 4 0
blackjack/backend/controller/game_ws_controller.go:32.3,35.82 4 0
blackjack/backend/controller/game_ws_controller.go:36.24,38.53 1 0
blackjack/backend/controller/game_ws_controller.go:38.53,41.4 2 0
blackjack/backend/controller/game_ws_controller.go:42.3,44.17 3 0
blackjack/backend/controller/game_ws_controller.go:44.17,49.4 4 0
blackjack/backend/controller/game_ws_controller.go:50.3,53.82 4 0
blackjack/backend/controller/game_ws_controller.go:54.30,56.73 1 0
blackjack/backend/controller/game_ws_controller.go:56.73,59.4 2 0
blackjack/backend/controller/game_ws_controller.go:60.3,62.17 3 0
blackjack/backend/controller/game_ws_controller.go:62.17,67.4 4 0
blackjack/backend/controller/game_ws_controller.go:68.3,71.82 4 0
blackjack/backend/controller/game_ws_controller.go:72.30,75.82 2 0
blackjack/backend/controller/game_ws_controller.go:76.23,79.25 2 0
blackjack/backend/controller/game_ws_controller.go:80.10,82.80 2 0
blackjack/backend/controller/game_ws_controller.go:87.45,88.13 1 0
blackjack/backend/controller/game_ws_controller.go:89.35,90.51 1 0
blackjack/backend/controller/game_ws_controller.go:91.34,92.52 1 0
blackjack/backend/controller/game_ws_controller.go:93.31,94.80 1 0
blackjack/backend/controller/game_ws_controller.go:95.111,96.45 1 0
blackjack/backend/controller/game_ws_controller.go:97.25,98.45 1 0
blackjack/backend/controller/game_ws_controller.go:99.32,101.64 2 0
blackjack/backend/controller/game_ws_controller.go:102.32,104.85 2 0
blackjack/backend/controller/game_ws_controller.go:105.30,106.58 1 0
blackjack/backend/controller/game_ws_controller.go:107.10,108.42 1 0
blackjack/backend/controller/room_controller.go:25.155,27.2 1 50
blackjack/backend/controller/room_controller.go:30.50,42.2 11 0
blackjack/backend/controller/room_controller.go:45.59,48.16 3 2
blackjack/backend/controller/room_controller.go:48.16,49.41 1 1
blackjack/backend/controller/room_controller.go:49.41,51.4 1 1
blackjack/backend/controller/room_controller.go:52.3,52.89 1 0
blackjack/backend/controller/room_controller.go:54.2,56.5 1 1
blackjack/backend/controller/room_controller.go:60.57,64.16 4 7
blackjack/backend/controller/room_controller.go:64.16,65.14 1 6
blackjack/backend/controller/room_controller.go:66.36,67.86 1 1
blackjack/backend/controller/room_controller.go:68.35,69.93 1 1
blackjack/backend/controller/room_controller.go:70.26,71.77 1 1
blackjack/backend/controller/room_controller.go:72.36,73.94 1 1
blackjack/backend/controller/room_controller.go:74.32,75.90 1 1
blackjack/backend/controller/room_controller.go:76.11,77.90 1 1
blackjack/backend/controller/room_controller.go:80.2,80.34 1 1
blackjack/backend/controller/room_controller.go:80.34,83.3 2 1
blackjack/backend/controller/room_controller.go:84.2,87.5 2 1
blackjack/backend/controller/room_controller.go:91.58,95.16 4 6
blackjack/backend/controller/room_controller.go:95.16,96.14 1 5
blackjack/backend/controller/room_controller.go:97.36,98.86 1 1
blackjack/backend/controller/room_controller.go:99.32,100.90 1 1
blackjack/backend/controller/room_controller.go:101.36,102.108 1 1
blackjack/backend/controller/room_controller.go:103.31,104.93 1 1
blackjack/backend/controller/room_controller.go:105.11,106.90 1 1
blackjack/backend/controller/room_controller.go:109.2,109.21 1 1
blackjack/backend/controller/room_controller.go:109.21,115.3 1 1
blackjack/backend/controller/room_controller.go:116.2,119.5 2 1
blackjack/backend/controller/room_controller.go:123.56,127.16 4 6
blackjack/backend/controller/room_controller.go:127.16,128.14 1 5
blackjack/backend/controller/room_controller.go:129.36,130.86 1 1
blackjack/backend/controller/room_controller.go:131.35,132.84 1 1
blackjack/backend/controller/room_controller.go:133.32,134.90 1 1
blackjack/backend/controller/room_controller.go:135.31,136.84 1 1
blackjack/backend/controller/room_controller.go:137.11,138.90 1 1
blackjack/backend/controller/room_controller.go:141.2,144.17 2 1
blackjack/backend/controller/room_controller.go:144.17,146.61 2 1
blackjack/backend/controller/room_controller.go:146.61,148.4 1 0
blackjack/backend/controller/room_controller.go:149.3,149.20 1 1
blackjack/backend/controller/room_controller.go:151.2,151.44 1 1
blackjack/backend/controller/room_controller.go:155.58,158.16 3 2
blackjack/backend/controller/room_controller.go:158.16,159.41 1 1
blackjack/backend/controller/room_controller.go:159.41,161.4 1 1
blackjack/backend/controller/room_controller.go:162.3,162.89 1 0
blackjack/backend/controller/room_controller.go:164.2,165.29 2 1
blackjack/backend/controller/room_controller.go:165.29,167.3 1 1
blackjack/backend/controller/room_controller.go:168.2,168.71 1 1
blackjack/backend/controller/room_controller.go:171.58,177.2 1 9
blackjack/backend/controller/room_controller.go:179.69,182.2 2 5
blackjack/backend/controller/room_ws_controller.go:41.42,41.57 1 0
blackjack/backend/controller/room_ws_controller.go:51.57,53.28 2 0
blackjack/backend/controller/room_ws_controller.go:53.28,55.14 2 0
blackjack/backend/controller/room_ws_controller.go:55.14,57.4 1 0
blackjack/backend/controller/room_ws_controller.go:59.2,59.23 1 0
blackjack/backend/controller/room_ws_controller.go:59.23,60.55 1 0
blackjack/backend/controller/room_ws_controller.go:60.55,60.70 1 0
blackjack/backend/controller/room_ws_controller.go:61.3,61.9 1 0
blackjack/backend/controller/room_ws_controller.go:63.2,63.54 1 0
blackjack/backend/controller/room_ws_controller.go:63.54,65.29 2 0
blackjack/backend/controller/room_ws_controller.go:65.29,66.19 1 0
blackjack/backend/controller/room_ws_controller.go:66.19,68.5 1 0
blackjack/backend/controller/room_ws_controller.go:70.3,70.15 1 0
blackjack/backend/controller/room_ws_controller.go:75.38,77.13 2 0
blackjack/backend/controller/room_ws_controller.go:77.13,79.3 1 0
blackjack/backend/controller/room_ws_controller.go:80.2,81.16 2 0
blackjack/backend/controller/room_ws_controller.go:81.16,83.3 1 0
blackjack/backend/controller/room_ws_controller.go:84.2,84.10 1 0
blackjack/backend/controller/room_ws_controller.go:89.83,91.13 2 0
blackjack/backend/controller/room_ws_controller.go:91.13,93.3 1 0
blackjack/backend/controller/room_ws_controller.go:96.54,98.2 1 0
blackjack/backend/controller/room_ws_controller.go:100.53,102.2 1 0
blackjack/backend/controller/room_ws_controller.go:104.89,105.25 1 0
blackjack/backend/controller/room_ws_controller.go:105.25,107.3 1 0
blackjack/backend/controller/room_ws_controller.go:108.2,109.16 2 0
blackjack/backend/controller/room_ws_controller.go:109.16,111.3 1 0
blackjack/backend/controller/room_ws_controller.go:112.2,112.105 1 0
blackjack/backend/controller/room_ws_controller.go:112.105,114.3 1 0
blackjack/backend/controller/room_ws_controller.go:115.2,115.19 1 0
blackjack/backend/controller/room_ws_controller.go:118.92,119.39 1 0
blackjack/backend/controller/room_ws_controller.go:119.39,121.3 1 0
blackjack/backend/controller/room_ws_controller.go:122.2,122.89 1 0
blackjack/backend/controller/room_ws_controller.go:125.102,126.39 1 0
blackjack/backend/controller/room_ws_controller.go:126.39,128.3 1 0
blackjack/backend/controller/room_ws_controller.go:129.2,130.22 2 0
blackjack/backend/controller/room_ws_controller.go:130.22,132.3 1 0
blackjack/backend/controller/room_ws_controller.go:133.2,133.16 1 0
blackjack/backend/controller/room_ws_controller.go:133.16,135.3 1 0
blackjack/backend/controller/room_ws_controller.go:136.2,136.30 1 0
blackjack/backend/controller/room_ws_controller.go:139.41,141.15 2 0
blackjack/backend/controller/room_ws_controller.go:141.15,143.3 1 0
blackjack/backend/controller/room_ws_controller.go:144.2,145.26 2 0
blackjack/backend/controller/room_ws_controller.go:145.26,147.3 1 0
blackjack/backend/controller/room_ws_controller.go:148.2,148.10 1 0
blackjack/backend/controller/room_ws_controller.go:151.48,153.14 2 0
blackjack/backend/controller/room_ws_controller.go:153.14,155.3 1 0
blackjack/backend/controller/room_ws_controller.go:156.2,156.28 1 0
blackjack/backend/controller/room_ws_controller.go:160.55,162.18 2 0
blackjack/backend/controller/room_ws_controller.go:162.18,164.3 1 0
blackjack/backend/controller/room_ws_controller.go:165.2,166.22 2 0
blackjack/backend/controller/room_ws_controller.go:166.22,168.17 2 0
blackjack/backend/controller/room_ws_controller.go:168.17,170.4 1 0
blackjack/backend/controller/room_ws_controller.go:171.3,171.22 1 0
blackjack/backend/controller/room_ws_controller.go:171.22,174.4 2 0
blackjack/backend/controller/room_ws_controller.go:176.2,177.16 2 0
blackjack/backend/controller/room_ws_controller.go:177.16,179.3 1 0
blackjack/backend/controller/room_ws_controller.go:180.2,186.16 6 0
blackjack/backend/controller/room_ws_controller.go:186.16,189.3 2 0
blackjack/backend/controller/room_ws_controller.go:190.2,193.139 3 0
blackjack/backend/controller/room_ws_controller.go:193.139,197.3 3 0
blackjack/backend/controller/room_ws_controller.go:198.2,199.16 2 0
blackjack/backend/controller/room_ws_controller.go:199.16,203.3 3 0
blackjack/backend/controller/room_ws_controller.go:204.2,205.16 2 0
blackjack/backend/controller/room_ws_controller.go:205.16,209.3 3 0
blackjack/backend/controller/room_ws_controller.go:210.2,210.22 1 0
blackjack/backend/controller/room_ws_controller.go:210.22,212.17 2 0
blackjack/backend/controller/room_ws_controller.go:212.17,216.4 3 0
blackjack/backend/controller/room_ws_controller.go:217.3,217.22 1 0
blackjack/backend/controller/room_ws_controller.go:217.22,221.4 3 0
blackjack/backend/controller/room_ws_controller.go:223.2,224.16 2 0
blackjack/backend/controller/room_ws_controller.go:224.16,228.3 3 0
blackjack/backend/controller/room_ws_controller.go:229.2,230.117 2 0
blackjack/backend/controller/room_ws_controller.go:230.117,234.3 3 0
blackjack/backend/controller/room_ws_controller.go:235.2,237.16 3 0
blackjack/backend/controller/room_ws_controller.go:237.16,240.3 2 0
blackjack/backend/controller/room_ws_controller.go:241.2,242.17 2 0
blackjack/backend/controller/room_ws_controller.go:242.17,245.3 2 0
blackjack/backend/controller/room_ws_controller.go:246.2,257.12 7 0
blackjack/backend/controller/room_ws_controller.go:257.12,258.16 1 0
blackjack/backend/controller/room_ws_controller.go:258.16,261.23 3 0
blackjack/backend/controller/room_ws_controller.go:261.23,264.5 1 0
blackjack/backend/controller/room_ws_controller.go:265.4,265.64 1 0
blackjack/backend/controller/room_ws_controller.go:265.64,267.5 1 0
blackjack/backend/controller/room_ws_controller.go:268.4,270.20 3 0
blackjack/backend/controller/room_ws_controller.go:272.3,272.7 1 0
blackjack/backend/controller/room_ws_controller.go:272.7,275.18 3 0
blackjack/backend/controller/room_ws_controller.go:275.18,277.5 1 0
blackjack/backend/controller/room_ws_controller.go:278.4,278.24 1 0
blackjack/backend/controller/room_ws_controller.go:278.24,281.19 2 0
blackjack/backend/controller/room_ws_controller.go:281.19,283.14 2 0
blackjack/backend/controller/room_ws_controller.go:285.5,285.24 1 0
blackjack/backend/controller/room_ws_controller.go:285.24,287.14 2 0
blackjack/backend/controller/room_ws_controller.go:290.4,291.52 2 0
blackjack/backend/controller/room_ws_controller.go:291.52,293.13 2 0
blackjack/backend/controller/room_ws_controller.go:295.4,295.99 1 0
blackjack/backend/controller/room_ws_controller.go:295.99,297.13 2 0
blackjack/backend/controller/room_ws_controller.go:299.4,300.18 2 0
blackjack/backend/controller/room_ws_controller.go:300.18,302.13 2 0
blackjack/backend/controller/room_ws_controller.go:304.4,304.23 1 0
blackjack/backend/controller/room_ws_controller.go:304.23,311.5 3 0
blackjack/backend/controller/room_ws_controller.go:312.4,312.74 1 0
blackjack/backend/controller/room_ws_controller.go:315.2,315.12 1 0
blackjack/backend/controller/room_ws_controller.go:319.105,321.25 2 6
blackjack/backend/controller/room_ws_controller.go:321.25,323.3 1 0
blackjack/backend/controller/room_ws_controller.go:327.100,329.2 1 0
blackjack/backend/controller/room_ws_controller.go:332.110,335.35 2 6
blackjack/backend/controller/room_ws_controller.go:335.35,337.17 2 0
blackjack/backend/controller/room_ws_controller.go:337.17,338.12 1 0
blackjack/backend/controller/room_ws_controller.go:340.3,345.17 3 0
blackjack/backend/controller/room_ws_controller.go:345.17,346.12 1 0
blackjack/backend/controller/room_ws_controller.go:348.3,348.48 1 0
blackjack/backend/controller/room_ws_controller.go:348.48,351.4 2 0
blackjack/backend/controller/room_ws_controller.go:356.80,358.2 1 0
blackjack/backend/controller/room_ws_controller.go:361.75,369.2 7 0
blackjack/backend/controller/room_ws_controller.go:372.79,374.2 1 0
blackjack/backend/controller/room_ws_controller.go:376.108,378.2 1 0
blackjack/backend/controller/room_ws_controller.go:380.112,390.16 2 0
blackjack/backend/controller/room_ws_controller.go:390.16,392.3 1 0
blackjack/backend/controller/room_ws_controller.go:393.2,393.28 1 0
blackjack/backend/controller/room_ws_controller.go:397.56,399.16 2 0
blackjack/backend/controller/room_ws_controller.go:399.16,401.3 1 0
blackjack/backend/controller/room_ws_controller.go:402.2,402.28 1 0
blackjack/backend/controller/room_ws_controller.go:406.81,425.22 2 0
blackjack/backend/controller/room_ws_controller.go:425.22,436.38 11 0
blackjack/backend/controller/room_ws_controller.go:436.38,439.4 2 0
blackjack/backend/controller/room_ws_controller.go:440.3,440.41 1 0
blackjack/backend/controller/room_ws_controller.go:440.41,443.4 2 0
blackjack/backend/controller/room_ws_controller.go:445.2,445.21 1 0
blackjack/backend/controller/room_ws_controller.go:445.21,447.35 2 0
blackjack/backend/controller/room_ws_controller.go:447.35,448.37 1 0
blackjack/backend/controller/room_ws_controller.go:448.37,449.13 1 0
blackjack/backend/controller/room_ws_controller.go:451.4,451.44 1 0
blackjack/backend/controller/room_ws_controller.go:453.3,457.4 1 0
blackjack/backend/controller/room_ws_controller.go:459.2,460.30 2 0
blackjack/backend/controller/room_ws_controller.go:460.30,468.16 2 0
blackjack/backend/controller/room_ws_controller.go:468.16,471.29 2 0
blackjack/backend/controller/room_ws_controller.go:471.29,473.5 1 0
blackjack/backend/controller/room_ws_controller.go:474.4,474.21 1 0
blackjack/backend/controller/room_ws_controller.go:476.3,476.23 1 0
blackjack/backend/controller/room_ws_controller.go:476.23,479.4 2 0
blackjack/backend/controller/room_ws_controller.go:480.3,481.34 2 0
blackjack/backend/controller/room_ws_controller.go:483.2,489.12 3 0
blackjack/backend/controller/room_ws_controller.go:493.93,496.28 3 0
blackjack/backend/controller/room_ws_controller.go:496.28,498.3 1 0
blackjack/backend/controller/room_ws_controller.go:499.2,501.16 3 0
blackjack/backend/controller/room_ws_controller.go:501.16,503.3 1 0
blackjack/backend/controller/room_ws_controller.go:504.2,506.12 3 0
blackjack/backend/controller/room_ws_controller.go:510.63,513.28 3 0
blackjack/backend/controller/room_ws_controller.go:513.28,515.3 1 0
blackjack/backend/controller/room_ws_controller.go:516.2,517.37 2 0
blackjack/backend/controller/room_ws_controller.go:517.37,518.22 1 0
blackjack/backend/controller/room_ws_controller.go:518.22,520.4 1 0
blackjack/backend/controller/room_ws_controller.go:522.2,522.31 1 0
blackjack/backend/controller/room_ws_controller.go:522.31,524.3 1 0
blackjack/backend/controller/room_ws_controller.go:528.74,532.36 4 6
blackjack/backend/controller/room_ws_controller.go:532.36,534.3 1 0
blackjack/backend/controller/room_ws_controller.go:535.2,535.12 1 6
blackjack/backend/controller/room_ws_controller.go:539.78,543.2 3 0
blackjack/backend/controller/user_controller.go:24.66,26.2 1 9
blackjack/backend/controller/user_controller.go:29.50,34.2 4 0
blackjack/backend/controller/user_controller.go:37.55,39.81 2 4
blackjack/backend/controller/user_controller.go:39.81,41.3 1 1
blackjack/backend/controller/user_controller.go:42.2,43.16 2 3
blackjack/backend/controller/user_controller.go:43.16,44.10 1 2
blackjack/backend/controller/user_controller.go:45.48,46.137 1 1
blackjack/backend/controller/user_controller.go:47.49,48.93 1 1
blackjack/backend/controller/user_controller.go:49.11,50.90 1 0
blackjack/backend/controller/user_controller.go:53.2,61.5 1 1
blackjack/backend/controller/user_controller.go:65.54,67.81 2 3
blackjack/backend/controller/user_controller.go:67.81,69.3 1 1
blackjack/backend/controller/user_controller.go:70.2,71.16 2 2
blackjack/backend/controller/user_controller.go:71.16,72.46 1 1
blackjack/backend/controller/user_controller.go:72.46,74.4 1 1
blackjack/backend/controller/user_controller.go:75.3,75.89 1 0
blackjack/backend/controller/user_controller.go:77.2,85.5 1 1
blackjack/backend/controller/user_controller.go:89.55,92.2 2 0
blackjack/backend/controller/user_controller.go:95.51,97.18 2 2
blackjack/backend/controller/user_controller.go:97.18,99.3 1 1
blackjack/backend/controller/user_controller.go:100.2,101.16 2 1
blackjack/backend/controller/user_controller.go:101.16,103.3 1 0
blackjack/backend/controller/user_controller.go:104.2,107.5 1 1
blackjack/backend/controller/ws_audit.go:21.198,22.15 1 0
blackjack/backend/controller/ws_audit.go:22.15,24.3 1 0
blackjack/backend/controller/ws_audit.go:25.2,26.17 2 0
blackjack/backend/controller/ws_audit.go:26.17,28.3 1 0
blackjack/backend/controller/ws_audit.go:29.2,30.26 2 0
blackjack/backend/controller/ws_audit.go:30.26,32.3 1 0
blackjack/backend/controller/ws_audit.go:33.2,51.79 3 0
blackjack/backend/realtime/room_sync.go:27.76,28.20 1 4
blackjack/backend/realtime/room_sync.go:28.20,30.3 1 1
blackjack/backend/realtime/room_sync.go:31.2,31.54 1 4
blackjack/backend/realtime/room_sync.go:35.87,36.46 1 3
blackjack/backend/realtime/room_sync.go:36.46,38.3 1 3
blackjack/backend/realtime/room_sync.go:39.2,41.16 3 0
blackjack/backend/realtime/room_sync.go:41.16,43.3 1 0
blackjack/backend/realtime/room_sync.go:44.2,44.56 1 0
blackjack/backend/realtime/room_sync.go:48.133,49.30 1 2
blackjack/backend/realtime/room_sync.go:49.30,52.3 2 2
blackjack/backend/realtime/room_sync.go:53.2,54.15 2 0
blackjack/backend/realtime/room_sync.go:54.15,54.34 1 0
blackjack/backend/realtime/room_sync.go:55.2,56.6 2 0
blackjack/backend/realtime/room_sync.go:56.6,57.10 1 0
blackjack/backend/realtime/room_sync.go:58.21,59.20 1 0
blackjack/backend/realtime/room_sync.go:60.24,61.11 1 0
blackjack/backend/realtime/room_sync.go:61.11,63.5 1 0
blackjack/backend/realtime/room_sync.go:64.4,64.18 1 0
blackjack/backend/realtime/room_sync.go:64.18,65.13 1 0
blackjack/backend/realtime/room_sync.go:67.4,68.66 2 0
blackjack/backend/realtime/room_sync.go:68.66,69.13 1 0
blackjack/backend/realtime/room_sync.go:71.4,71.48 1 0
blackjack/backend/realtime/room_sync.go:71.48,72.13 1 0
blackjack/backend/realtime/room_sync.go:74.4,75.16 2 0
blackjack/backend/realtime/room_sync.go:75.16,77.5 1 0
blackjack/backend/realtime/room_sync.go:78.4,78.35 1 0
blackjack/backend/router/game_router.go:22.30,43.2 17 1
blackjack/backend/observability/metrics.go:78.87,82.2 3 1
blackjack/backend/observability/metrics.go:84.52,86.2 1 1
blackjack/backend/observability/metrics.go:88.74,90.2 1 1
blackjack/backend/observability/metrics.go:92.31,94.2 1 1
blackjack/backend/observability/metrics.go:96.31,98.2 1 1
blackjack/backend/observability/metrics.go:100.21,102.2 1 1
blackjack/backend/observability/metrics.go:104.27,106.2 1 1
blackjack/backend/observability/metrics.go:108.27,110.2 1 1
blackjack/backend/observability/metrics.go:112.21,114.2 1 1
blackjack/backend/observability/metrics.go:116.22,118.2 1 1
blackjack/backend/observability/metrics.go:120.30,122.2 1 1
blackjack/backend/observability/metrics.go:124.33,126.2 1 1
blackjack/backend/repository/game_repository.go:21.43,23.2 1 0
blackjack/backend/repository/game_repository.go:26.88,27.67 1 0
blackjack/backend/repository/game_repository.go:27.67,29.3 1 0
blackjack/backend/repository/game_repository.go:33.30,34.16 1 4
blackjack/backend/repository/game_repository.go:34.16,36.3 1 1
blackjack/backend/repository/game_repository.go:37.2,37.44 1 3
blackjack/backend/repository/game_repository.go:37.44,39.3 1 1
blackjack/backend/repository/game_repository.go:40.2,41.53 2 2
blackjack/backend/repository/game_repository.go:41.53,43.3 1 1
blackjack/backend/repository/game_repository.go:44.2,44.12 1 1
blackjack/backend/repository/game_repository.go:49.128,51.16 2 0
blackjack/backend/repository/game_repository.go:51.16,53.3 1 0
blackjack/backend/repository/game_repository.go:54.2,68.21 2 0
blackjack/backend/repository/game_repository.go:68.21,70.3 1 0
blackjack/backend/repository/game_repository.go:71.2,71.34 1 0
blackjack/backend/repository/game_repository.go:74.88,76.16 2 0
blackjack/backend/repository/game_repository.go:76.16,78.3 1 0
blackjack/backend/repository/game_repository.go:79.2,79.48 1 0
blackjack/backend/repository/game_repository.go:82.88,84.16 2 0
blackjack/backend/repository/game_repository.go:84.16,86.3 1 0
blackjack/backend/repository/game_repository.go:87.2,87.46 1 0
blackjack/backend/repository/game_repository.go:90.90,92.78 2 0
blackjack/backend/repository/game_repository.go:92.78,94.3 1 0
blackjack/backend/repository/game_repository.go:95.2,95.40 1 0
blackjack/backend/repository/game_repository.go:98.99,102.47 2 0
blackjack/backend/repository/game_repository.go:102.47,104.3 1 0
blackjack/backend/repository/game_repository.go:105.2,105.40 1 0
blackjack/backend/repository/game_repository.go:108.108,114.16 3 0
blackjack/backend/repository/game_repository.go:114.16,116.3 1 0
blackjack/backend/repository/game_repository.go:117.2,117.40 1 0
blackjack/backend/repository/game_repository.go:120.156,126.16 3 0
blackjack/backend/repository/game_repository.go:126.16,128.3 1 0
blackjack/backend/repository/game_repository.go:129.2,130.22 2 0
blackjack/backend/repository/game_repository.go:130.22,132.17 2 0
blackjack/backend/repository/game_repository.go:132.17,134.4 1 0
blackjack/backend/repository/game_repository.go:135.3,135.26 1 0
blackjack/backend/repository/game_repository.go:137.2,137.17 1 0
blackjack/backend/repository/game_repository.go:140.117,146.16 3 0
blackjack/backend/repository/game_repository.go:146.16,148.3 1 0
blackjack/backend/repository/game_repository.go:149.2,150.22 2 0
blackjack/backend/repository/game_repository.go:150.22,152.17 2 0
blackjack/backend/repository/game_repository.go:152.17,154.4 1 0
blackjack/backend/repository/game_repository.go:155.3,155.26 1 0
blackjack/backend/repository/game_repository.go:157.2,157.17 1 0
blackjack/backend/repository/game_repository.go:160.119,166.16 3 0
blackjack/backend/repository/game_repository.go:166.16,168.3 1 0
blackjack/backend/repository/game_repository.go:169.2,170.22 2 0
blackjack/backend/repository/game_repository.go:170.22,172.17 2 0
blackjack/backend/repository/game_repository.go:172.17,174.4 1 0
blackjack/backend/repository/game_repository.go:175.3,175.26 1 0
blackjack/backend/repository/game_repository.go:177.2,177.17 1 0
blackjack/backend/repository/game_repository.go:180.69,184.2 3 0
blackjack/backend/repository/game_repository.go:186.88,188.2 1 0
blackjack/backend/repository/game_repository.go:190.86,192.16 2 0
blackjack/backend/repository/game_repository.go:192.16,194.3 1 0
blackjack/backend/repository/game_repository.go:195.2,195.48 1 0
blackjack/backend/repository/game_repository.go:198.86,200.16 2 0
blackjack/backend/repository/game_repository.go:200.16,202.3 1 0
blackjack/backend/repository/game_repository.go:203.2,203.46 1 0
blackjack/backend/repository/game_repository.go:206.109,211.16 3 0
blackjack/backend/repository/game_repository.go:211.16,213.3 1 0
blackjack/backend/repository/game_repository.go:214.2,214.40 1 0
blackjack/backend/repository/game_repository.go:217.116,219.120 2 0
blackjack/backend/repository/game_repository.go:219.120,221.3 1 0
blackjack/backend/repository/game_repository.go:222.2,223.22 2 0
blackjack/backend/repository/game_repository.go:223.22,225.17 2 0
blackjack/backend/repository/game_repository.go:225.17,227.4 1 0
blackjack/backend/repository/game_repository.go:228.3,228.26 1 0
blackjack/backend/repository/game_repository.go:230.2,230.17 1 0
blackjack/backend/repository/game_repository.go:233.86,235.16 2 0
blackjack/backend/repository/game_repository.go:235.16,237.3 1 0
blackjack/backend/repository/game_repository.go:238.2,238.48 1 0
blackjack/backend/repository/game_repository.go:241.86,243.16 2 0
blackjack/backend/repository/game_repository.go:243.16,245.3 1 0
blackjack/backend/repository/game_repository.go:246.2,246.46 1 0
blackjack/backend/repository/game_repository.go:249.101,251.93 2 0
blackjack/backend/repository/game_repository.go:251.93,253.3 1 0
blackjack/backend/repository/game_repository.go:254.2,254.40 1 0
blackjack/backend/repository/game_repository.go:257.90,259.16 2 0
blackjack/backend/repository/game_repository.go:259.16,261.3 1 0
blackjack/backend/repository/game_repository.go:262.2,262.48 1 0
blackjack/backend/repository/game_repository.go:265.130,270.16 3 0
blackjack/backend/repository/game_repository.go:270.16,272.3 1 0
blackjack/backend/repository/game_repository.go:273.2,273.38 1 0
blackjack/backend/repository/game_repository.go:276.89,278.16 2 0
blackjack/backend/repository/game_repository.go:278.16,280.3 1 0
blackjack/backend/repository/game_repository.go:281.2,287.27 1 0
blackjack/backend/repository/game_repository.go:290.105,292.99 2 0
blackjack/backend/repository/game_repository.go:292.99,294.3 1 0
blackjack/backend/repository/game_repository.go:295.2,296.22 2 0
blackjack/backend/repository/game_repository.go:296.22,298.17 2 0
blackjack/backend/repository/game_repository.go:298.17,300.4 1 0
blackjack/backend/repository/game_repository.go:301.3,301.23 1 0
blackjack/backend/repository/game_repository.go:303.2,303.17 1 0
blackjack/backend/repository/game_repository.go:306.86,308.16 2 0
blackjack/backend/repository/game_repository.go:308.16,310.3 1 0
blackjack/backend/repository/game_repository.go:311.2,311.48 1 0
blackjack/backend/repository/game_repository.go:314.108,319.16 3 0
blackjack/backend/repository/game_repository.go:319.16,321.3 1 0
blackjack/backend/repository/game_repository.go:322.2,322.37 1 0
blackjack/backend/repository/game_repository.go:325.104,333.16 3 0
blackjack/backend/repository/game_repository.go:333.16,335.3 1 0
blackjack/backend/repository/game_repository.go:336.2,337.22 2 0
blackjack/backend/repository/game_repository.go:337.22,339.17 2 0
blackjack/backend/repository/game_repository.go:339.17,341.4 1 0
blackjack/backend/repository/game_repository.go:342.3,342.26 1 0
blackjack/backend/repository/game_repository.go:344.2,344.17 1 0
blackjack/backend/repository/game_repository_map.go:11.63,12.14 1 2
blackjack/backend/repository/game_repository_map.go:12.14,14.3 1 1
blackjack/backend/repository/game_repository_map.go:15.2,15.24 1 1
blackjack/backend/repository/game_repository_map.go:18.65,19.17 1 4
blackjack/backend/repository/game_repository_map.go:19.17,21.3 1 1
blackjack/backend/repository/game_repository_map.go:22.2,23.46 2 3
blackjack/backend/repository/game_repository_map.go:23.46,25.3 1 1
blackjack/backend/repository/game_repository_map.go:26.2,26.15 1 2
blackjack/backend/repository/game_repository_map.go:29.63,30.14 1 1
blackjack/backend/repository/game_repository_map.go:30.14,32.3 1 0
blackjack/backend/repository/game_repository_map.go:33.2,40.8 1 1
blackjack/backend/repository/game_repository_map.go:43.61,44.14 1 2
blackjack/backend/repository/game_repository_map.go:44.14,46.3 1 0
blackjack/backend/repository/game_repository_map.go:47.2,48.19 2 2
blackjack/backend/repository/game_repository_map.go:48.19,50.3 1 1
blackjack/backend/repository/game_repository_map.go:51.2,58.8 1 1
blackjack/backend/repository/game_repository_map.go:61.84,62.14 1 0
blackjack/backend/repository/game_repository_map.go:62.14,64.3 1 0
blackjack/backend/repository/game_repository_map.go:65.2,66.16 2 0
blackjack/backend/repository/game_repository_map.go:66.16,68.3 1 0
blackjack/backend/repository/game_repository_map.go:69.2,70.29 2 0
blackjack/backend/repository/game_repository_map.go:70.29,72.3 1 0
blackjack/backend/repository/game_repository_map.go:73.2,87.8 1 0
blackjack/backend/repository/game_repository_map.go:90.82,91.14 1 1
blackjack/backend/repository/game_repository_map.go:91.14,93.3 1 0
blackjack/backend/repository/game_repository_map.go:94.2,95.19 2 1
blackjack/backend/repository/game_repository_map.go:95.19,97.3 1 1
blackjack/backend/repository/game_repository_map.go:98.2,99.16 2 0
blackjack/backend/repository/game_repository_map.go:99.16,101.3 1 0
blackjack/backend/repository/game_repository_map.go:102.2,103.31 2 0
blackjack/backend/repository/game_repository_map.go:103.31,106.3 2 0
blackjack/backend/repository/game_repository_map.go:107.2,121.8 1 0
blackjack/backend/repository/game_repository_map.go:124.84,125.14 1 1
blackjack/backend/repository/game_repository_map.go:125.14,127.3 1 0
blackjack/backend/repository/game_repository_map.go:128.2,129.16 2 1
blackjack/backend/repository/game_repository_map.go:129.16,131.3 1 0
blackjack/backend/repository/game_repository_map.go:132.2,133.22 2 1
blackjack/backend/repository/game_repository_map.go:133.22,136.3 2 0
blackjack/backend/repository/game_repository_map.go:137.2,145.8 1 1
blackjack/backend/repository/game_repository_map.go:148.82,149.14 1 3
blackjack/backend/repository/game_repository_map.go:149.14,151.3 1 0
blackjack/backend/repository/game_repository_map.go:152.2,153.19 2 3
blackjack/backend/repository/game_repository_map.go:153.19,155.3 1 1
blackjack/backend/repository/game_repository_map.go:156.2,157.16 2 2
blackjack/backend/repository/game_repository_map.go:157.16,159.3 1 0
blackjack/backend/repository/game_repository_map.go:160.2,161.22 2 2
blackjack/backend/repository/game_repository_map.go:161.22,163.19 2 1
blackjack/backend/repository/game_repository_map.go:163.19,165.4 1 1
blackjack/backend/repository/game_repository_map.go:166.3,166.10 1 0
blackjack/backend/repository/game_repository_map.go:168.2,176.8 1 1
blackjack/backend/repository/game_repository_map.go:179.84,180.14 1 0
blackjack/backend/repository/game_repository_map.go:180.14,182.3 1 0
blackjack/backend/repository/game_repository_map.go:183.2,184.16 2 0
blackjack/backend/repository/game_repository_map.go:184.16,186.3 1 0
blackjack/backend/repository/game_repository_map.go:187.2,192.8 1 0
blackjack/backend/repository/game_repository_map.go:195.82,196.14 1 0
blackjack/backend/repository/game_repository_map.go:196.14,198.3 1 0
blackjack/backend/repository/game_repository_map.go:199.2,200.16 2 0
blackjack/backend/repository/game_repository_map.go:200.16,202.3 1 0
blackjack/backend/repository/game_repository_map.go:203.2,208.8 1 0
blackjack/backend/repository/game_repository_map.go:211.63,212.14 1 0
blackjack/backend/repository/game_repository_map.go:212.14,214.3 1 0
blackjack/backend/repository/game_repository_map.go:215.2,221.8 1 0
blackjack/backend/repository/game_repository_map.go:224.61,225.14 1 0
blackjack/backend/repository/game_repository_map.go:225.14,227.3 1 0
blackjack/backend/repository/game_repository_map.go:228.2,234.8 1 0
blackjack/backend/repository/game_repository_map.go:237.76,238.14 1 0
blackjack/backend/repository/game_repository_map.go:238.14,240.3 1 0
blackjack/backend/repository/game_repository_map.go:241.2,246.8 1 0
blackjack/backend/repository/game_repository_map.go:249.74,250.14 1 0
blackjack/backend/repository/game_repository_map.go:250.14,252.3 1 0
blackjack/backend/repository/game_repository_map.go:253.2,258.8 1 0
blackjack/backend/repository/game_repository_map.go:261.81,262.14 1 0
blackjack/backend/repository/game_repository_map.go:262.14,264.3 1 0
blackjack/backend/repository/game_repository_map.go:265.2,272.8 1 0
blackjack/backend/repository/game_repository_map.go:275.79,276.14 1 1
blackjack/backend/repository/game_repository_map.go:276.14,278.3 1 0
blackjack/backend/repository/game_repository_map.go:279.2,280.19 2 1
blackjack/backend/repository/game_repository_map.go:280.19,282.3 1 1
blackjack/backend/repository/game_repository_map.go:283.2,290.8 1 0
blackjack/backend/repository/game_repository_map.go:293.78,294.14 1 0
blackjack/backend/repository/game_repository_map.go:294.14,296.3 1 0
blackjack/backend/repository/game_repository_map.go:297.2,306.8 1 0
blackjack/backend/repository/game_repository_map.go:309.76,310.14 1 1
blackjack/backend/repository/game_repository_map.go:310.14,312.3 1 0
blackjack/backend/repository/game_repository_map.go:313.2,314.26 2 1
blackjack/backend/repository/game_repository_map.go:314.26,316.3 1 1
blackjack/backend/repository/game_repository_map.go:317.2,326.8 1 0
blackjack/backend/repository/game_repository_map.go:329.84,330.14 1 0
blackjack/backend/repository/game_repository_map.go:330.14,332.3 1 0
blackjack/backend/repository/game_repository_map.go:333.2,337.8 1 0
blackjack/backend/repository/game_repository_map.go:340.82,341.14 1 0
blackjack/backend/repository/game_repository_map.go:341.14,343.3 1 0
blackjack/backend/repository/game_repository_map.go:344.2,348.8 1 0
blackjack/backend/repository/game_repository_map.go:351.75,352.14 1 2
blackjack/backend/repository/game_repository_map.go:352.14,354.3 1 0
blackjack/backend/repository/game_repository_map.go:355.2,356.16 2 2
blackjack/backend/repository/game_repository_map.go:356.16,358.17 2 2
blackjack/backend/repository/game_repository_map.go:358.17,360.4 1 1
blackjack/backend/repository/game_repository_map.go:361.3,361.20 1 1
blackjack/backend/repository/game_repository_map.go:363.2,369.8 1 1
blackjack/backend/repository/game_repository_map.go:372.73,373.14 1 1
blackjack/backend/repository/game_repository_map.go:373.14,375.3 1 0
blackjack/backend/repository/game_repository_map.go:376.2,382.8 1 1
blackjack/backend/repository/game_repository_schema.go:18.38,18.56 1 0
blackjack/backend/repository/game_repository_schema.go:29.44,29.69 1 0
blackjack/backend/repository/game_repository_schema.go:47.45,47.71 1 0
blackjack/backend/repository/game_repository_schema.go:59.45,59.71 1 0
blackjack/backend/repository/game_repository_schema.go:68.45,68.71 1 0
blackjack/backend/repository/game_repository_schema.go:82.43,82.67 1 0
blackjack/backend/repository/game_repository_schema.go:93.45,93.71 1 0
blackjack/backend/repository/game_repository_schema.go:103.42,103.65 1 0
blackjack/backend/repository/game_repository_schema.go:113.38,113.56 1 0
blackjack/backend/repository/game_repository_schema.go:122.41,122.62 1 0
blackjack/backend/repository/rate_limit_repository.go:22.119,26.2 3 1
blackjack/backend/repository/rate_limit_repository.go:73.166,74.18 1 1
blackjack/backend/repository/rate_limit_repository.go:74.18,76.3 1 1
blackjack/backend/repository/rate_limit_repository.go:77.2,88.16 4 0
blackjack/backend/repository/rate_limit_repository.go:88.16,90.3 1 0
blackjack/backend/repository/rate_limit_repository.go:91.2,92.26 2 0
blackjack/backend/repository/rate_limit_repository.go:92.26,94.3 1 0
blackjack/backend/repository/rate_limit_repository.go:95.2,96.16 2 0
blackjack/backend/repository/rate_limit_repository.go:96.16,98.3 1 0
blackjack/backend/repository/rate_limit_repository.go:99.2,100.16 2 0
blackjack/backend/repository/rate_limit_repository.go:100.16,102.3 1 0
blackjack/backend/repository/rate_limit_repository.go:103.2,104.16 2 0
blackjack/backend/repository/rate_limit_repository.go:104.16,106.3 1 0
blackjack/backend/repository/rate_limit_repository.go:107.2,107.48 1 0
blackjack/backend/repository/rate_limit_repository.go:110.36,111.23 1 4
blackjack/backend/repository/rate_limit_repository.go:112.13,113.16 1 1
blackjack/backend/repository/rate_limit_repository.go:114.15,115.23 1 1
blackjack/backend/repository/rate_limit_repository.go:116.14,117.37 1 1
blackjack/backend/repository/rate_limit_repository.go:118.10,119.55 1 1
blackjack/backend/repository/rate_limit_repository.go:123.40,124.23 1 4
blackjack/backend/repository/rate_limit_repository.go:125.15,126.16 1 1
blackjack/backend/repository/rate_limit_repository.go:127.13,128.25 1 1
blackjack/backend/repository/rate_limit_repository.go:129.14,130.35 1 1
blackjack/backend/repository/rate_limit_repository.go:131.10,132.57 1 1
blackjack/backend/repository/room_repository.go:9.75,11.16 2 0
blackjack/backend/repository/room_repository.go:11.16,13.3 1 0
blackjack/backend/repository/room_repository.go:14.2,14.48 1 0
blackjack/backend/repository/room_repository.go:17.75,19.16 2 0
blackjack/backend/repository/room_repository.go:19.16,21.3 1 0
blackjack/backend/repository/room_repository.go:22.2,22.46 1 0
blackjack/backend/repository/room_repository.go:25.87,27.2 1 0
blackjack/backend/repository/room_repository.go:29.66,33.2 3 0
blackjack/backend/repository/room_repository.go:35.80,37.78 2 0
blackjack/backend/repository/room_repository.go:37.78,39.3 1 0
blackjack/backend/repository/room_repository.go:40.2,40.33 1 0
blackjack/backend/repository/room_repository.go:43.96,48.33 2 0
blackjack/backend/repository/room_repository.go:48.33,50.3 1 0
blackjack/backend/repository/room_repository.go:51.2,52.22 2 0
blackjack/backend/repository/room_repository.go:52.22,54.17 2 0
blackjack/backend/repository/room_repository.go:54.17,56.4 1 0
blackjack/backend/repository/room_repository.go:57.3,57.26 1 0
blackjack/backend/repository/room_repository.go:59.2,59.17 1 0
blackjack/backend/repository/room_repository.go:62.84,64.16 2 0
blackjack/backend/repository/room_repository.go:64.16,66.3 1 0
blackjack/backend/repository/room_repository.go:67.2,67.48 1 0
blackjack/backend/repository/room_repository.go:70.84,72.16 2 0
blackjack/backend/repository/room_repository.go:72.16,74.3 1 0
blackjack/backend/repository/room_repository.go:75.2,75.46 1 0
blackjack/backend/repository/room_repository.go:78.104,83.16 3 0
blackjack/backend/repository/room_repository.go:83.16,85.3 1 0
blackjack/backend/repository/room_repository.go:86.2,86.39 1 0
blackjack/backend/repository/room_repository.go:89.108,91.93 2 0
blackjack/backend/repository/room_repository.go:91.93,93.3 1 0
blackjack/backend/repository/room_repository.go:94.2,95.22 2 0
blackjack/backend/repository/room_repository.go:95.22,97.17 2 0
blackjack/backend/repository/room_repository.go:97.17,99.4 1 0
blackjack/backend/repository/room_repository.go:100.3,100.23 1 0
blackjack/backend/repository/room_repository.go:102.2,102.17 1 0
blackjack/backend/repository/user_repository.go:9.75,11.16 2 0
blackjack/backend/repository/user_repository.go:11.16,13.3 1 0
blackjack/backend/repository/user_repository.go:14.2,14.64 1 0
blackjack/backend/repository/user_repository.go:14.64,16.3 1 0
blackjack/backend/repository/user_repository.go:17.2,17.12 1 0
blackjack/backend/repository/user_repository.go:20.96,22.96 2 0
blackjack/backend/repository/user_repository.go:22.96,24.3 1 0
blackjack/backend/repository/user_repository.go:25.2,25.33 1 0
blackjack/backend/repository/user_repository.go:28.88,30.82 2 0
blackjack/backend/repository/user_repository.go:30.82,32.3 1 0
blackjack/backend/repository/user_repository.go:33.2,33.33 1 0
blackjack/backend/repository/user_session_repository.go:10.84,12.16 2 0
blackjack/backend/repository/user_session_repository.go:12.16,14.3 1 0
blackjack/backend/repository/user_session_repository.go:15.2,15.46 1 0
blackjack/backend/repository/user_session_repository.go:18.97,20.85 2 0
blackjack/backend/repository/user_session_repository.go:20.85,22.3 1 0
blackjack/backend/repository/user_session_repository.go:23.2,23.40 1 0
blackjack/backend/repository/user_session_repository.go:26.78,28.2 1 0
blackjack/backend/repository/user_session_repository.go:30.84,32.2 1 0
blackjack/backend/repository/user_session_repository.go:34.68,38.2 1 0
blackjack/backend/main.go:46.13,48.15 2 0
blackjack/backend/main.go:48.15,50.3 1 0
blackjack/backend/main.go:52.2,53.16 2 0
blackjack/backend/main.go:53.16,55.3 1 0
blackjack/backend/main.go:56.2,67.25 9 0
blackjack/backend/main.go:67.25,69.3 1 0
blackjack/backend/main.go:70.2,74.20 4 0
blackjack/backend/main.go:74.20,76.3 1 0
blackjack/backend/main.go:77.2,86.12 7 0
blackjack/backend/main.go:86.12,87.104 1 0
blackjack/backend/main.go:87.104,89.4 1 0
blackjack/backend/main.go:90.3,90.54 1 0
blackjack/backend/main.go:90.54,92.4 1 0
blackjack/backend/main.go:95.2,103.16 7 0
blackjack/backend/main.go:103.16,105.3 1 0
blackjack/backend/main.go:106.2,108.12 2 0
blackjack/backend/main.go:108.12,109.70 1 0
blackjack/backend/main.go:109.70,111.4 1 0
blackjack/backend/main.go:114.2,123.48 8 0
blackjack/backend/main.go:123.48,125.3 1 0
blackjack/backend/main.go:127.2,127.42 1 0
blackjack/backend/main.go:127.42,129.3 1 0
blackjack/backend/main.go:130.2,130.47 1 0
blackjack/backend/main.go:130.47,132.3 1 0
blackjack/backend/main.go:133.2,134.16 2 0
blackjack/backend/main.go:134.16,136.3 1 0
blackjack/backend/main.go:136.8,136.45 1 0
blackjack/backend/main.go:136.45,138.3 1 0
blackjack/backend/main.go:141.39,143.13 2 0
blackjack/backend/main.go:143.13,145.3 1 0
blackjack/backend/main.go:146.2,148.26 3 0
blackjack/backend/main.go:148.26,150.14 2 0
blackjack/backend/main.go:150.14,152.4 1 0
blackjack/backend/main.go:154.2,154.19 1 0
blackjack/backend/main.go:154.19,156.3 1 0
blackjack/backend/main.go:157.2,157.12 1 0
blackjack/backend/main.go:160.48,162.15 2 0
blackjack/backend/main.go:162.15,164.3 1 0
blackjack/backend/main.go:165.2,166.26 2 0
blackjack/backend/main.go:166.26,168.3 1 0
blackjack/backend/main.go:169.2,169.10 1 0
blackjack/backend/main.go:172.46,173.65 1 0
blackjack/backend/main.go:173.65,175.3 1 0
blackjack/backend/main.go:176.2,176.72 1 0
blackjack/backend/main.go:176.72,178.3 1 0
blackjack/backend/main.go:179.2,179.25 1 0
blackjack/backend/main.go:182.131,185.6 3 0
blackjack/backend/main.go:185.6,186.10 1 0
blackjack/backend/main.go:187.21,188.10 1 0
blackjack/backend/main.go:189.19,191.18 2 0
blackjack/backend/main.go:191.18,192.42 1 0
blackjack/backend/main.go:192.42,194.6 1 0
blackjack/backend/main.go:195.5,195.13 1 0
blackjack/backend/main.go:197.4,197.35 1 0
blackjack/backend/main.go:197.35,199.5 1 0
blackjack/backend/main.go:204.90,207.6 3 0
blackjack/backend/main.go:207.6,208.10 1 0
blackjack/backend/main.go:209.21,210.10 1 0
blackjack/backend/main.go:211.19,213.18 2 0
blackjack/backend/main.go:213.18,214.42 1 0
blackjack/backend/main.go:214.42,216.6 1 0
blackjack/backend/main.go:217.5,217.13 1 0
blackjack/backend/main.go:219.4,220.18 2 0
blackjack/backend/main.go:220.18,221.42 1 0
blackjack/backend/main.go:221.42,223.6 1 0
blackjack/backend/main.go:224.5,224.13 1 0
blackjack/backend/main.go:226.4,227.52 2 0
blackjack/backend/main.go:232.92,233.36 1 0
blackjack/backend/main.go:233.36,236.43 3 0
blackjack/backend/main.go:236.43,243.4 1 0
blackjack/backend/main.go:244.3,244.51 1 0
blackjack/backend/main.go:244.51,252.4 1 0
blackjack/backend/main.go:253.3,253.56 1 0
blackjack/backend/main.go:253.56,261.4 1 0
blackjack/backend/main.go:262.3,267.5 1 0
blackjack/backend/usecase/game_usecase.go:81.114,87.2 1 111
blackjack/backend/usecase/game_usecase.go:90.95,91.22 1 3
blackjack/backend/usecase/game_usecase.go:91.22,93.3 1 1
blackjack/backend/usecase/game_usecase.go:94.2,98.16 4 2
blackjack/backend/usecase/game_usecase.go:98.16,100.3 1 0
blackjack/backend/usecase/game_usecase.go:101.2,101.57 1 2
blackjack/backend/usecase/game_usecase.go:101.57,103.3 1 0
blackjack/backend/usecase/game_usecase.go:104.2,106.69 2 2
blackjack/backend/usecase/game_usecase.go:106.69,108.3 1 2
blackjack/backend/usecase/game_usecase.go:108.17,110.3 1 1
blackjack/backend/usecase/game_usecase.go:111.2,111.18 1 1
blackjack/backend/usecase/game_usecase.go:115.97,116.18 1 10
blackjack/backend/usecase/game_usecase.go:116.18,118.3 1 1
blackjack/backend/usecase/game_usecase.go:119.2,119.18 1 9
blackjack/backend/usecase/game_usecase.go:119.18,121.3 1 1
blackjack/backend/usecase/game_usecase.go:122.2,123.16 2 8
blackjack/backend/usecase/game_usecase.go:123.16,125.3 1 1
blackjack/backend/usecase/game_usecase.go:126.2,126.46 1 7
blackjack/backend/usecase/game_usecase.go:126.46,128.3 1 1
blackjack/backend/usecase/game_usecase.go:129.2,129.31 1 6
blackjack/backend/usecase/game_usecase.go:129.31,131.3 1 1
blackjack/backend/usecase/game_usecase.go:132.2,133.16 2 5
blackjack/backend/usecase/game_usecase.go:133.16,135.3 1 1
blackjack/backend/usecase/game_usecase.go:136.2,137.28 2 4
blackjack/backend/usecase/game_usecase.go:137.28,138.85 1 1
blackjack/backend/usecase/game_usecase.go:138.85,140.4 1 1
blackjack/backend/usecase/game_usecase.go:142.2,142.22 1 4
blackjack/backend/usecase/game_usecase.go:142.22,144.3 1 1
blackjack/backend/usecase/game_usecase.go:146.2,148.16 3 3
blackjack/backend/usecase/game_usecase.go:148.16,150.3 1 0
blackjack/backend/usecase/game_usecase.go:151.2,151.92 1 3
blackjack/backend/usecase/game_usecase.go:151.92,153.3 1 0
blackjack/backend/usecase/game_usecase.go:154.2,156.69 2 3
blackjack/backend/usecase/game_usecase.go:156.69,157.58 1 3
blackjack/backend/usecase/game_usecase.go:157.58,158.42 1 2
blackjack/backend/usecase/game_usecase.go:158.42,160.5 1 1
blackjack/backend/usecase/game_usecase.go:161.4,161.14 1 1
blackjack/backend/usecase/game_usecase.go:163.3,163.34 1 1
blackjack/backend/usecase/game_usecase.go:164.17,166.3 1 3
blackjack/backend/usecase/game_usecase.go:167.2,167.18 1 0
blackjack/backend/usecase/game_usecase.go:171.116,172.18 1 16
blackjack/backend/usecase/game_usecase.go:172.18,174.3 1 1
blackjack/backend/usecase/game_usecase.go:175.2,175.18 1 15
blackjack/backend/usecase/game_usecase.go:175.18,177.3 1 1
blackjack/backend/usecase/game_usecase.go:178.2,179.16 2 14
blackjack/backend/usecase/game_usecase.go:179.16,181.3 1 0
blackjack/backend/usecase/game_usecase.go:182.2,182.31 1 14
blackjack/backend/usecase/game_usecase.go:182.31,184.17 2 4
blackjack/backend/usecase/game_usecase.go:184.17,185.37 1 2
blackjack/backend/usecase/game_usecase.go:185.37,187.5 1 1
blackjack/backend/usecase/game_usecase.go:188.4,188.24 1 1
blackjack/backend/usecase/game_usecase.go:190.3,190.39 1 2
blackjack/backend/usecase/game_usecase.go:190.39,192.4 1 1
blackjack/backend/usecase/game_usecase.go:194.2,194.34 1 11
blackjack/backend/usecase/game_usecase.go:194.34,196.3 1 1
blackjack/backend/usecase/game_usecase.go:197.2,198.16 2 10
blackjack/backend/usecase/game_usecase.go:198.16,199.36 1 1
blackjack/backend/usecase/game_usecase.go:199.36,201.4 1 1
blackjack/backend/usecase/game_usecase.go:202.3,202.23 1 0
blackjack/backend/usecase/game_usecase.go:204.2,204.24 1 9
blackjack/backend/usecase/game_usecase.go:208.92,209.18 1 2
blackjack/backend/usecase/game_usecase.go:209.18,211.3 1 1
blackjack/backend/usecase/game_usecase.go:212.2,212.47 1 1
blackjack/backend/usecase/game_usecase.go:216.113,217.18 1 8
blackjack/backend/usecase/game_usecase.go:217.18,219.3 1 1
blackjack/backend/usecase/game_usecase.go:220.2,220.18 1 7
blackjack/backend/usecase/game_usecase.go:220.18,222.3 1 1
blackjack/backend/usecase/game_usecase.go:223.2,224.16 2 6
blackjack/backend/usecase/game_usecase.go:224.16,226.3 1 0
blackjack/backend/usecase/game_usecase.go:227.2,227.34 1 6
blackjack/backend/usecase/game_usecase.go:227.34,229.3 1 1
blackjack/backend/usecase/game_usecase.go:230.2,231.16 2 5
blackjack/backend/usecase/game_usecase.go:231.16,233.3 1 1
blackjack/backend/usecase/game_usecase.go:234.2,234.38 1 4
blackjack/backend/usecase/game_usecase.go:234.38,236.3 1 0
blackjack/backend/usecase/game_usecase.go:237.2,238.16 2 4
blackjack/backend/usecase/game_usecase.go:238.16,240.3 1 1
blackjack/backend/usecase/game_usecase.go:241.2,245.29 5 3
blackjack/backend/usecase/game_usecase.go:245.29,246.26 1 4
blackjack/backend/usecase/game_usecase.go:246.26,247.12 1 3
blackjack/backend/usecase/game_usecase.go:249.3,249.87 1 1
blackjack/backend/usecase/game_usecase.go:249.87,251.4 1 1
blackjack/backend/usecase/game_usecase.go:254.2,254.31 1 3
blackjack/backend/usecase/game_usecase.go:254.31,255.67 1 3
blackjack/backend/usecase/game_usecase.go:255.67,262.4 2 1
blackjack/backend/usecase/game_usecase.go:264.2,264.72 1 3
blackjack/backend/usecase/game_usecase.go:264.72,266.3 1 0
blackjack/backend/usecase/game_usecase.go:267.2,268.69 2 3
blackjack/backend/usecase/game_usecase.go:268.69,269.53 1 3
blackjack/backend/usecase/game_usecase.go:269.53,271.4 1 1
blackjack/backend/usecase/game_usecase.go:272.3,272.34 1 2
blackjack/backend/usecase/game_usecase.go:273.17,275.3 1 2
blackjack/backend/usecase/game_usecase.go:276.2,276.28 1 1
blackjack/backend/usecase/game_usecase.go:279.90,281.28 2 6
blackjack/backend/usecase/game_usecase.go:281.28,282.32 1 11
blackjack/backend/usecase/game_usecase.go:282.32,283.12 1 6
blackjack/backend/usecase/game_usecase.go:285.3,285.85 1 5
blackjack/backend/usecase/game_usecase.go:285.85,287.4 1 5
blackjack/backend/usecase/game_usecase.go:289.2,289.26 1 6
blackjack/backend/usecase/game_usecase.go:289.26,291.3 1 3
blackjack/backend/usecase/game_usecase.go:292.2,292.45 1 3
blackjack/backend/usecase/game_usecase.go:292.45,293.51 1 2
blackjack/backend/usecase/game_usecase.go:293.51,295.4 1 2
blackjack/backend/usecase/game_usecase.go:296.3,296.53 1 0
blackjack/backend/usecase/game_usecase.go:298.2,298.22 1 3
blackjack/backend/usecase/game_usecase.go:302.106,303.18 1 8
blackjack/backend/usecase/game_usecase.go:303.18,305.3 1 1
blackjack/backend/usecase/game_usecase.go:306.2,306.18 1 7
blackjack/backend/usecase/game_usecase.go:306.18,308.3 1 1
blackjack/backend/usecase/game_usecase.go:309.2,310.69 2 6
blackjack/backend/usecase/game_usecase.go:310.69,312.17 2 6
blackjack/backend/usecase/game_usecase.go:312.17,314.4 1 1
blackjack/backend/usecase/game_usecase.go:315.3,315.32 1 5
blackjack/backend/usecase/game_usecase.go:315.32,317.4 1 1
blackjack/backend/usecase/game_usecase.go:318.3,320.50 3 4
blackjack/backend/usecase/game_usecase.go:320.50,322.4 1 1
blackjack/backend/usecase/game_usecase.go:323.3,323.68 1 3
blackjack/backend/usecase/game_usecase.go:323.68,325.4 1 1
blackjack/backend/usecase/game_usecase.go:326.3,326.67 1 2
blackjack/backend/usecase/game_usecase.go:326.67,328.4 1 1
blackjack/backend/usecase/game_usecase.go:329.3,329.58 1 1
blackjack/backend/usecase/game_usecase.go:329.58,331.4 1 0
blackjack/backend/usecase/game_usecase.go:332.3,333.50 2 1
blackjack/backend/usecase/game_usecase.go:333.50,335.4 1 1
blackjack/backend/usecase/game_usecase.go:336.3,337.13 2 0
blackjack/backend/usecase/game_usecase.go:338.17,340.3 1 6
blackjack/backend/usecase/game_usecase.go:341.2,341.17 1 0
blackjack/backend/usecase/game_usecase.go:345.109,346.18 1 8
blackjack/backend/usecase/game_usecase.go:346.18,348.3 1 1
blackjack/backend/usecase/game_usecase.go:349.2,349.18 1 7
blackjack/backend/usecase/game_usecase.go:349.18,351.3 1 1
blackjack/backend/usecase/game_usecase.go:352.2,353.16 2 6
blackjack/backend/usecase/game_usecase.go:353.16,355.3 1 1
blackjack/backend/usecase/game_usecase.go:356.2,356.31 1 5
blackjack/backend/usecase/game_usecase.go:356.31,358.17 2 4
blackjack/backend/usecase/game_usecase.go:358.17,359.37 1 2
blackjack/backend/usecase/game_usecase.go:359.37,361.5 1 1
blackjack/backend/usecase/game_usecase.go:362.4,362.19 1 1
[...]
blackjack/backend/usecase/game_usecase.go:740.57,742.3 1 1
blackjack/backend/usecase/game_usecase.go:743.2,744.33 2 3
blackjack/backend/usecase/game_usecase.go:748.221,752.16 4 10
blackjack/backend/usecase/game_usecase.go:752.16,754.3 1 1
blackjack/backend/usecase/game_usecase.go:755.2,755.9 1 9
blackjack/backend/usecase/game_usecase.go:755.9,757.3 1 2
blackjack/backend/usecase/game_usecase.go:758.2,759.16 2 7
blackjack/backend/usecase/game_usecase.go:759.16,761.3 1 0
blackjack/backend/usecase/game_usecase.go:762.2,764.16 3 7
blackjack/backend/usecase/game_usecase.go:764.16,766.3 1 0
blackjack/backend/usecase/game_usecase.go:767.2,768.16 2 7
blackjack/backend/usecase/game_usecase.go:768.16,770.3 1 0
blackjack/backend/usecase/game_usecase.go:771.2,771.60 1 7
blackjack/backend/usecase/game_usecase.go:771.60,773.3 1 1
blackjack/backend/usecase/game_usecase.go:774.2,774.73 1 6
blackjack/backend/usecase/game_usecase.go:774.73,776.3 1 0
blackjack/backend/usecase/game_usecase.go:777.2,779.42 3 6
blackjack/backend/usecase/game_usecase.go:779.42,780.71 1 1
blackjack/backend/usecase/game_usecase.go:780.71,782.4 1 0
blackjack/backend/usecase/game_usecase.go:783.3,783.74 1 1
blackjack/backend/usecase/game_usecase.go:783.74,785.4 1 0
blackjack/backend/usecase/game_usecase.go:786.3,786.28 1 1
blackjack/backend/usecase/game_usecase.go:788.2,789.56 2 6
blackjack/backend/usecase/game_usecase.go:789.56,791.3 1 0
blackjack/backend/usecase/game_usecase.go:792.2,793.52 2 6
blackjack/backend/usecase/game_usecase.go:793.52,795.3 1 1
blackjack/backend/usecase/game_usecase.go:796.2,796.58 1 5
blackjack/backend/usecase/game_usecase.go:796.58,798.3 1 1
blackjack/backend/usecase/game_usecase.go:799.2,799.58 1 4
blackjack/backend/usecase/game_usecase.go:799.58,801.3 1 1
blackjack/backend/usecase/game_usecase.go:802.2,802.49 1 3
blackjack/backend/usecase/game_usecase.go:802.49,804.3 1 1
blackjack/backend/usecase/game_usecase.go:805.2,805.18 1 2
blackjack/backend/usecase/game_usecase.go:809.172,810.18 1 18
blackjack/backend/usecase/game_usecase.go:810.18,812.3 1 1
blackjack/backend/usecase/game_usecase.go:813.2,813.60 1 17
blackjack/backend/usecase/game_usecase.go:813.60,815.3 1 3
blackjack/backend/usecase/game_usecase.go:816.2,817.16 2 14
blackjack/backend/usecase/game_usecase.go:817.16,819.3 1 1
blackjack/backend/usecase/game_usecase.go:820.2,820.70 1 13
blackjack/backend/usecase/game_usecase.go:820.70,821.36 1 2
blackjack/backend/usecase/game_usecase.go:821.36,823.4 1 1
blackjack/backend/usecase/game_usecase.go:824.3,824.23 1 1
blackjack/backend/usecase/game_usecase.go:826.2,827.16 2 11
blackjack/backend/usecase/game_usecase.go:827.16,829.3 1 1
blackjack/backend/usecase/game_usecase.go:831.2,844.69 5 10
blackjack/backend/usecase/game_usecase.go:844.69,846.17 2 10
blackjack/backend/usecase/game_usecase.go:846.17,848.4 1 1
blackjack/backend/usecase/game_usecase.go:849.3,849.52 1 9
blackjack/backend/usecase/game_usecase.go:849.52,851.4 1 1
blackjack/backend/usecase/game_usecase.go:852.3,852.62 1 8
blackjack/backend/usecase/game_usecase.go:852.62,854.4 1 1
blackjack/backend/usecase/game_usecase.go:855.3,858.80 3 7
blackjack/backend/usecase/game_usecase.go:858.80,860.4 1 0
blackjack/backend/usecase/game_usecase.go:860.9,860.20 1 7
blackjack/backend/usecase/game_usecase.go:860.20,862.4 1 1
blackjack/backend/usecase/game_usecase.go:863.3,864.17 2 6
blackjack/backend/usecase/game_usecase.go:864.17,866.4 1 0
blackjack/backend/usecase/game_usecase.go:867.3,869.32 3 6
blackjack/backend/usecase/game_usecase.go:869.32,870.21 1 6
blackjack/backend/usecase/game_usecase.go:870.21,872.10 2 5
blackjack/backend/usecase/game_usecase.go:875.3,875.18 1 6
blackjack/backend/usecase/game_usecase.go:875.18,877.4 1 1
blackjack/backend/usecase/game_usecase.go:879.3,885.36 3 5
blackjack/backend/usecase/game_usecase.go:885.36,887.4 1 4
blackjack/backend/usecase/game_usecase.go:888.3,889.50 2 5
blackjack/backend/usecase/game_usecase.go:889.50,891.4 1 1
blackjack/backend/usecase/game_usecase.go:892.3,893.27 2 4
blackjack/backend/usecase/game_usecase.go:893.27,895.4 1 1
blackjack/backend/usecase/game_usecase.go:896.3,900.57 4 4
blackjack/backend/usecase/game_usecase.go:900.57,902.4 1 1
blackjack/backend/usecase/game_usecase.go:904.3,904.10 1 3
blackjack/backend/usecase/game_usecase.go:905.18,908.18 3 0
blackjack/backend/usecase/game_usecase.go:908.18,910.5 1 0
blackjack/backend/usecase/game_usecase.go:911.4,911.15 1 0
blackjack/backend/usecase/game_usecase.go:912.15,913.68 1 1
blackjack/backend/usecase/game_usecase.go:913.68,915.5 1 0
blackjack/backend/usecase/game_usecase.go:916.11,920.18 4 2
blackjack/backend/usecase/game_usecase.go:920.18,922.5 1 0
blackjack/backend/usecase/game_usecase.go:923.4,923.11 1 2
blackjack/backend/usecase/game_usecase.go:923.11,925.5 1 0
blackjack/backend/usecase/game_usecase.go:928.3,933.17 2 3
blackjack/backend/usecase/game_usecase.go:933.17,935.4 1 0
blackjack/backend/usecase/game_usecase.go:936.3,936.78 1 3
blackjack/backend/usecase/game_usecase.go:937.17,939.3 1 7
blackjack/backend/usecase/game_usecase.go:940.2,940.24 1 3
blackjack/backend/usecase/game_usecase.go:944.110,945.88 1 14
blackjack/backend/usecase/game_usecase.go:945.88,947.3 1 49
blackjack/backend/usecase/game_usecase.go:948.2,949.16 2 14
blackjack/backend/usecase/game_usecase.go:949.16,951.3 1 0
blackjack/backend/usecase/game_usecase.go:952.2,953.16 2 14
blackjack/backend/usecase/game_usecase.go:953.16,955.3 1 2
blackjack/backend/usecase/game_usecase.go:956.2,958.16 3 12
blackjack/backend/usecase/game_usecase.go:958.16,960.3 1 0
blackjack/backend/usecase/game_usecase.go:961.2,962.16 2 12
blackjack/backend/usecase/game_usecase.go:962.16,964.3 1 0
blackjack/backend/usecase/game_usecase.go:965.2,967.16 3 12
blackjack/backend/usecase/game_usecase.go:967.16,969.3 1 0
blackjack/backend/usecase/game_usecase.go:970.2,971.16 2 12
blackjack/backend/usecase/game_usecase.go:971.16,973.3 1 0
blackjack/backend/usecase/game_usecase.go:974.2,976.16 3 12
blackjack/backend/usecase/game_usecase.go:976.16,978.3 1 1
blackjack/backend/usecase/game_usecase.go:979.2,980.16 2 11
blackjack/backend/usecase/game_usecase.go:980.16,982.3 1 0
blackjack/backend/usecase/game_usecase.go:983.2,984.12 2 11
blackjack/backend/usecase/game_usecase.go:988.145,990.69 2 4
blackjack/backend/usecase/game_usecase.go:990.69,992.3 1 1
blackjack/backend/usecase/game_usecase.go:993.2,993.72 1 3
blackjack/backend/usecase/game_usecase.go:993.72,995.3 1 0
blackjack/backend/usecase/game_usecase.go:996.2,1000.16 5 3
blackjack/backend/usecase/game_usecase.go:1000.16,1002.3 1 1
blackjack/backend/usecase/game_usecase.go:1003.2,1003.54 1 2
blackjack/backend/usecase/game_usecase.go:1003.54,1005.3 1 0
blackjack/backend/usecase/game_usecase.go:1006.2,1012.16 3 2
blackjack/backend/usecase/game_usecase.go:1012.16,1014.3 1 0
blackjack/backend/usecase/game_usecase.go:1015.2,1020.8 1 2
blackjack/backend/usecase/game_usecase.go:1024.87,1025.34 1 4
blackjack/backend/usecase/game_usecase.go:1025.34,1027.3 1 1
blackjack/backend/usecase/game_usecase.go:1028.2,1029.16 2 3
blackjack/backend/usecase/game_usecase.go:1029.16,1031.3 1 0
blackjack/backend/usecase/game_usecase.go:1032.2,1032.76 1 3
blackjack/backend/usecase/game_usecase.go:1032.76,1034.3 1 2
blackjack/backend/usecase/game_usecase.go:1035.2,1035.60 1 1
blackjack/backend/usecase/game_usecase.go:1035.60,1037.3 1 0
blackjack/backend/usecase/game_usecase.go:1038.2,1038.41 1 1
blackjack/backend/usecase/game_usecase.go:1042.90,1043.34 1 6
blackjack/backend/usecase/game_usecase.go:1043.34,1045.3 1 2
blackjack/backend/usecase/game_usecase.go:1046.2,1047.16 2 4
blackjack/backend/usecase/game_usecase.go:1047.16,1048.36 1 2
blackjack/backend/usecase/game_usecase.go:1048.36,1050.4 1 1
blackjack/backend/usecase/game_usecase.go:1051.3,1051.13 1 1
blackjack/backend/usecase/game_usecase.go:1053.2,1053.82 1 2
blackjack/backend/usecase/game_usecase.go:1053.82,1055.3 1 0
blackjack/backend/usecase/game_usecase.go:1056.2,1056.66 1 2
blackjack/backend/usecase/game_usecase.go:1056.66,1058.3 1 0
blackjack/backend/usecase/game_usecase.go:1059.2,1059.41 1 2
blackjack/backend/usecase/game_usecase.go:1063.83,1066.16 3 8
blackjack/backend/usecase/game_usecase.go:1066.16,1068.3 1 1
blackjack/backend/usecase/game_usecase.go:1069.2,1071.32 3 7
blackjack/backend/usecase/game_usecase.go:1071.32,1072.121 1 2
blackjack/backend/usecase/game_usecase.go:1072.121,1074.4 1 1
blackjack/backend/usecase/game_usecase.go:1075.3,1075.38 1 1
blackjack/backend/usecase/game_usecase.go:1075.38,1078.4 2 1
blackjack/backend/usecase/game_usecase.go:1080.2,1081.16 2 6
blackjack/backend/usecase/game_usecase.go:1081.16,1083.3 1 1
blackjack/backend/usecase/game_usecase.go:1084.2,1084.38 1 5
blackjack/backend/usecase/game_usecase.go:1084.38,1085.120 1 2
blackjack/backend/usecase/game_usecase.go:1085.120,1087.4 1 1
blackjack/backend/usecase/game_usecase.go:1088.3,1088.38 1 1
blackjack/backend/usecase/game_usecase.go:1088.38,1091.4 2 1
blackjack/backend/usecase/game_usecase.go:1094.2,1095.16 2 4
blackjack/backend/usecase/game_usecase.go:1095.16,1097.3 1 1
blackjack/backend/usecase/game_usecase.go:1098.2,1098.30 1 3
blackjack/backend/usecase/game_usecase.go:1098.30,1099.132 1 2
blackjack/backend/usecase/game_usecase.go:1099.132,1101.4 1 1
blackjack/backend/usecase/game_usecase.go:1102.3,1102.38 1 1
blackjack/backend/usecase/game_usecase.go:1102.38,1105.4 2 1
blackjack/backend/usecase/game_usecase.go:1107.2,1107.26 1 2
blackjack/backend/usecase/game_usecase.go:1111.91,1112.66 1 9
blackjack/backend/usecase/game_usecase.go:1112.66,1114.17 2 9
blackjack/backend/usecase/game_usecase.go:1114.17,1116.4 1 2
blackjack/backend/usecase/game_usecase.go:1117.3,1117.50 1 7
blackjack/backend/usecase/game_usecase.go:1117.50,1119.4 1 1
blackjack/backend/usecase/game_usecase.go:1120.3,1121.73 2 6
blackjack/backend/usecase/game_usecase.go:1121.73,1123.4 1 0
blackjack/backend/usecase/game_usecase.go:1124.3,1125.17 2 6
blackjack/backend/usecase/game_usecase.go:1125.17,1127.4 1 1
blackjack/backend/usecase/game_usecase.go:1128.3,1128.72 1 5
blackjack/backend/usecase/game_usecase.go:1128.72,1130.4 1 1
blackjack/backend/usecase/game_usecase.go:1131.3,1132.17 2 4
blackjack/backend/usecase/game_usecase.go:1132.17,1134.4 1 0
blackjack/backend/usecase/game_usecase.go:1135.3,1137.50 3 4
blackjack/backend/usecase/game_usecase.go:1137.50,1139.4 1 1
blackjack/backend/usecase/game_usecase.go:1140.3,1141.25 2 3
blackjack/backend/usecase/game_usecase.go:1141.25,1143.4 1 1
blackjack/backend/usecase/game_usecase.go:1144.3,1144.49 1 2
blackjack/backend/usecase/game_usecase.go:1144.49,1147.4 2 2
blackjack/backend/usecase/game_usecase.go:1148.3,1148.51 1 0
blackjack/backend/usecase/game_usecase.go:1153.80,1155.16 2 10
blackjack/backend/usecase/game_usecase.go:1155.16,1157.3 1 1
blackjack/backend/usecase/game_usecase.go:1158.2,1158.127 1 9
blackjack/backend/usecase/game_usecase.go:1158.127,1160.3 1 0
blackjack/backend/usecase/game_usecase.go:1161.2,1162.16 2 9
blackjack/backend/usecase/game_usecase.go:1162.16,1164.3 1 0
blackjack/backend/usecase/game_usecase.go:1165.2,1166.16 2 9
blackjack/backend/usecase/game_usecase.go:1166.16,1168.3 1 0
blackjack/backend/usecase/game_usecase.go:1169.2,1169.23 1 9
blackjack/backend/usecase/game_usecase.go:1169.23,1171.3 1 1
blackjack/backend/usecase/game_usecase.go:1172.2,1174.16 3 8
blackjack/backend/usecase/game_usecase.go:1174.16,1176.3 1 1
blackjack/backend/usecase/game_usecase.go:1177.2,1177.108 1 7
blackjack/backend/usecase/game_usecase.go:1177.108,1178.74 1 1
blackjack/backend/usecase/game_usecase.go:1178.74,1183.4 3 1
blackjack/backend/usecase/game_usecase.go:1185.2,1186.66 2 6
blackjack/backend/usecase/game_usecase.go:1186.66,1188.3 1 0
blackjack/backend/usecase/game_usecase.go:1189.2,1189.73 1 6
blackjack/backend/usecase/game_usecase.go:1189.73,1191.3 1 0
blackjack/backend/usecase/game_usecase.go:1192.2,1193.56 2 6
blackjack/backend/usecase/game_usecase.go:1193.56,1195.3 1 0
blackjack/backend/usecase/game_usecase.go:1196.2,1211.65 8 6
blackjack/backend/usecase/game_usecase.go:1211.65,1213.17 2 6
blackjack/backend/usecase/game_usecase.go:1213.17,1215.4 1 0
blackjack/backend/usecase/game_usecase.go:1216.3,1216.10 1 6
blackjack/backend/usecase/game_usecase.go:1216.10,1218.4 1 1
blackjack/backend/usecase/game_usecase.go:1219.3,1219.59 1 5
blackjack/backend/usecase/game_usecase.go:1219.59,1221.4 1 1
blackjack/backend/usecase/game_usecase.go:1222.3,1222.59 1 4
blackjack/backend/usecase/game_usecase.go:1222.59,1224.4 1 1
blackjack/backend/usecase/game_usecase.go:1225.3,1225.50 1 3
blackjack/backend/usecase/game_usecase.go:1225.50,1227.4 1 1
blackjack/backend/usecase/game_usecase.go:1228.3,1233.17 2 2
blackjack/backend/usecase/game_usecase.go:1233.17,1235.4 1 0
blackjack/backend/usecase/game_usecase.go:1236.3,1236.78 1 2
blackjack/backend/usecase/game_usecase.go:1238.2,1238.16 1 6
blackjack/backend/usecase/game_usecase.go:1238.16,1240.3 1 1
blackjack/backend/usecase/game_usecase.go:1241.2,1241.12 1 6
blackjack/backend/usecase/game_usecase.go:1245.79,1247.16 2 8
blackjack/backend/usecase/game_usecase.go:1247.16,1249.3 1 0
blackjack/backend/usecase/game_usecase.go:1250.2,1250.50 1 8
blackjack/backend/usecase/game_usecase.go:1250.50,1252.3 1 0
blackjack/backend/usecase/game_usecase.go:1253.2,1254.16 2 8
blackjack/backend/usecase/game_usecase.go:1254.16,1256.3 1 1
blackjack/backend/usecase/game_usecase.go:1257.2,1258.16 2 7
blackjack/backend/usecase/game_usecase.go:1258.16,1260.3 1 0
blackjack/backend/usecase/game_usecase.go:1261.2,1261.23 1 7
blackjack/backend/usecase/game_usecase.go:1261.23,1263.3 1 1
blackjack/backend/usecase/game_usecase.go:1264.2,1266.16 3 6
blackjack/backend/usecase/game_usecase.go:1266.16,1268.3 1 0
blackjack/backend/usecase/game_usecase.go:1269.2,1274.51 6 6
blackjack/backend/usecase/game_usecase.go:1274.51,1276.17 2 2
blackjack/backend/usecase/game_usecase.go:1276.17,1278.4 1 0
blackjack/backend/usecase/game_usecase.go:1279.3,1280.57 2 2
blackjack/backend/usecase/game_usecase.go:1280.57,1282.4 1 0
blackjack/backend/usecase/game_usecase.go:1283.3,1283.18 1 2
blackjack/backend/usecase/game_usecase.go:1284.8,1286.17 2 4
blackjack/backend/usecase/game_usecase.go:1286.17,1288.4 1 0
blackjack/backend/usecase/game_usecase.go:1289.3,1290.17 2 4
blackjack/backend/usecase/game_usecase.go:1290.17,1292.4 1 0
blackjack/backend/usecase/game_usecase.go:1293.3,1293.25 1 4
blackjack/backend/usecase/game_usecase.go:1295.2,1297.65 3 6
blackjack/backend/usecase/game_usecase.go:1297.65,1299.17 2 6
blackjack/backend/usecase/game_usecase.go:1299.17,1301.4 1 1
blackjack/backend/usecase/game_usecase.go:1302.3,1302.10 1 5
blackjack/backend/usecase/game_usecase.go:1302.10,1304.4 1 2
blackjack/backend/usecase/game_usecase.go:1305.3,1305.59 1 3
blackjack/backend/usecase/game_usecase.go:1305.59,1307.4 1 0
blackjack/backend/usecase/game_usecase.go:1308.3,1308.22 1 3
blackjack/backend/usecase/game_usecase.go:1308.22,1309.60 1 2
blackjack/backend/usecase/game_usecase.go:1309.60,1311.5 1 0
blackjack/backend/usecase/game_usecase.go:1312.4,1312.59 1 2
blackjack/backend/usecase/game_usecase.go:1312.59,1314.5 1 1
blackjack/backend/usecase/game_usecase.go:1315.4,1315.51 1 1
blackjack/backend/usecase/game_usecase.go:1315.51,1317.5 1 1
blackjack/backend/usecase/game_usecase.go:1319.3,1319.13 1 1
blackjack/backend/usecase/game_usecase.go:1321.2,1321.27 1 6
blackjack/backend/usecase/game_usecase.go:1321.27,1323.3 1 1
blackjack/backend/usecase/game_usecase.go:1324.2,1324.12 1 6
blackjack/backend/usecase/game_usecase.go:1328.43,1332.26 4 13
blackjack/backend/usecase/game_usecase.go:1332.26,1333.27 1 52
blackjack/backend/usecase/game_usecase.go:1333.27,1335.4 1 676
blackjack/backend/usecase/game_usecase.go:1337.2,1337.37 1 13
blackjack/backend/usecase/game_usecase.go:1337.37,1339.17 2 663
blackjack/backend/usecase/game_usecase.go:1339.17,1342.12 3 0
blackjack/backend/usecase/game_usecase.go:1344.3,1345.38 2 663
blackjack/backend/usecase/game_usecase.go:1347.2,1347.13 1 13
blackjack/backend/usecase/idempotency.go:11.151,12.45 1 21
blackjack/backend/usecase/idempotency.go:12.45,14.3 1 1
blackjack/backend/usecase/idempotency.go:15.2,16.16 2 20
blackjack/backend/usecase/idempotency.go:16.16,17.62 1 5
blackjack/backend/usecase/idempotency.go:17.62,19.4 1 4
blackjack/backend/usecase/idempotency.go:20.3,20.45 1 1
blackjack/backend/usecase/idempotency.go:22.2,22.35 1 15
blackjack/backend/usecase/idempotency.go:22.35,24.3 1 1
blackjack/backend/usecase/idempotency.go:25.2,25.23 1 14
blackjack/backend/usecase/idempotency.go:29.136,32.2 2 9
blackjack/backend/usecase/rate_limit_usecase.go:45.80,57.2 1 11
blackjack/backend/usecase/rate_limit_usecase.go:59.92,68.16 2 2
blackjack/backend/usecase/rate_limit_usecase.go:68.16,70.3 1 1
blackjack/backend/usecase/rate_limit_usecase.go:71.2,75.8 1 1
blackjack/backend/usecase/rate_limit_usecase.go:78.113,80.2 1 2
blackjack/backend/usecase/rate_limit_usecase.go:82.112,84.2 1 4
blackjack/backend/usecase/rate_limit_usecase.go:86.100,89.16 3 3
blackjack/backend/usecase/rate_limit_usecase.go:89.16,91.3 1 1
blackjack/backend/usecase/rate_limit_usecase.go:92.2,97.8 1 2
blackjack/backend/usecase/rate_limit_usecase.go:107.30,113.16 5 6
blackjack/backend/usecase/rate_limit_usecase.go:113.16,115.3 1 1
blackjack/backend/usecase/rate_limit_usecase.go:116.2,116.9 1 5
blackjack/backend/usecase/rate_limit_usecase.go:116.9,123.3 1 1
blackjack/backend/usecase/rate_limit_usecase.go:125.2,126.17 2 4
blackjack/backend/usecase/rate_limit_usecase.go:126.17,133.3 1 1
blackjack/backend/usecase/rate_limit_usecase.go:135.2,137.16 3 3
blackjack/backend/usecase/rate_limit_usecase.go:137.16,139.3 1 1
blackjack/backend/usecase/rate_limit_usecase.go:140.2,140.10 1 2
blackjack/backend/usecase/rate_limit_usecase.go:140.10,147.3 1 1
blackjack/backend/usecase/rate_limit_usecase.go:149.2,150.22 2 1
blackjack/backend/usecase/rate_limit_usecase.go:150.22,152.3 1 1
blackjack/backend/usecase/rate_limit_usecase.go:153.2,158.8 1 1
blackjack/backend/usecase/rate_limit_usecase.go:161.39,163.13 2 8
blackjack/backend/usecase/rate_limit_usecase.go:163.13,165.3 1 1
blackjack/backend/usecase/rate_limit_usecase.go:166.2,167.40 2 7
blackjack/backend/usecase/rate_limit_usecase.go:170.45,174.2 3 5
blackjack/backend/usecase/user_usecase.go:40.45,40.63 1 2
blackjack/backend/usecase/user_usecase.go:41.45,41.67 1 2
blackjack/backend/usecase/user_usecase.go:42.45,42.62 1 1
blackjack/backend/usecase/user_usecase.go:51.75,57.2 1 5
blackjack/backend/usecase/user_usecase.go:60.100,62.67 2 3
blackjack/backend/usecase/user_usecase.go:62.67,64.3 1 1
blackjack/backend/usecase/user_usecase.go:65.2,66.16 2 2
blackjack/backend/usecase/user_usecase.go:66.16,68.3 1 0
blackjack/backend/usecase/user_usecase.go:69.2,78.69 3 2
blackjack/backend/usecase/user_usecase.go:78.69,80.3 1 2
blackjack/backend/usecase/user_usecase.go:80.17,81.41 1 1
blackjack/backend/usecase/user_usecase.go:81.41,83.4 1 1
blackjack/backend/usecase/user_usecase.go:84.3,84.18 1 0
blackjack/backend/usecase/user_usecase.go:87.2,88.16 2 1
blackjack/backend/usecase/user_usecase.go:88.16,90.3 1 0
blackjack/backend/usecase/user_usecase.go:91.2,91.68 1 1
blackjack/backend/usecase/user_usecase.go:95.99,97.16 2 2
blackjack/backend/usecase/user_usecase.go:97.16,99.3 1 0
blackjack/backend/usecase/user_usecase.go:100.2,100.99 1 2
blackjack/backend/usecase/user_usecase.go:100.99,102.3 1 1
blackjack/backend/usecase/user_usecase.go:103.2,104.16 2 1
blackjack/backend/usecase/user_usecase.go:104.16,106.3 1 0
blackjack/backend/usecase/user_usecase.go:107.2,107.68 1 1
blackjack/backend/usecase/user_usecase.go:111.57,114.2 2 1
blackjack/backend/usecase/user_usecase.go:117.83,118.18 1 3
blackjack/backend/usecase/user_usecase.go:118.18,120.3 1 1
blackjack/backend/usecase/user_usecase.go:121.2,122.16 2 2
blackjack/backend/usecase/user_usecase.go:122.16,124.3 1 1
blackjack/backend/usecase/user_usecase.go:125.2,125.18 1 1
