mode: set
blackjack/backend/main.go:45.25,48.47 3 1
blackjack/backend/main.go:48.47,50.3 1 1
blackjack/backend/main.go:53.13,55.2 1 1
blackjack/backend/main.go:57.39,59.13 2 1
blackjack/backend/main.go:59.13,61.3 1 1
blackjack/backend/main.go:62.2,64.26 3 1
blackjack/backend/main.go:64.26,66.14 2 1
blackjack/backend/main.go:66.14,68.4 1 1
blackjack/backend/main.go:70.2,70.19 1 1
blackjack/backend/main.go:70.19,72.3 1 1
blackjack/backend/main.go:73.2,73.12 1 1
blackjack/backend/main.go:76.48,78.15 2 1
blackjack/backend/main.go:78.15,80.3 1 1
blackjack/backend/main.go:81.2,82.26 2 1
blackjack/backend/main.go:82.26,84.3 1 1
blackjack/backend/main.go:85.2,85.10 1 1
blackjack/backend/main.go:88.46,89.65 1 1
blackjack/backend/main.go:89.65,91.3 1 1
blackjack/backend/main.go:92.2,92.72 1 1
blackjack/backend/main.go:92.72,94.3 1 1
blackjack/backend/main.go:95.2,95.25 1 1
blackjack/backend/main.go:103.95,105.3 1 1
blackjack/backend/main.go:107.89,107.117 1 1
blackjack/backend/main.go:108.89,108.120 1 1
blackjack/backend/main.go:111.131,114.6 3 1
blackjack/backend/main.go:114.6,115.10 1 1
blackjack/backend/main.go:116.21,117.10 1 1
blackjack/backend/main.go:118.19,120.18 2 1
blackjack/backend/main.go:120.18,121.42 1 1
blackjack/backend/main.go:121.42,123.6 1 1
blackjack/backend/main.go:124.5,124.13 1 1
blackjack/backend/main.go:126.4,126.35 1 1
blackjack/backend/main.go:126.35,128.5 1 0
blackjack/backend/main.go:133.90,136.6 3 1
blackjack/backend/main.go:136.6,137.10 1 1
blackjack/backend/main.go:138.21,139.10 1 1
blackjack/backend/main.go:140.19,142.18 2 1
blackjack/backend/main.go:142.18,143.42 1 1
blackjack/backend/main.go:143.42,145.6 1 1
blackjack/backend/main.go:146.5,146.13 1 1
blackjack/backend/main.go:148.4,149.18 2 1
blackjack/backend/main.go:149.18,150.42 1 1
blackjack/backend/main.go:150.42,152.6 1 1
blackjack/backend/main.go:153.5,153.13 1 1
blackjack/backend/main.go:155.4,156.52 2 1
blackjack/backend/main.go:161.92,162.36 1 1
blackjack/backend/main.go:162.36,165.43 3 1
blackjack/backend/main.go:165.43,172.4 1 1
blackjack/backend/main.go:173.3,173.51 1 1
blackjack/backend/main.go:173.51,181.4 1 1
blackjack/backend/main.go:182.3,182.56 1 1
blackjack/backend/main.go:182.56,190.4 1 1
blackjack/backend/main.go:191.3,196.5 1 1
blackjack/backend/run.go:31.53,33.3 1 1
blackjack/backend/run.go:35.54,37.3 1 1
blackjack/backend/run.go:38.65,40.3 1 1
blackjack/backend/run.go:41.45,42.15 1 1
blackjack/backend/run.go:42.15,44.4 1 1
blackjack/backend/run.go:45.3,45.19 1 1
blackjack/backend/run.go:47.50,49.3 1 1
blackjack/backend/run.go:50.41,51.17 1 1
blackjack/backend/run.go:51.17,53.4 1 1
blackjack/backend/run.go:54.3,54.21 1 1
blackjack/backend/run.go:59.53,61.12 2 1
blackjack/backend/run.go:64.68,66.15 2 1
blackjack/backend/run.go:66.15,68.3 1 1
blackjack/backend/run.go:70.2,71.16 2 1
blackjack/backend/run.go:71.16,73.3 1 1
blackjack/backend/run.go:74.2,85.25 9 1
blackjack/backend/run.go:85.25,87.3 1 1
blackjack/backend/run.go:88.2,92.20 4 1
blackjack/backend/run.go:92.20,94.3 1 1
blackjack/backend/run.go:95.2,104.12 7 1
blackjack/backend/run.go:104.12,105.99 1 1
blackjack/backend/run.go:105.99,107.4 1 0
blackjack/backend/run.go:110.2,118.16 7 1
blackjack/backend/run.go:118.16,120.3 1 1
blackjack/backend/run.go:121.2,123.12 2 1
blackjack/backend/run.go:123.12,124.87 1 1
blackjack/backend/run.go:124.87,126.4 1 1
blackjack/backend/run.go:129.2,136.55 6 1
blackjack/backend/run.go:136.55,138.3 1 1
blackjack/backend/run.go:140.2,140.48 1 1
blackjack/backend/run.go:140.48,142.3 1 1
blackjack/backend/run.go:143.2,143.53 1 1
blackjack/backend/run.go:143.53,145.3 1 1
blackjack/backend/run.go:146.2,147.16 2 1
blackjack/backend/run.go:147.16,149.3 1 1
blackjack/backend/run.go:149.8,149.51 1 1
blackjack/backend/run.go:149.51,151.3 1 1
blackjack/backend/run.go:152.2,152.12 1 1
