mode: atomic
blackjack/backend/middleware/audit_log_middleware.go:29.68,32.2 2 1
blackjack/backend/middleware/audit_log_middleware.go:35.56,37.2 1 1
blackjack/backend/middleware/audit_log_middleware.go:40.58,41.21 1 2
blackjack/backend/middleware/audit_log_middleware.go:41.21,43.3 1 1
blackjack/backend/middleware/audit_log_middleware.go:44.2,44.29 1 1
blackjack/backend/middleware/audit_log_middleware.go:47.56,49.21 2 5
blackjack/backend/middleware/audit_log_middleware.go:49.21,51.3 1 3
blackjack/backend/middleware/audit_log_middleware.go:52.2,52.11 1 2
blackjack/backend/middleware/audit_log_middleware.go:55.59,57.21 2 5
blackjack/backend/middleware/audit_log_middleware.go:57.21,59.3 1 3
blackjack/backend/middleware/audit_log_middleware.go:60.2,60.10 1 2
blackjack/backend/middleware/audit_log_middleware.go:63.48,64.54 1 2
blackjack/backend/middleware/audit_log_middleware.go:64.54,65.37 1 2
blackjack/backend/middleware/audit_log_middleware.go:65.37,67.19 2 2
blackjack/backend/middleware/audit_log_middleware.go:67.19,69.5 1 1
blackjack/backend/middleware/audit_log_middleware.go:70.4,72.18 3 2
blackjack/backend/middleware/audit_log_middleware.go:77.45,78.64 1 4
blackjack/backend/middleware/audit_log_middleware.go:78.64,80.3 1 1
blackjack/backend/middleware/audit_log_middleware.go:81.2,81.46 1 3
blackjack/backend/middleware/audit_log_middleware.go:84.47,85.54 1 2
blackjack/backend/middleware/audit_log_middleware.go:85.54,86.37 1 2
blackjack/backend/middleware/audit_log_middleware.go:86.37,91.19 5 2
blackjack/backend/middleware/audit_log_middleware.go:91.19,93.5 1 1
blackjack/backend/middleware/audit_log_middleware.go:94.4,96.35 3 2
blackjack/backend/middleware/audit_log_middleware.go:96.35,99.5 2 1
blackjack/backend/middleware/audit_log_middleware.go:100.4,103.65 4 2
blackjack/backend/middleware/audit_log_middleware.go:103.65,105.5 1 1
blackjack/backend/middleware/audit_log_middleware.go:106.4,107.64 2 2
blackjack/backend/middleware/audit_log_middleware.go:107.64,109.5 1 1
blackjack/backend/middleware/audit_log_middleware.go:110.4,128.14 3 2
blackjack/backend/middleware/auth_middleware.go:13.56,17.50 1 3
blackjack/backend/middleware/auth_middleware.go:17.50,19.4 1 2
blackjack/backend/middleware/auth_middleware.go:20.55,21.53 1 2
blackjack/backend/middleware/auth_middleware.go:21.53,23.5 1 1
blackjack/backend/middleware/auth_middleware.go:24.4,24.96 1 1
blackjack/backend/middleware/auth_middleware.go:26.40,28.4 1 1
blackjack/backend/middleware/auth_middleware.go:32.46,34.25 2 7
blackjack/backend/middleware/auth_middleware.go:34.25,36.3 1 2
blackjack/backend/middleware/auth_middleware.go:37.2,38.33 2 5
blackjack/backend/middleware/auth_middleware.go:38.33,40.3 1 2
blackjack/backend/middleware/auth_middleware.go:41.2,42.21 2 3
blackjack/backend/middleware/auth_middleware.go:42.21,44.3 1 2
blackjack/backend/middleware/auth_middleware.go:48.39,50.11 2 8
blackjack/backend/middleware/auth_middleware.go:51.45,52.14 1 2
blackjack/backend/middleware/auth_middleware.go:53.44,54.14 1 2
blackjack/backend/middleware/auth_middleware.go:55.10,56.15 1 4
blackjack/backend/middleware/csrf_middleware.go:12.43,13.54 1 1
blackjack/backend/middleware/csrf_middleware.go:13.54,14.37 1 6
blackjack/backend/middleware/csrf_middleware.go:14.37,15.21 1 6
blackjack/backend/middleware/csrf_middleware.go:15.21,17.5 1 1
blackjack/backend/middleware/csrf_middleware.go:19.4,19.24 1 5
blackjack/backend/middleware/csrf_middleware.go:19.24,21.5 1 1
blackjack/backend/middleware/csrf_middleware.go:22.4,23.36 2 4
blackjack/backend/middleware/csrf_middleware.go:23.36,25.5 1 2
blackjack/backend/middleware/csrf_middleware.go:26.4,27.42 2 2
blackjack/backend/middleware/csrf_middleware.go:27.42,29.5 1 1
blackjack/backend/middleware/csrf_middleware.go:30.4,30.18 1 1
blackjack/backend/middleware/csrf_middleware.go:35.41,39.2 3 7
blackjack/backend/middleware/csrf_middleware.go:41.37,42.28 1 9
blackjack/backend/middleware/csrf_middleware.go:43.76,43.76 0 7
blackjack/backend/middleware/csrf_middleware.go:44.10,45.15 1 2
blackjack/backend/middleware/csrf_middleware.go:47.2,48.61 2 7
blackjack/backend/middleware/csrf_middleware.go:48.61,50.3 1 1
blackjack/backend/middleware/csrf_middleware.go:51.2,51.13 1 6
blackjack/backend/middleware/metrics_middleware.go:13.52,14.54 1 1
blackjack/backend/middleware/metrics_middleware.go:14.54,15.37 1 1
blackjack/backend/middleware/metrics_middleware.go:15.37,19.19 4 1
blackjack/backend/middleware/metrics_middleware.go:19.19,21.5 1 1
blackjack/backend/middleware/metrics_middleware.go:22.4,28.14 2 1
blackjack/backend/middleware/rate_limit_middleware.go:13.80,14.54 1 5
blackjack/backend/middleware/rate_limit_middleware.go:14.54,15.37 1 5
blackjack/backend/middleware/rate_limit_middleware.go:15.37,16.22 1 5
blackjack/backend/middleware/rate_limit_middleware.go:16.22,18.5 1 1
blackjack/backend/middleware/rate_limit_middleware.go:19.4,20.20 2 4
blackjack/backend/middleware/rate_limit_middleware.go:20.20,22.5 1 1
blackjack/backend/middleware/rate_limit_middleware.go:23.4,24.18 2 3
blackjack/backend/middleware/rate_limit_middleware.go:24.18,26.5 1 1
blackjack/backend/middleware/rate_limit_middleware.go:27.4,27.23 1 2
blackjack/backend/middleware/rate_limit_middleware.go:27.23,30.5 2 1
blackjack/backend/middleware/rate_limit_middleware.go:31.4,31.18 1 1
