mode: atomic
blackjack/backend/model/dealer_policy.go:17.99,19.23 1 5
blackjack/backend/model/dealer_policy.go:19.23,21.3 1 1
blackjack/backend/model/dealer_policy.go:23.2,25.34 2 4
blackjack/backend/model/dealer_policy.go:25.34,27.3 1 2
blackjack/backend/model/dealer_policy.go:28.2,28.13 1 2
blackjack/backend/model/dealer_policy.go:28.13,30.3 1 1
blackjack/backend/model/dealer_policy.go:31.2,31.31 1 1
blackjack/backend/model/deck.go:3.51,4.18 1 3
blackjack/backend/model/deck.go:4.18,6.3 1 1
blackjack/backend/model/deck.go:6.8,8.3 1 2
blackjack/backend/model/deck.go:9.2,9.17 1 3
blackjack/backend/model/deck.go:12.54,13.50 1 3
blackjack/backend/model/deck.go:13.50,15.3 1 1
blackjack/backend/model/deck.go:16.2,16.32 1 2
blackjack/backend/model/deck.go:16.32,18.3 1 1
blackjack/backend/model/deck.go:19.2,21.15 3 1
blackjack/backend/model/deck.go:24.48,25.50 1 2
blackjack/backend/model/deck.go:25.50,27.3 1 1
blackjack/backend/model/deck.go:28.2,28.34 1 1
blackjack/backend/model/entities.go:22.66,23.34 1 2
blackjack/backend/model/entities.go:23.34,25.3 1 1
blackjack/backend/model/entities.go:26.2,26.17 1 1
blackjack/backend/model/entities.go:26.17,28.3 1 1
blackjack/backend/model/entities.go:29.2,35.8 1 1
blackjack/backend/model/entities.go:38.36,39.18 1 2
blackjack/backend/model/entities.go:39.18,41.3 1 1
blackjack/backend/model/entities.go:44.87,45.28 1 5
blackjack/backend/model/entities.go:45.28,47.3 1 1
blackjack/backend/model/entities.go:48.2,48.28 1 4
blackjack/backend/model/entities.go:48.28,50.3 1 1
blackjack/backend/model/entities.go:51.2,51.22 1 3
blackjack/backend/model/entities.go:51.22,54.3 2 1
blackjack/backend/model/entities.go:55.2,55.29 1 2
blackjack/backend/model/entities.go:55.29,58.3 2 1
blackjack/backend/model/entities.go:59.2,60.12 2 1
blackjack/backend/model/entities.go:79.89,80.30 1 3
blackjack/backend/model/entities.go:80.30,82.3 1 1
blackjack/backend/model/entities.go:83.2,83.18 1 2
blackjack/backend/model/entities.go:83.18,85.3 1 1
blackjack/backend/model/entities.go:86.2,86.17 1 1
blackjack/backend/model/entities.go:86.17,88.3 1 1
blackjack/backend/model/entities.go:89.2,99.8 1 1
blackjack/backend/model/entities.go:102.43,103.18 1 2
blackjack/backend/model/entities.go:103.18,105.3 1 1
blackjack/backend/model/entities.go:108.54,110.2 1 1
blackjack/backend/model/entities.go:112.58,113.19 1 3
blackjack/backend/model/entities.go:113.19,115.3 1 1
blackjack/backend/model/entities.go:116.2,116.27 1 2
blackjack/backend/model/entities.go:116.27,118.3 1 1
blackjack/backend/model/entities.go:119.2,119.12 1 1
blackjack/backend/model/entities.go:122.42,124.2 1 1
blackjack/backend/model/entities.go:126.62,127.21 1 11
blackjack/backend/model/entities.go:127.21,129.3 1 1
blackjack/backend/model/entities.go:131.2,131.18 1 10
blackjack/backend/model/entities.go:132.28,133.38 1 2
blackjack/backend/model/entities.go:133.38,135.4 1 1
blackjack/backend/model/entities.go:136.31,137.38 1 2
blackjack/backend/model/entities.go:137.38,139.4 1 1
blackjack/backend/model/entities.go:140.31,141.34 1 2
blackjack/backend/model/entities.go:141.34,143.4 1 1
blackjack/backend/model/entities.go:144.27,145.37 1 2
blackjack/backend/model/entities.go:145.37,147.4 1 1
blackjack/backend/model/entities.go:148.30,149.30 1 1
blackjack/backend/model/entities.go:150.10,151.26 1 1
blackjack/backend/model/entities.go:154.2,155.12 2 4
blackjack/backend/model/entities.go:168.81,169.37 1 3
blackjack/backend/model/entities.go:169.37,171.3 1 1
blackjack/backend/model/entities.go:172.2,172.17 1 2
blackjack/backend/model/entities.go:172.17,174.3 1 1
blackjack/backend/model/entities.go:175.2,181.8 1 1
blackjack/backend/model/entities.go:184.48,186.2 1 1
blackjack/backend/model/entities.go:188.58,189.21 1 2
blackjack/backend/model/entities.go:189.21,191.3 1 1
blackjack/backend/model/entities.go:192.2,193.12 2 1
blackjack/backend/model/entities.go:196.37,198.2 1 3
blackjack/backend/model/entities.go:200.62,201.18 1 2
blackjack/backend/model/entities.go:201.18,203.3 1 1
blackjack/backend/model/entities.go:204.2,206.12 3 1
blackjack/backend/model/entities.go:216.61,217.21 1 2
blackjack/backend/model/entities.go:217.21,219.3 1 1
blackjack/backend/model/entities.go:220.2,224.8 1 1
blackjack/backend/model/entities.go:227.48,229.2 1 1
blackjack/backend/model/entities.go:231.36,233.2 1 1
blackjack/backend/model/entities.go:235.44,237.2 1 1
blackjack/backend/model/entities.go:250.37,251.96 1 4
blackjack/backend/model/entities.go:251.96,253.3 1 1
blackjack/backend/model/entities.go:254.2,254.28 1 3
blackjack/backend/model/entities.go:254.28,256.3 1 1
blackjack/backend/model/entities.go:257.2,257.57 1 2
blackjack/backend/model/entities.go:257.57,259.3 1 1
blackjack/backend/model/entities.go:260.2,260.12 1 1
blackjack/backend/model/entities.go:269.39,270.41 1 2
blackjack/backend/model/entities.go:270.41,272.3 1 1
blackjack/backend/model/entities.go:273.2,273.12 1 1
blackjack/backend/model/intermediate_strategy.go:5.91,6.43 1 3
blackjack/backend/model/intermediate_strategy.go:6.43,8.3 1 1
blackjack/backend/model/intermediate_strategy.go:10.2,11.23 2 2
blackjack/backend/model/intermediate_strategy.go:11.23,13.3 1 1
blackjack/backend/model/intermediate_strategy.go:14.2,14.39 1 1
blackjack/backend/model/intermediate_strategy.go:17.38,18.16 1 16
blackjack/backend/model/intermediate_strategy.go:19.11,20.12 1 1
blackjack/backend/model/intermediate_strategy.go:21.27,22.12 1 4
blackjack/backend/model/intermediate_strategy.go:23.11,24.11 1 2
blackjack/backend/model/intermediate_strategy.go:25.11,26.11 1 1
blackjack/backend/model/intermediate_strategy.go:27.11,28.11 1 1
blackjack/backend/model/intermediate_strategy.go:29.11,30.11 1 2
blackjack/backend/model/intermediate_strategy.go:31.11,32.11 1 1
blackjack/backend/model/intermediate_strategy.go:33.11,34.11 1 1
blackjack/backend/model/intermediate_strategy.go:35.11,36.11 1 1
blackjack/backend/model/intermediate_strategy.go:37.11,38.11 1 1
blackjack/backend/model/intermediate_strategy.go:39.10,40.12 1 1
blackjack/backend/model/intermediate_strategy.go:44.82,46.13 2 3
blackjack/backend/model/intermediate_strategy.go:46.13,48.3 1 1
blackjack/backend/model/intermediate_strategy.go:49.2,49.13 1 2
blackjack/backend/model/intermediate_strategy.go:49.13,52.3 1 1
blackjack/backend/model/intermediate_strategy.go:53.2,53.13 1 1
blackjack/backend/model/intermediate_strategy.go:56.82,58.9 2 7
blackjack/backend/model/intermediate_strategy.go:59.15,60.15 1 1
blackjack/backend/model/intermediate_strategy.go:61.48,62.49 1 1
blackjack/backend/model/intermediate_strategy.go:63.15,64.49 1 1
blackjack/backend/model/intermediate_strategy.go:65.15,66.14 1 2
blackjack/backend/model/intermediate_strategy.go:67.15,69.48 1 1
blackjack/backend/model/intermediate_strategy.go:70.10,71.14 1 1
blackjack/backend/model/outcome.go:3.98,11.11 7 12
blackjack/backend/model/outcome.go:11.11,13.3 1 2
blackjack/backend/model/outcome.go:14.2,14.11 1 10
blackjack/backend/model/outcome.go:14.11,16.3 1 2
blackjack/backend/model/outcome.go:17.2,17.17 1 8
blackjack/backend/model/outcome.go:17.17,19.3 1 1
blackjack/backend/model/outcome.go:20.2,20.17 1 7
blackjack/backend/model/outcome.go:20.17,22.3 1 2
blackjack/backend/model/outcome.go:23.2,23.16 1 5
blackjack/backend/model/outcome.go:23.16,25.3 1 2
blackjack/backend/model/outcome.go:26.2,26.17 1 3
blackjack/backend/model/outcome.go:26.17,28.3 1 1
blackjack/backend/model/outcome.go:29.2,29.17 1 2
blackjack/backend/model/outcome.go:29.17,31.3 1 1
blackjack/backend/model/outcome.go:32.2,32.25 1 1
blackjack/backend/model/player_rules.go:3.88,4.17 1 6
blackjack/backend/model/player_rules.go:4.17,6.3 1 1
blackjack/backend/model/player_rules.go:7.2,7.44 1 5
blackjack/backend/model/player_rules.go:7.44,9.3 1 1
blackjack/backend/model/player_rules.go:10.2,10.31 1 4
blackjack/backend/model/player_rules.go:10.31,12.3 1 1
blackjack/backend/model/player_rules.go:13.2,13.29 1 3
blackjack/backend/model/player_rules.go:13.29,15.3 1 1
blackjack/backend/model/player_rules.go:16.2,16.17 1 2
blackjack/backend/model/player_rules.go:16.17,18.3 1 1
blackjack/backend/model/player_rules.go:19.2,19.12 1 1
blackjack/backend/model/rematch.go:7.57,8.18 1 2
blackjack/backend/model/rematch.go:8.18,11.3 2 1
blackjack/backend/model/rematch.go:12.2,13.26 2 1
blackjack/backend/model/rematch.go:16.85,17.31 1 3
blackjack/backend/model/rematch.go:17.31,19.3 1 1
blackjack/backend/model/rematch.go:20.2,20.38 1 2
blackjack/backend/model/rematch.go:20.38,21.26 1 3
blackjack/backend/model/rematch.go:21.26,23.4 1 1
blackjack/backend/model/rematch.go:25.2,25.13 1 1
blackjack/backend/model/room_player.go:16.42,17.11 1 4
blackjack/backend/model/room_player.go:18.64,19.14 1 2
blackjack/backend/model/room_player.go:20.10,21.15 1 2
blackjack/backend/model/room_player.go:34.96,35.34 1 4
blackjack/backend/model/room_player.go:35.34,37.3 1 1
blackjack/backend/model/room_player.go:38.2,38.17 1 3
blackjack/backend/model/room_player.go:38.17,40.3 1 1
blackjack/backend/model/room_player.go:41.2,41.23 1 2
blackjack/backend/model/room_player.go:41.23,43.3 1 1
blackjack/backend/model/room_player.go:44.2,50.8 1 1
blackjack/backend/model/room_player.go:53.61,54.21 1 2
blackjack/backend/model/room_player.go:54.21,56.3 1 1
blackjack/backend/model/room_player.go:57.2,58.12 2 1
blackjack/backend/model/room_player.go:61.45,64.2 2 1
blackjack/backend/model/room_rules.go:3.55,5.2 1 2
blackjack/backend/model/room_rules.go:7.87,8.17 1 5
blackjack/backend/model/room_rules.go:8.17,10.3 1 1
blackjack/backend/model/room_rules.go:11.2,11.36 1 4
blackjack/backend/model/room_rules.go:11.36,13.3 1 1
blackjack/backend/model/room_rules.go:14.2,14.36 1 3
blackjack/backend/model/room_rules.go:14.36,16.3 1 1
blackjack/backend/model/room_rules.go:17.2,17.23 1 2
blackjack/backend/model/room_rules.go:17.23,19.3 1 1
blackjack/backend/model/room_rules.go:20.2,20.12 1 1
blackjack/backend/model/round_log.go:16.36,17.66 1 2
blackjack/backend/model/round_log.go:17.66,19.3 1 1
blackjack/backend/model/round_log.go:20.2,20.12 1 1
blackjack/backend/model/types.go:13.36,14.11 1 2
blackjack/backend/model/types.go:15.61,16.14 1 1
blackjack/backend/model/types.go:17.10,18.15 1 1
blackjack/backend/model/types.go:32.39,33.11 1 13
blackjack/backend/model/types.go:34.123,35.14 1 11
blackjack/backend/model/types.go:36.10,37.15 1 2
blackjack/backend/model/types.go:52.38,53.11 1 4
blackjack/backend/model/types.go:54.130,55.14 1 2
blackjack/backend/model/types.go:56.10,57.15 1 2
blackjack/backend/model/types.go:70.33,71.11 1 4
blackjack/backend/model/types.go:72.57,73.14 1 2
blackjack/backend/model/types.go:74.10,75.15 1 2
blackjack/backend/model/types.go:86.35,88.2 1 5
