mode: set
blackjack/backend/realtime/room_sync.go:30.76,31.20 1 1
blackjack/backend/realtime/room_sync.go:31.20,33.3 1 1
blackjack/backend/realtime/room_sync.go:34.2,34.54 1 1
blackjack/backend/realtime/room_sync.go:38.87,39.46 1 1
blackjack/backend/realtime/room_sync.go:39.46,41.3 1 1
blackjack/backend/realtime/room_sync.go:42.2,44.16 3 1
blackjack/backend/realtime/room_sync.go:44.16,46.3 1 1
blackjack/backend/realtime/room_sync.go:47.2,47.56 1 1
blackjack/backend/realtime/room_sync.go:51.133,52.30 1 1
blackjack/backend/realtime/room_sync.go:52.30,55.3 2 1
blackjack/backend/realtime/room_sync.go:56.2,57.15 2 1
blackjack/backend/realtime/room_sync.go:57.15,57.34 1 1
blackjack/backend/realtime/room_sync.go:58.2,59.6 2 1
blackjack/backend/realtime/room_sync.go:59.6,60.10 1 1
blackjack/backend/realtime/room_sync.go:61.21,62.20 1 1
blackjack/backend/realtime/room_sync.go:63.24,64.11 1 1
blackjack/backend/realtime/room_sync.go:64.11,66.5 1 0
blackjack/backend/realtime/room_sync.go:67.4,67.18 1 1
blackjack/backend/realtime/room_sync.go:67.18,68.13 1 0
blackjack/backend/realtime/room_sync.go:70.4,71.66 2 1
blackjack/backend/realtime/room_sync.go:71.66,72.13 1 1
blackjack/backend/realtime/room_sync.go:74.4,74.48 1 1
blackjack/backend/realtime/room_sync.go:74.48,75.13 1 1
blackjack/backend/realtime/room_sync.go:77.4,78.16 2 1
blackjack/backend/realtime/room_sync.go:78.16,80.5 1 1
blackjack/backend/realtime/room_sync.go:81.4,81.35 1 1
blackjack/backend/realtime/room_sync.go:88.4,88.35 1 1
