mode: atomic
blackjack/backend/repository/game_repository.go:21.43,23.2 1 7
blackjack/backend/repository/game_repository.go:26.88,27.67 1 1
blackjack/backend/repository/game_repository.go:27.67,29.3 1 1
blackjack/backend/repository/game_repository.go:33.30,34.16 1 24
blackjack/backend/repository/game_repository.go:34.16,36.3 1 1
blackjack/backend/repository/game_repository.go:37.2,37.44 1 23
blackjack/backend/repository/game_repository.go:37.44,39.3 1 13
blackjack/backend/repository/game_repository.go:40.2,41.53 2 10
blackjack/backend/repository/game_repository.go:41.53,43.3 1 1
blackjack/backend/repository/game_repository.go:44.2,44.12 1 9
blackjack/backend/repository/game_repository.go:49.128,51.16 2 4
blackjack/backend/repository/game_repository.go:51.16,53.3 1 1
blackjack/backend/repository/game_repository.go:54.2,68.21 2 3
blackjack/backend/repository/game_repository.go:68.21,70.3 1 1
blackjack/backend/repository/game_repository.go:71.2,71.34 1 2
blackjack/backend/repository/game_repository.go:74.88,76.16 2 7
blackjack/backend/repository/game_repository.go:76.16,78.3 1 1
blackjack/backend/repository/game_repository.go:79.2,79.48 1 6
blackjack/backend/repository/game_repository.go:82.88,84.16 2 5
blackjack/backend/repository/game_repository.go:84.16,86.3 1 1
blackjack/backend/repository/game_repository.go:87.2,87.46 1 4
blackjack/backend/repository/game_repository.go:90.90,92.78 2 3
blackjack/backend/repository/game_repository.go:92.78,94.3 1 1
blackjack/backend/repository/game_repository.go:95.2,95.40 1 2
blackjack/backend/repository/game_repository.go:98.99,102.47 2 3
blackjack/backend/repository/game_repository.go:102.47,104.3 1 1
blackjack/backend/repository/game_repository.go:105.2,105.40 1 2
blackjack/backend/repository/game_repository.go:108.108,114.16 3 3
blackjack/backend/repository/game_repository.go:114.16,116.3 1 1
blackjack/backend/repository/game_repository.go:117.2,117.40 1 2
blackjack/backend/repository/game_repository.go:120.156,126.16 3 3
blackjack/backend/repository/game_repository.go:126.16,128.3 1 1
blackjack/backend/repository/game_repository.go:129.2,130.22 2 2
blackjack/backend/repository/game_repository.go:130.22,132.17 2 2
blackjack/backend/repository/game_repository.go:132.17,134.4 1 1
blackjack/backend/repository/game_repository.go:135.3,135.26 1 1
blackjack/backend/repository/game_repository.go:137.2,137.17 1 1
blackjack/backend/repository/game_repository.go:140.117,146.16 3 3
blackjack/backend/repository/game_repository.go:146.16,148.3 1 1
blackjack/backend/repository/game_repository.go:149.2,150.22 2 2
blackjack/backend/repository/game_repository.go:150.22,152.17 2 3
blackjack/backend/repository/game_repository.go:152.17,154.4 1 1
blackjack/backend/repository/game_repository.go:155.3,155.26 1 2
blackjack/backend/repository/game_repository.go:157.2,157.17 1 1
blackjack/backend/repository/game_repository.go:160.119,166.16 3 3
blackjack/backend/repository/game_repository.go:166.16,168.3 1 1
blackjack/backend/repository/game_repository.go:169.2,170.22 2 2
blackjack/backend/repository/game_repository.go:170.22,172.17 2 3
blackjack/backend/repository/game_repository.go:172.17,174.4 1 1
blackjack/backend/repository/game_repository.go:175.3,175.26 1 2
blackjack/backend/repository/game_repository.go:177.2,177.17 1 1
blackjack/backend/repository/game_repository.go:180.69,184.2 3 1
blackjack/backend/repository/game_repository.go:186.88,188.2 1 1
blackjack/backend/repository/game_repository.go:190.86,192.16 2 6
blackjack/backend/repository/game_repository.go:192.16,194.3 1 1
blackjack/backend/repository/game_repository.go:195.2,195.48 1 5
blackjack/backend/repository/game_repository.go:198.86,200.16 2 3
blackjack/backend/repository/game_repository.go:200.16,202.3 1 1
blackjack/backend/repository/game_repository.go:203.2,203.46 1 2
blackjack/backend/repository/game_repository.go:206.109,211.16 3 3
blackjack/backend/repository/game_repository.go:211.16,213.3 1 1
blackjack/backend/repository/game_repository.go:214.2,214.40 1 2
blackjack/backend/repository/game_repository.go:217.116,219.120 2 3
blackjack/backend/repository/game_repository.go:219.120,221.3 1 1
blackjack/backend/repository/game_repository.go:222.2,223.22 2 2
blackjack/backend/repository/game_repository.go:223.22,225.17 2 3
blackjack/backend/repository/game_repository.go:225.17,227.4 1 1
blackjack/backend/repository/game_repository.go:228.3,228.26 1 2
blackjack/backend/repository/game_repository.go:230.2,230.17 1 1
blackjack/backend/repository/game_repository.go:233.86,235.16 2 5
blackjack/backend/repository/game_repository.go:235.16,237.3 1 1
blackjack/backend/repository/game_repository.go:238.2,238.48 1 4
blackjack/backend/repository/game_repository.go:241.86,243.16 2 3
blackjack/backend/repository/game_repository.go:243.16,245.3 1 1
blackjack/backend/repository/game_repository.go:246.2,246.46 1 2
blackjack/backend/repository/game_repository.go:249.101,251.93 2 3
blackjack/backend/repository/game_repository.go:251.93,253.3 1 1
blackjack/backend/repository/game_repository.go:254.2,254.40 1 2
blackjack/backend/repository/game_repository.go:257.90,260.2 2 4
blackjack/backend/repository/game_repository.go:262.130,267.16 3 3
blackjack/backend/repository/game_repository.go:267.16,269.3 1 1
blackjack/backend/repository/game_repository.go:270.2,270.38 1 2
blackjack/backend/repository/game_repository.go:273.89,282.2 2 3
blackjack/backend/repository/game_repository.go:284.105,286.99 2 2
blackjack/backend/repository/game_repository.go:286.99,288.3 1 1
blackjack/backend/repository/game_repository.go:289.2,290.22 2 1
blackjack/backend/repository/game_repository.go:290.22,292.3 1 1
blackjack/backend/repository/game_repository.go:293.2,293.17 1 1
blackjack/backend/repository/game_repository.go:296.86,298.16 2 4
blackjack/backend/repository/game_repository.go:298.16,300.3 1 1
blackjack/backend/repository/game_repository.go:301.2,301.48 1 3
blackjack/backend/repository/game_repository.go:304.108,309.16 3 2
blackjack/backend/repository/game_repository.go:309.16,311.3 1 1
blackjack/backend/repository/game_repository.go:312.2,312.42 1 1
blackjack/backend/repository/game_repository.go:315.104,323.16 3 2
blackjack/backend/repository/game_repository.go:323.16,325.3 1 1
blackjack/backend/repository/game_repository.go:326.2,327.22 2 1
blackjack/backend/repository/game_repository.go:327.22,329.3 1 1
blackjack/backend/repository/game_repository.go:330.2,330.17 1 1
blackjack/backend/repository/game_repository_map.go:14.63,15.35 1 38
blackjack/backend/repository/game_repository_map.go:15.35,17.3 1 7
blackjack/backend/repository/game_repository_map.go:18.2,18.14 1 31
blackjack/backend/repository/game_repository_map.go:18.14,20.3 1 1
blackjack/backend/repository/game_repository_map.go:21.2,21.24 1 30
blackjack/backend/repository/game_repository_map.go:24.65,25.17 1 30
blackjack/backend/repository/game_repository_map.go:25.17,27.3 1 1
blackjack/backend/repository/game_repository_map.go:28.2,29.46 2 29
blackjack/backend/repository/game_repository_map.go:29.46,31.3 1 12
blackjack/backend/repository/game_repository_map.go:32.2,32.15 1 17
blackjack/backend/repository/game_repository_map.go:35.54,36.14 1 11
blackjack/backend/repository/game_repository_map.go:36.14,38.3 1 1
blackjack/backend/repository/game_repository_map.go:39.2,46.3 1 10
blackjack/backend/repository/game_repository_map.go:49.61,50.14 1 8
blackjack/backend/repository/game_repository_map.go:50.14,52.3 1 1
blackjack/backend/repository/game_repository_map.go:53.2,54.19 2 7
blackjack/backend/repository/game_repository_map.go:54.19,56.3 1 3
blackjack/backend/repository/game_repository_map.go:57.2,64.8 1 4
blackjack/backend/repository/game_repository_map.go:67.84,68.14 1 18
blackjack/backend/repository/game_repository_map.go:68.14,70.3 1 1
blackjack/backend/repository/game_repository_map.go:71.2,72.16 2 17
blackjack/backend/repository/game_repository_map.go:72.16,74.3 1 3
blackjack/backend/repository/game_repository_map.go:75.2,76.29 2 14
blackjack/backend/repository/game_repository_map.go:76.29,78.3 1 1
blackjack/backend/repository/game_repository_map.go:79.2,93.8 1 14
blackjack/backend/repository/game_repository_map.go:96.82,97.14 1 18
blackjack/backend/repository/game_repository_map.go:97.14,99.3 1 1
blackjack/backend/repository/game_repository_map.go:100.2,101.19 2 17
blackjack/backend/repository/game_repository_map.go:101.19,103.3 1 1
blackjack/backend/repository/game_repository_map.go:104.2,105.16 2 16
blackjack/backend/repository/game_repository_map.go:105.16,107.3 1 7
blackjack/backend/repository/game_repository_map.go:108.2,109.31 2 9
blackjack/backend/repository/game_repository_map.go:109.31,112.3 2 1
blackjack/backend/repository/game_repository_map.go:113.2,127.8 1 9
blackjack/backend/repository/game_repository_map.go:130.84,131.14 1 12
blackjack/backend/repository/game_repository_map.go:131.14,133.3 1 1
blackjack/backend/repository/game_repository_map.go:134.2,135.16 2 11
blackjack/backend/repository/game_repository_map.go:135.16,137.3 1 2
blackjack/backend/repository/game_repository_map.go:138.2,139.22 2 9
blackjack/backend/repository/game_repository_map.go:139.22,142.3 2 1
blackjack/backend/repository/game_repository_map.go:143.2,151.8 1 9
blackjack/backend/repository/game_repository_map.go:154.82,155.14 1 10
blackjack/backend/repository/game_repository_map.go:155.14,157.3 1 1
blackjack/backend/repository/game_repository_map.go:158.2,159.19 2 9
blackjack/backend/repository/game_repository_map.go:159.19,161.3 1 1
blackjack/backend/repository/game_repository_map.go:162.2,163.16 2 8
blackjack/backend/repository/game_repository_map.go:163.16,165.3 1 2
blackjack/backend/repository/game_repository_map.go:166.2,167.22 2 6
blackjack/backend/repository/game_repository_map.go:167.22,169.19 2 2
blackjack/backend/repository/game_repository_map.go:169.19,171.4 1 1
blackjack/backend/repository/game_repository_map.go:172.3,172.10 1 1
blackjack/backend/repository/game_repository_map.go:174.2,182.8 1 5
blackjack/backend/repository/game_repository_map.go:185.84,186.14 1 10
blackjack/backend/repository/game_repository_map.go:186.14,188.3 1 1
blackjack/backend/repository/game_repository_map.go:189.2,190.16 2 9
blackjack/backend/repository/game_repository_map.go:190.16,192.3 1 2
blackjack/backend/repository/game_repository_map.go:193.2,198.8 1 7
blackjack/backend/repository/game_repository_map.go:201.82,202.14 1 5
blackjack/backend/repository/game_repository_map.go:202.14,204.3 1 1
blackjack/backend/repository/game_repository_map.go:205.2,206.16 2 4
blackjack/backend/repository/game_repository_map.go:206.16,208.3 1 2
blackjack/backend/repository/game_repository_map.go:209.2,214.8 1 2
blackjack/backend/repository/game_repository_map.go:217.54,218.14 1 6
blackjack/backend/repository/game_repository_map.go:218.14,220.3 1 1
blackjack/backend/repository/game_repository_map.go:221.2,227.3 1 5
blackjack/backend/repository/game_repository_map.go:230.61,231.14 1 4
blackjack/backend/repository/game_repository_map.go:231.14,233.3 1 1
blackjack/backend/repository/game_repository_map.go:234.2,240.8 1 3
blackjack/backend/repository/game_repository_map.go:243.67,244.14 1 7
blackjack/backend/repository/game_repository_map.go:244.14,246.3 1 1
blackjack/backend/repository/game_repository_map.go:247.2,252.3 1 6
blackjack/backend/repository/game_repository_map.go:255.74,256.14 1 3
blackjack/backend/repository/game_repository_map.go:256.14,258.3 1 1
blackjack/backend/repository/game_repository_map.go:259.2,264.8 1 2
blackjack/backend/repository/game_repository_map.go:267.72,268.14 1 9
blackjack/backend/repository/game_repository_map.go:268.14,270.3 1 1
blackjack/backend/repository/game_repository_map.go:271.2,278.3 1 8
blackjack/backend/repository/game_repository_map.go:281.79,282.14 1 8
blackjack/backend/repository/game_repository_map.go:282.14,284.3 1 1
blackjack/backend/repository/game_repository_map.go:285.2,286.19 2 7
blackjack/backend/repository/game_repository_map.go:286.19,288.3 1 3
blackjack/backend/repository/game_repository_map.go:289.2,296.8 1 4
blackjack/backend/repository/game_repository_map.go:299.69,300.14 1 6
blackjack/backend/repository/game_repository_map.go:300.14,302.3 1 1
blackjack/backend/repository/game_repository_map.go:303.2,312.3 1 5
blackjack/backend/repository/game_repository_map.go:315.76,316.14 1 5
blackjack/backend/repository/game_repository_map.go:316.14,318.3 1 1
blackjack/backend/repository/game_repository_map.go:319.2,320.26 2 4
blackjack/backend/repository/game_repository_map.go:320.26,322.3 1 2
blackjack/backend/repository/game_repository_map.go:323.2,332.8 1 2
blackjack/backend/repository/game_repository_map.go:335.75,336.14 1 5
blackjack/backend/repository/game_repository_map.go:336.14,338.3 1 1
blackjack/backend/repository/game_repository_map.go:339.2,343.3 1 4
blackjack/backend/repository/game_repository_map.go:346.73,347.14 1 3
blackjack/backend/repository/game_repository_map.go:347.14,349.3 1 1
blackjack/backend/repository/game_repository_map.go:350.2,354.3 1 2
blackjack/backend/repository/game_repository_map.go:357.75,358.14 1 8
blackjack/backend/repository/game_repository_map.go:358.14,360.3 1 1
blackjack/backend/repository/game_repository_map.go:361.2,362.16 2 7
blackjack/backend/repository/game_repository_map.go:362.16,364.17 2 4
blackjack/backend/repository/game_repository_map.go:364.17,366.4 1 2
blackjack/backend/repository/game_repository_map.go:367.3,367.20 1 2
blackjack/backend/repository/game_repository_map.go:369.2,375.8 1 5
blackjack/backend/repository/game_repository_map.go:378.64,379.14 1 5
blackjack/backend/repository/game_repository_map.go:379.14,381.3 1 1
blackjack/backend/repository/game_repository_map.go:382.2,388.3 1 4
blackjack/backend/repository/game_repository_schema.go:18.38,18.56 1 8
blackjack/backend/repository/game_repository_schema.go:29.44,29.69 1 8
blackjack/backend/repository/game_repository_schema.go:47.45,47.71 1 8
blackjack/backend/repository/game_repository_schema.go:59.45,59.71 1 8
blackjack/backend/repository/game_repository_schema.go:68.45,68.71 1 8
blackjack/backend/repository/game_repository_schema.go:82.43,82.67 1 8
blackjack/backend/repository/game_repository_schema.go:93.45,93.71 1 8
blackjack/backend/repository/game_repository_schema.go:103.42,103.65 1 8
blackjack/backend/repository/game_repository_schema.go:113.38,113.56 1 8
blackjack/backend/repository/game_repository_schema.go:122.41,122.62 1 8
blackjack/backend/repository/rate_limit_repository.go:22.119,26.2 3 2
blackjack/backend/repository/rate_limit_repository.go:73.166,74.18 1 7
blackjack/backend/repository/rate_limit_repository.go:74.18,76.3 1 1
blackjack/backend/repository/rate_limit_repository.go:77.2,88.16 4 6
blackjack/backend/repository/rate_limit_repository.go:88.16,90.3 1 1
blackjack/backend/repository/rate_limit_repository.go:91.2,92.26 2 5
blackjack/backend/repository/rate_limit_repository.go:92.26,94.3 1 1
blackjack/backend/repository/rate_limit_repository.go:95.2,96.16 2 4
blackjack/backend/repository/rate_limit_repository.go:96.16,98.3 1 1
blackjack/backend/repository/rate_limit_repository.go:99.2,100.16 2 3
blackjack/backend/repository/rate_limit_repository.go:100.16,102.3 1 1
blackjack/backend/repository/rate_limit_repository.go:103.2,104.16 2 2
blackjack/backend/repository/rate_limit_repository.go:104.16,106.3 1 1
blackjack/backend/repository/rate_limit_repository.go:107.2,107.48 1 1
blackjack/backend/repository/rate_limit_repository.go:110.36,111.23 1 10
blackjack/backend/repository/rate_limit_repository.go:112.13,113.16 1 5
blackjack/backend/repository/rate_limit_repository.go:114.15,115.23 1 1
blackjack/backend/repository/rate_limit_repository.go:116.14,117.37 1 2
blackjack/backend/repository/rate_limit_repository.go:118.10,119.55 1 2
blackjack/backend/repository/rate_limit_repository.go:123.40,124.23 1 7
blackjack/backend/repository/rate_limit_repository.go:125.15,126.16 1 1
blackjack/backend/repository/rate_limit_repository.go:127.13,128.25 1 2
blackjack/backend/repository/rate_limit_repository.go:129.14,130.35 1 2
blackjack/backend/repository/rate_limit_repository.go:131.10,132.57 1 2
blackjack/backend/repository/room_repository.go:9.75,12.2 2 6
blackjack/backend/repository/room_repository.go:14.75,17.2 2 2
blackjack/backend/repository/room_repository.go:19.87,21.2 1 1
blackjack/backend/repository/room_repository.go:23.66,27.2 3 1
blackjack/backend/repository/room_repository.go:29.80,31.78 2 3
blackjack/backend/repository/room_repository.go:31.78,33.3 1 1
blackjack/backend/repository/room_repository.go:34.2,34.33 1 2
blackjack/backend/repository/room_repository.go:37.96,42.33 2 3
blackjack/backend/repository/room_repository.go:42.33,44.3 1 1
blackjack/backend/repository/room_repository.go:45.2,46.22 2 2
blackjack/backend/repository/room_repository.go:46.22,48.17 2 2
blackjack/backend/repository/room_repository.go:48.17,50.4 1 1
blackjack/backend/repository/room_repository.go:51.3,51.26 1 1
blackjack/backend/repository/room_repository.go:53.2,53.17 1 1
blackjack/backend/repository/room_repository.go:56.84,59.2 2 5
blackjack/backend/repository/room_repository.go:61.84,64.2 2 2
blackjack/backend/repository/room_repository.go:66.104,71.16 3 3
blackjack/backend/repository/room_repository.go:71.16,73.3 1 1
blackjack/backend/repository/room_repository.go:74.2,74.39 1 2
blackjack/backend/repository/room_repository.go:77.108,79.93 2 3
blackjack/backend/repository/room_repository.go:79.93,81.3 1 1
blackjack/backend/repository/room_repository.go:82.2,83.22 2 2
blackjack/backend/repository/room_repository.go:83.22,85.17 2 3
blackjack/backend/repository/room_repository.go:85.17,87.4 1 1
blackjack/backend/repository/room_repository.go:88.3,88.23 1 2
blackjack/backend/repository/room_repository.go:90.2,90.17 1 1
blackjack/backend/repository/user_repository.go:9.75,11.64 2 4
blackjack/backend/repository/user_repository.go:11.64,13.3 1 2
blackjack/backend/repository/user_repository.go:14.2,14.12 1 2
blackjack/backend/repository/user_repository.go:17.96,19.96 2 2
blackjack/backend/repository/user_repository.go:19.96,21.3 1 1
blackjack/backend/repository/user_repository.go:22.2,22.33 1 1
blackjack/backend/repository/user_repository.go:25.88,27.82 2 2
blackjack/backend/repository/user_repository.go:27.82,29.3 1 1
blackjack/backend/repository/user_repository.go:30.2,30.33 1 1
blackjack/backend/repository/user_session_repository.go:10.84,13.2 2 5
blackjack/backend/repository/user_session_repository.go:15.97,17.85 2 2
blackjack/backend/repository/user_session_repository.go:17.85,19.3 1 1
blackjack/backend/repository/user_session_repository.go:20.2,20.40 1 1
blackjack/backend/repository/user_session_repository.go:23.78,25.2 1 1
blackjack/backend/repository/user_session_repository.go:27.84,29.2 1 1
blackjack/backend/repository/user_session_repository.go:31.68,35.2 1 1
