mode: set
blackjack/backend/usecase/game_usecase.go:79.114,85.2 1 1
blackjack/backend/usecase/game_usecase.go:88.95,89.22 1 1
blackjack/backend/usecase/game_usecase.go:89.22,91.3 1 1
blackjack/backend/usecase/game_usecase.go:92.2,96.16 4 1
blackjack/backend/usecase/game_usecase.go:96.16,98.3 1 1
blackjack/backend/usecase/game_usecase.go:99.2,99.62 1 1
blackjack/backend/usecase/game_usecase.go:99.62,101.3 1 1
blackjack/backend/usecase/game_usecase.go:102.2,104.69 2 1
blackjack/backend/usecase/game_usecase.go:104.69,106.3 1 1
blackjack/backend/usecase/game_usecase.go:106.17,108.3 1 1
blackjack/backend/usecase/game_usecase.go:109.2,109.18 1 1
blackjack/backend/usecase/game_usecase.go:113.97,114.18 1 1
blackjack/backend/usecase/game_usecase.go:114.18,116.3 1 1
blackjack/backend/usecase/game_usecase.go:117.2,117.18 1 1
blackjack/backend/usecase/game_usecase.go:117.18,119.3 1 1
blackjack/backend/usecase/game_usecase.go:120.2,121.16 2 1
blackjack/backend/usecase/game_usecase.go:121.16,123.3 1 1
blackjack/backend/usecase/game_usecase.go:124.2,124.46 1 1
blackjack/backend/usecase/game_usecase.go:124.46,126.3 1 1
blackjack/backend/usecase/game_usecase.go:127.2,127.31 1 1
blackjack/backend/usecase/game_usecase.go:127.31,129.3 1 1
blackjack/backend/usecase/game_usecase.go:130.2,131.16 2 1
blackjack/backend/usecase/game_usecase.go:131.16,133.3 1 1
blackjack/backend/usecase/game_usecase.go:134.2,135.28 2 1
blackjack/backend/usecase/game_usecase.go:135.28,136.85 1 1
blackjack/backend/usecase/game_usecase.go:136.85,138.4 1 1
blackjack/backend/usecase/game_usecase.go:140.2,140.22 1 1
blackjack/backend/usecase/game_usecase.go:140.22,142.3 1 1
blackjack/backend/usecase/game_usecase.go:144.2,146.16 3 1
blackjack/backend/usecase/game_usecase.go:146.16,148.3 1 1
blackjack/backend/usecase/game_usecase.go:149.2,149.97 1 1
blackjack/backend/usecase/game_usecase.go:149.97,151.3 1 1
blackjack/backend/usecase/game_usecase.go:152.2,154.69 2 1
blackjack/backend/usecase/game_usecase.go:154.69,156.50 2 1
blackjack/backend/usecase/game_usecase.go:156.50,158.4 1 1
blackjack/backend/usecase/game_usecase.go:159.3,159.36 1 1
blackjack/backend/usecase/game_usecase.go:159.36,160.59 1 1
blackjack/backend/usecase/game_usecase.go:160.59,161.43 1 1
blackjack/backend/usecase/game_usecase.go:161.43,163.6 1 1
blackjack/backend/usecase/game_usecase.go:164.5,164.15 1 1
blackjack/backend/usecase/game_usecase.go:166.9,168.47 1 1
blackjack/backend/usecase/game_usecase.go:168.47,170.5 1 1
blackjack/backend/usecase/game_usecase.go:171.4,171.82 1 1
blackjack/backend/usecase/game_usecase.go:171.82,173.5 1 1
blackjack/backend/usecase/game_usecase.go:174.4,176.61 3 1
blackjack/backend/usecase/game_usecase.go:176.61,178.5 1 1
blackjack/backend/usecase/game_usecase.go:180.3,180.34 1 1
blackjack/backend/usecase/game_usecase.go:181.17,183.3 1 1
blackjack/backend/usecase/game_usecase.go:184.2,184.18 1 1
blackjack/backend/usecase/game_usecase.go:188.116,189.18 1 1
blackjack/backend/usecase/game_usecase.go:189.18,191.3 1 1
blackjack/backend/usecase/game_usecase.go:192.2,192.18 1 1
blackjack/backend/usecase/game_usecase.go:192.18,194.3 1 1
blackjack/backend/usecase/game_usecase.go:195.2,196.16 2 1
blackjack/backend/usecase/game_usecase.go:196.16,198.3 1 1
blackjack/backend/usecase/game_usecase.go:199.2,199.31 1 1
blackjack/backend/usecase/game_usecase.go:199.31,201.17 2 1
blackjack/backend/usecase/game_usecase.go:201.17,202.37 1 1
blackjack/backend/usecase/game_usecase.go:202.37,204.5 1 1
blackjack/backend/usecase/game_usecase.go:205.4,205.24 1 1
blackjack/backend/usecase/game_usecase.go:207.3,207.39 1 1
blackjack/backend/usecase/game_usecase.go:207.39,209.4 1 1
blackjack/backend/usecase/game_usecase.go:211.2,211.34 1 1
blackjack/backend/usecase/game_usecase.go:211.34,213.3 1 1
blackjack/backend/usecase/game_usecase.go:214.2,215.16 2 1
blackjack/backend/usecase/game_usecase.go:215.16,216.36 1 1
blackjack/backend/usecase/game_usecase.go:216.36,218.4 1 1
blackjack/backend/usecase/game_usecase.go:219.3,219.23 1 1
blackjack/backend/usecase/game_usecase.go:221.2,221.24 1 1
blackjack/backend/usecase/game_usecase.go:225.92,226.18 1 1
blackjack/backend/usecase/game_usecase.go:226.18,228.3 1 1
blackjack/backend/usecase/game_usecase.go:229.2,229.47 1 1
blackjack/backend/usecase/game_usecase.go:233.113,234.18 1 1
blackjack/backend/usecase/game_usecase.go:234.18,236.3 1 1
blackjack/backend/usecase/game_usecase.go:237.2,237.18 1 1
blackjack/backend/usecase/game_usecase.go:237.18,239.3 1 1
blackjack/backend/usecase/game_usecase.go:240.2,241.16 2 1
blackjack/backend/usecase/game_usecase.go:241.16,243.3 1 1
blackjack/backend/usecase/game_usecase.go:244.2,244.34 1 1
blackjack/backend/usecase/game_usecase.go:244.34,246.3 1 1
blackjack/backend/usecase/game_usecase.go:247.2,248.16 2 1
blackjack/backend/usecase/game_usecase.go:248.16,250.3 1 1
blackjack/backend/usecase/game_usecase.go:251.2,251.38 1 1
blackjack/backend/usecase/game_usecase.go:251.38,253.3 1 1
blackjack/backend/usecase/game_usecase.go:254.2,255.16 2 1
blackjack/backend/usecase/game_usecase.go:255.16,257.3 1 1
blackjack/backend/usecase/game_usecase.go:258.2,262.29 5 1
blackjack/backend/usecase/game_usecase.go:262.29,263.26 1 1
blackjack/backend/usecase/game_usecase.go:263.26,264.12 1 1
blackjack/backend/usecase/game_usecase.go:266.3,266.87 1 1
blackjack/backend/usecase/game_usecase.go:266.87,268.4 1 1
blackjack/backend/usecase/game_usecase.go:271.2,271.31 1 1
blackjack/backend/usecase/game_usecase.go:271.31,272.67 1 1
blackjack/backend/usecase/game_usecase.go:272.67,279.4 2 1
blackjack/backend/usecase/game_usecase.go:281.2,281.77 1 1
blackjack/backend/usecase/game_usecase.go:281.77,283.3 1 1
blackjack/backend/usecase/game_usecase.go:284.2,285.69 2 1
blackjack/backend/usecase/game_usecase.go:285.69,286.53 1 1
blackjack/backend/usecase/game_usecase.go:286.53,288.4 1 1
blackjack/backend/usecase/game_usecase.go:289.3,289.34 1 1
blackjack/backend/usecase/game_usecase.go:290.17,292.3 1 1
blackjack/backend/usecase/game_usecase.go:293.2,293.28 1 1
blackjack/backend/usecase/game_usecase.go:296.90,298.28 2 1
blackjack/backend/usecase/game_usecase.go:298.28,299.32 1 1
blackjack/backend/usecase/game_usecase.go:299.32,300.12 1 1
blackjack/backend/usecase/game_usecase.go:302.3,302.85 1 1
blackjack/backend/usecase/game_usecase.go:302.85,304.4 1 1
blackjack/backend/usecase/game_usecase.go:306.2,306.26 1 1
blackjack/backend/usecase/game_usecase.go:306.26,308.3 1 1
blackjack/backend/usecase/game_usecase.go:309.2,309.45 1 1
blackjack/backend/usecase/game_usecase.go:309.45,310.51 1 1
blackjack/backend/usecase/game_usecase.go:310.51,312.4 1 1
blackjack/backend/usecase/game_usecase.go:313.3,313.53 1 1
blackjack/backend/usecase/game_usecase.go:315.2,315.22 1 1
blackjack/backend/usecase/game_usecase.go:319.106,320.18 1 1
blackjack/backend/usecase/game_usecase.go:320.18,322.3 1 1
blackjack/backend/usecase/game_usecase.go:323.2,323.18 1 1
blackjack/backend/usecase/game_usecase.go:323.18,325.3 1 1
blackjack/backend/usecase/game_usecase.go:326.2,327.69 2 1
blackjack/backend/usecase/game_usecase.go:327.69,329.17 2 1
blackjack/backend/usecase/game_usecase.go:329.17,331.4 1 1
blackjack/backend/usecase/game_usecase.go:332.3,332.32 1 1
blackjack/backend/usecase/game_usecase.go:332.32,334.4 1 1
blackjack/backend/usecase/game_usecase.go:335.3,337.50 3 1
blackjack/backend/usecase/game_usecase.go:337.50,339.4 1 1
blackjack/backend/usecase/game_usecase.go:340.3,340.68 1 1
blackjack/backend/usecase/game_usecase.go:340.68,342.4 1 1
blackjack/backend/usecase/game_usecase.go:343.3,343.67 1 1
blackjack/backend/usecase/game_usecase.go:343.67,345.4 1 1
blackjack/backend/usecase/game_usecase.go:346.3,346.63 1 1
blackjack/backend/usecase/game_usecase.go:346.63,348.4 1 1
blackjack/backend/usecase/game_usecase.go:349.3,350.50 2 1
blackjack/backend/usecase/game_usecase.go:350.50,352.4 1 1
blackjack/backend/usecase/game_usecase.go:353.3,354.13 2 1
blackjack/backend/usecase/game_usecase.go:355.17,357.3 1 1
blackjack/backend/usecase/game_usecase.go:358.2,358.17 1 1
blackjack/backend/usecase/game_usecase.go:362.109,363.18 1 1
blackjack/backend/usecase/game_usecase.go:363.18,365.3 1 1
blackjack/backend/usecase/game_usecase.go:366.2,366.18 1 1
blackjack/backend/usecase/game_usecase.go:366.18,368.3 1 1
blackjack/backend/usecase/game_usecase.go:369.2,370.16 2 1
blackjack/backend/usecase/game_usecase.go:370.16,372.3 1 1
blackjack/backend/usecase/game_usecase.go:373.2,373.31 1 1
blackjack/backend/usecase/game_usecase.go:373.31,375.17 2 1
blackjack/backend/usecase/game_usecase.go:375.17,376.37 1 1
blackjack/backend/usecase/game_usecase.go:376.37,378.5 1 1
blackjack/backend/usecase/game_usecase.go:379.4,379.19 1 1
blackjack/backend/usecase/game_usecase.go:381.3,381.39 1 1
blackjack/backend/usecase/game_usecase.go:381.39,383.4 1 1
blackjack/backend/usecase/game_usecase.go:385.2,385.51 1 1
blackjack/backend/usecase/game_usecase.go:389.118,390.18 1 1
blackjack/backend/usecase/game_usecase.go:390.18,392.3 1 1
blackjack/backend/usecase/game_usecase.go:393.2,393.18 1 1
blackjack/backend/usecase/game_usecase.go:393.18,395.3 1 1
blackjack/backend/usecase/game_usecase.go:396.2,397.16 2 1
blackjack/backend/usecase/game_usecase.go:397.16,399.3 1 1
blackjack/backend/usecase/game_usecase.go:400.2,400.31 1 1
blackjack/backend/usecase/game_usecase.go:400.31,402.3 1 1
blackjack/backend/usecase/game_usecase.go:403.2,403.42 1 1
blackjack/backend/usecase/game_usecase.go:403.42,405.3 1 1
blackjack/backend/usecase/game_usecase.go:406.2,407.16 2 1
blackjack/backend/usecase/game_usecase.go:407.16,409.3 1 1
blackjack/backend/usecase/game_usecase.go:410.2,410.94 1 1
blackjack/backend/usecase/game_usecase.go:410.94,412.3 1 1
blackjack/backend/usecase/game_usecase.go:413.2,413.34 1 1
blackjack/backend/usecase/game_usecase.go:413.34,415.3 1 1
blackjack/backend/usecase/game_usecase.go:416.2,418.49 3 1
blackjack/backend/usecase/game_usecase.go:418.49,420.3 1 1
blackjack/backend/usecase/game_usecase.go:421.2,421.19 1 1
blackjack/backend/usecase/game_usecase.go:421.19,423.3 1 1
blackjack/backend/usecase/game_usecase.go:425.2,427.16 3 1
blackjack/backend/usecase/game_usecase.go:427.16,429.3 1 1
blackjack/backend/usecase/game_usecase.go:430.2,432.16 3 1
blackjack/backend/usecase/game_usecase.go:432.16,434.3 1 1
blackjack/backend/usecase/game_usecase.go:435.2,436.16 2 1
blackjack/backend/usecase/game_usecase.go:436.16,438.3 1 1
blackjack/backend/usecase/game_usecase.go:440.2,440.60 1 1
blackjack/backend/usecase/game_usecase.go:440.60,442.3 1 1
blackjack/backend/usecase/game_usecase.go:443.2,443.83 1 1
blackjack/backend/usecase/game_usecase.go:443.83,445.3 1 1
blackjack/backend/usecase/game_usecase.go:446.2,449.42 3 1
blackjack/backend/usecase/game_usecase.go:449.42,450.83 1 1
blackjack/backend/usecase/game_usecase.go:450.83,452.4 1 1
blackjack/backend/usecase/game_usecase.go:453.3,453.84 1 1
blackjack/backend/usecase/game_usecase.go:453.84,455.4 1 1
blackjack/backend/usecase/game_usecase.go:456.3,456.28 1 1
blackjack/backend/usecase/game_usecase.go:458.2,459.85 2 1
blackjack/backend/usecase/game_usecase.go:459.85,461.3 1 1
blackjack/backend/usecase/game_usecase.go:462.2,465.69 3 1
blackjack/backend/usecase/game_usecase.go:465.69,466.53 1 1
blackjack/backend/usecase/game_usecase.go:466.53,468.4 1 1
blackjack/backend/usecase/game_usecase.go:469.3,469.59 1 1
blackjack/backend/usecase/game_usecase.go:469.59,471.4 1 1
blackjack/backend/usecase/game_usecase.go:472.3,472.59 1 1
blackjack/backend/usecase/game_usecase.go:472.59,474.4 1 1
blackjack/backend/usecase/game_usecase.go:475.3,475.34 1 1
blackjack/backend/usecase/game_usecase.go:476.17,478.3 1 1
blackjack/backend/usecase/game_usecase.go:479.2,479.24 1 1
blackjack/backend/usecase/game_usecase.go:483.152,485.2 1 1
blackjack/backend/usecase/game_usecase.go:488.154,490.2 1 1
blackjack/backend/usecase/game_usecase.go:493.169,494.18 1 1
blackjack/backend/usecase/game_usecase.go:494.18,496.3 1 1
blackjack/backend/usecase/game_usecase.go:497.2,497.60 1 1
blackjack/backend/usecase/game_usecase.go:497.60,499.3 1 1
blackjack/backend/usecase/game_usecase.go:500.2,501.16 2 1
blackjack/backend/usecase/game_usecase.go:501.16,503.3 1 1
blackjack/backend/usecase/game_usecase.go:504.2,504.34 1 1
blackjack/backend/usecase/game_usecase.go:504.34,506.3 1 1
blackjack/backend/usecase/game_usecase.go:507.2,508.16 2 1
blackjack/backend/usecase/game_usecase.go:508.16,510.3 1 1
blackjack/backend/usecase/game_usecase.go:511.2,511.59 1 1
blackjack/backend/usecase/game_usecase.go:511.59,513.3 1 1
blackjack/backend/usecase/game_usecase.go:514.2,515.16 2 1
blackjack/backend/usecase/game_usecase.go:515.16,516.36 1 1
blackjack/backend/usecase/game_usecase.go:516.36,518.4 1 1
blackjack/backend/usecase/game_usecase.go:519.3,519.23 1 1
blackjack/backend/usecase/game_usecase.go:521.2,522.16 2 1
blackjack/backend/usecase/game_usecase.go:522.16,524.3 1 1
blackjack/backend/usecase/game_usecase.go:525.2,525.65 1 1
blackjack/backend/usecase/game_usecase.go:525.65,527.3 1 1
blackjack/backend/usecase/game_usecase.go:528.2,529.10 2 1
blackjack/backend/usecase/game_usecase.go:529.10,531.3 1 1
blackjack/backend/usecase/game_usecase.go:532.2,543.84 4 1
blackjack/backend/usecase/game_usecase.go:543.84,545.3 1 1
blackjack/backend/usecase/game_usecase.go:545.8,545.19 1 1
blackjack/backend/usecase/game_usecase.go:545.19,547.3 1 1
blackjack/backend/usecase/game_usecase.go:549.2,550.9 2 1
blackjack/backend/usecase/game_usecase.go:550.9,552.17 2 1
blackjack/backend/usecase/game_usecase.go:552.17,554.4 1 1
blackjack/backend/usecase/game_usecase.go:555.3,556.17 2 1
blackjack/backend/usecase/game_usecase.go:556.17,558.4 1 1
blackjack/backend/usecase/game_usecase.go:559.3,561.13 3 1
blackjack/backend/usecase/game_usecase.go:561.13,562.79 1 1
blackjack/backend/usecase/game_usecase.go:562.79,564.5 1 1
blackjack/backend/usecase/game_usecase.go:565.4,565.85 1 1
blackjack/backend/usecase/game_usecase.go:565.85,567.5 1 1
blackjack/backend/usecase/game_usecase.go:568.4,568.29 1 1
blackjack/backend/usecase/game_usecase.go:569.9,569.50 1 1
blackjack/backend/usecase/game_usecase.go:569.50,570.84 1 1
blackjack/backend/usecase/game_usecase.go:570.84,572.5 1 1
blackjack/backend/usecase/game_usecase.go:573.4,573.85 1 1
blackjack/backend/usecase/game_usecase.go:573.85,575.5 1 1
blackjack/backend/usecase/game_usecase.go:576.4,576.29 1 1
blackjack/backend/usecase/game_usecase.go:578.8,581.79 3 1
blackjack/backend/usecase/game_usecase.go:581.79,583.4 1 1
blackjack/backend/usecase/game_usecase.go:584.3,584.84 1 1
blackjack/backend/usecase/game_usecase.go:584.84,586.4 1 1
blackjack/backend/usecase/game_usecase.go:587.3,587.28 1 1
blackjack/backend/usecase/game_usecase.go:590.2,590.50 1 1
blackjack/backend/usecase/game_usecase.go:590.50,593.3 2 1
blackjack/backend/usecase/game_usecase.go:594.2,594.61 1 1
blackjack/backend/usecase/game_usecase.go:594.61,596.3 1 1
blackjack/backend/usecase/game_usecase.go:597.2,601.69 5 1
blackjack/backend/usecase/game_usecase.go:601.69,603.17 2 1
blackjack/backend/usecase/game_usecase.go:603.17,605.4 1 1
blackjack/backend/usecase/game_usecase.go:606.3,606.10 1 1
blackjack/backend/usecase/game_usecase.go:606.10,608.4 1 1
blackjack/backend/usecase/game_usecase.go:609.3,609.59 1 1
blackjack/backend/usecase/game_usecase.go:609.59,611.4 1 1
blackjack/backend/usecase/game_usecase.go:612.3,612.59 1 1
blackjack/backend/usecase/game_usecase.go:612.59,614.4 1 1
blackjack/backend/usecase/game_usecase.go:615.3,615.50 1 1
blackjack/backend/usecase/game_usecase.go:615.50,617.4 1 1
blackjack/backend/usecase/game_usecase.go:618.3,623.17 2 1
blackjack/backend/usecase/game_usecase.go:623.17,625.4 1 1
blackjack/backend/usecase/game_usecase.go:626.3,626.94 1 1
blackjack/backend/usecase/game_usecase.go:626.94,628.4 1 1
blackjack/backend/usecase/game_usecase.go:629.3,629.13 1 1
blackjack/backend/usecase/game_usecase.go:630.17,632.3 1 1
blackjack/backend/usecase/game_usecase.go:633.2,633.24 1 1
blackjack/backend/usecase/game_usecase.go:637.100,639.16 2 1
blackjack/backend/usecase/game_usecase.go:639.16,641.3 1 1
blackjack/backend/usecase/game_usecase.go:642.2,643.17 2 1
blackjack/backend/usecase/game_usecase.go:643.17,645.3 1 1
blackjack/backend/usecase/game_usecase.go:646.2,647.49 2 1
blackjack/backend/usecase/game_usecase.go:647.49,649.3 1 1
blackjack/backend/usecase/game_usecase.go:650.2,651.49 2 1
blackjack/backend/usecase/game_usecase.go:651.49,653.3 1 1
blackjack/backend/usecase/game_usecase.go:654.2,656.28 3 1
blackjack/backend/usecase/game_usecase.go:656.28,657.25 1 1
blackjack/backend/usecase/game_usecase.go:657.25,660.9 3 1
blackjack/backend/usecase/game_usecase.go:663.2,664.19 2 1
blackjack/backend/usecase/game_usecase.go:668.106,670.16 2 1
blackjack/backend/usecase/game_usecase.go:670.16,672.3 1 1
blackjack/backend/usecase/game_usecase.go:673.2,673.43 1 1
blackjack/backend/usecase/game_usecase.go:673.43,675.3 1 1
blackjack/backend/usecase/game_usecase.go:676.2,676.56 1 1
blackjack/backend/usecase/game_usecase.go:676.56,678.3 1 1
blackjack/backend/usecase/game_usecase.go:679.2,680.34 2 1
blackjack/backend/usecase/game_usecase.go:680.34,681.25 1 1
blackjack/backend/usecase/game_usecase.go:681.25,683.9 2 1
blackjack/backend/usecase/game_usecase.go:686.2,686.20 1 1
blackjack/backend/usecase/game_usecase.go:686.20,688.3 1 1
blackjack/backend/usecase/game_usecase.go:689.2,694.13 5 1
blackjack/backend/usecase/game_usecase.go:694.13,697.3 2 1
blackjack/backend/usecase/game_usecase.go:698.2,702.8 1 1
blackjack/backend/usecase/game_usecase.go:706.67,708.28 2 1
blackjack/backend/usecase/game_usecase.go:708.28,709.85 1 1
blackjack/backend/usecase/game_usecase.go:709.85,711.4 1 1
blackjack/backend/usecase/game_usecase.go:713.2,713.12 1 1
blackjack/backend/usecase/game_usecase.go:717.95,719.26 2 1
blackjack/backend/usecase/game_usecase.go:719.26,721.3 1 1
blackjack/backend/usecase/game_usecase.go:722.2,723.31 2 1
blackjack/backend/usecase/game_usecase.go:723.31,724.31 1 1
blackjack/backend/usecase/game_usecase.go:724.31,726.4 1 1
blackjack/backend/usecase/game_usecase.go:726.9,728.4 1 1
blackjack/backend/usecase/game_usecase.go:730.2,730.10 1 1
blackjack/backend/usecase/game_usecase.go:734.81,735.31 1 1
blackjack/backend/usecase/game_usecase.go:735.31,736.39 1 1
blackjack/backend/usecase/game_usecase.go:736.39,738.4 1 1
blackjack/backend/usecase/game_usecase.go:740.2,740.14 1 1
blackjack/backend/usecase/game_usecase.go:744.114,747.16 3 1
blackjack/backend/usecase/game_usecase.go:747.16,749.3 1 1
blackjack/backend/usecase/game_usecase.go:750.2,751.28 2 1
blackjack/backend/usecase/game_usecase.go:751.28,752.85 1 1
blackjack/backend/usecase/game_usecase.go:752.85,754.4 1 1
blackjack/backend/usecase/game_usecase.go:756.2,757.62 2 1
blackjack/backend/usecase/game_usecase.go:757.62,759.3 1 1
blackjack/backend/usecase/game_usecase.go:760.2,761.33 2 1
blackjack/backend/usecase/game_usecase.go:765.221,769.16 4 1
blackjack/backend/usecase/game_usecase.go:769.16,771.3 1 1
blackjack/backend/usecase/game_usecase.go:772.2,772.9 1 1
blackjack/backend/usecase/game_usecase.go:772.9,774.3 1 1
blackjack/backend/usecase/game_usecase.go:775.2,776.16 2 1
blackjack/backend/usecase/game_usecase.go:776.16,778.3 1 1
blackjack/backend/usecase/game_usecase.go:779.2,781.16 3 1
blackjack/backend/usecase/game_usecase.go:781.16,783.3 1 1
blackjack/backend/usecase/game_usecase.go:784.2,785.16 2 1
blackjack/backend/usecase/game_usecase.go:785.16,787.3 1 1
blackjack/backend/usecase/game_usecase.go:788.2,788.60 1 1
blackjack/backend/usecase/game_usecase.go:788.60,790.3 1 1
blackjack/backend/usecase/game_usecase.go:791.2,791.83 1 1
blackjack/backend/usecase/game_usecase.go:791.83,793.3 1 1
blackjack/backend/usecase/game_usecase.go:794.2,796.42 3 1
blackjack/backend/usecase/game_usecase.go:796.42,797.83 1 1
blackjack/backend/usecase/game_usecase.go:797.83,799.4 1 1
blackjack/backend/usecase/game_usecase.go:800.3,800.84 1 1
blackjack/backend/usecase/game_usecase.go:800.84,802.4 1 1
blackjack/backend/usecase/game_usecase.go:803.3,803.28 1 1
blackjack/backend/usecase/game_usecase.go:805.2,806.61 2 1
blackjack/backend/usecase/game_usecase.go:806.61,808.3 1 1
blackjack/backend/usecase/game_usecase.go:809.2,810.52 2 1
blackjack/backend/usecase/game_usecase.go:810.52,812.3 1 1
blackjack/backend/usecase/game_usecase.go:813.2,813.58 1 1
blackjack/backend/usecase/game_usecase.go:813.58,815.3 1 1
blackjack/backend/usecase/game_usecase.go:816.2,816.58 1 1
blackjack/backend/usecase/game_usecase.go:816.58,818.3 1 1
blackjack/backend/usecase/game_usecase.go:819.2,819.49 1 1
blackjack/backend/usecase/game_usecase.go:819.49,821.3 1 1
blackjack/backend/usecase/game_usecase.go:822.2,822.18 1 1
blackjack/backend/usecase/game_usecase.go:826.172,827.18 1 1
blackjack/backend/usecase/game_usecase.go:827.18,829.3 1 1
blackjack/backend/usecase/game_usecase.go:830.2,830.60 1 1
blackjack/backend/usecase/game_usecase.go:830.60,832.3 1 1
blackjack/backend/usecase/game_usecase.go:833.2,834.16 2 1
blackjack/backend/usecase/game_usecase.go:834.16,836.3 1 1
blackjack/backend/usecase/game_usecase.go:837.2,837.70 1 1
blackjack/backend/usecase/game_usecase.go:837.70,838.36 1 1
blackjack/backend/usecase/game_usecase.go:838.36,840.4 1 1
blackjack/backend/usecase/game_usecase.go:841.3,841.23 1 1
blackjack/backend/usecase/game_usecase.go:843.2,844.16 2 1
blackjack/backend/usecase/game_usecase.go:844.16,846.3 1 1
blackjack/backend/usecase/game_usecase.go:848.2,861.69 5 1
blackjack/backend/usecase/game_usecase.go:861.69,863.17 2 1
blackjack/backend/usecase/game_usecase.go:863.17,865.4 1 1
blackjack/backend/usecase/game_usecase.go:866.3,866.52 1 1
blackjack/backend/usecase/game_usecase.go:866.52,868.4 1 1
blackjack/backend/usecase/game_usecase.go:869.3,869.62 1 1
blackjack/backend/usecase/game_usecase.go:869.62,871.4 1 1
blackjack/backend/usecase/game_usecase.go:872.3,875.80 3 1
blackjack/backend/usecase/game_usecase.go:875.80,877.4 1 1
blackjack/backend/usecase/game_usecase.go:877.9,877.20 1 1
blackjack/backend/usecase/game_usecase.go:877.20,879.4 1 1
blackjack/backend/usecase/game_usecase.go:880.3,881.17 2 1
blackjack/backend/usecase/game_usecase.go:881.17,883.4 1 1
blackjack/backend/usecase/game_usecase.go:884.3,886.32 3 1
blackjack/backend/usecase/game_usecase.go:886.32,887.21 1 1
blackjack/backend/usecase/game_usecase.go:887.21,889.10 2 1
blackjack/backend/usecase/game_usecase.go:892.3,892.18 1 1
blackjack/backend/usecase/game_usecase.go:892.18,894.4 1 1
blackjack/backend/usecase/game_usecase.go:896.3,902.36 3 1
blackjack/backend/usecase/game_usecase.go:902.36,904.4 1 1
blackjack/backend/usecase/game_usecase.go:905.3,906.50 2 1
blackjack/backend/usecase/game_usecase.go:906.50,908.4 1 1
blackjack/backend/usecase/game_usecase.go:909.3,910.27 2 1
blackjack/backend/usecase/game_usecase.go:910.27,912.4 1 1
blackjack/backend/usecase/game_usecase.go:913.3,917.57 4 1
blackjack/backend/usecase/game_usecase.go:917.57,919.4 1 1
blackjack/backend/usecase/game_usecase.go:921.3,921.10 1 1
blackjack/backend/usecase/game_usecase.go:922.18,925.18 3 1
blackjack/backend/usecase/game_usecase.go:925.18,927.5 1 1
blackjack/backend/usecase/game_usecase.go:928.4,928.15 1 1
blackjack/backend/usecase/game_usecase.go:929.15,930.68 1 1
blackjack/backend/usecase/game_usecase.go:930.68,932.5 1 1
blackjack/backend/usecase/game_usecase.go:933.11,937.18 4 1
blackjack/backend/usecase/game_usecase.go:937.18,939.5 1 1
blackjack/backend/usecase/game_usecase.go:940.4,940.11 1 1
blackjack/backend/usecase/game_usecase.go:940.11,942.5 1 1
blackjack/backend/usecase/game_usecase.go:945.3,950.17 2 1
blackjack/backend/usecase/game_usecase.go:950.17,952.4 1 1
blackjack/backend/usecase/game_usecase.go:953.3,953.78 1 1
blackjack/backend/usecase/game_usecase.go:954.17,956.3 1 1
blackjack/backend/usecase/game_usecase.go:957.2,957.24 1 1
blackjack/backend/usecase/game_usecase.go:961.110,962.88 1 1
blackjack/backend/usecase/game_usecase.go:962.88,964.3 1 1
blackjack/backend/usecase/game_usecase.go:965.2,966.16 2 1
blackjack/backend/usecase/game_usecase.go:966.16,968.3 1 1
blackjack/backend/usecase/game_usecase.go:969.2,970.16 2 1
blackjack/backend/usecase/game_usecase.go:970.16,972.3 1 1
blackjack/backend/usecase/game_usecase.go:973.2,975.16 3 1
blackjack/backend/usecase/game_usecase.go:975.16,977.3 1 1
blackjack/backend/usecase/game_usecase.go:978.2,979.16 2 1
blackjack/backend/usecase/game_usecase.go:979.16,981.3 1 1
blackjack/backend/usecase/game_usecase.go:982.2,984.16 3 1
blackjack/backend/usecase/game_usecase.go:984.16,986.3 1 1
blackjack/backend/usecase/game_usecase.go:987.2,988.16 2 1
blackjack/backend/usecase/game_usecase.go:988.16,990.3 1 1
blackjack/backend/usecase/game_usecase.go:991.2,993.16 3 1
blackjack/backend/usecase/game_usecase.go:993.16,995.3 1 1
blackjack/backend/usecase/game_usecase.go:996.2,997.16 2 1
blackjack/backend/usecase/game_usecase.go:997.16,999.3 1 1
blackjack/backend/usecase/game_usecase.go:1000.2,1001.12 2 1
blackjack/backend/usecase/game_usecase.go:1005.145,1007.79 2 1
blackjack/backend/usecase/game_usecase.go:1007.79,1009.3 1 1
blackjack/backend/usecase/game_usecase.go:1010.2,1010.82 1 1
blackjack/backend/usecase/game_usecase.go:1010.82,1012.3 1 1
blackjack/backend/usecase/game_usecase.go:1013.2,1017.16 5 1
blackjack/backend/usecase/game_usecase.go:1017.16,1019.3 1 1
blackjack/backend/usecase/game_usecase.go:1020.2,1020.63 1 1
blackjack/backend/usecase/game_usecase.go:1020.63,1022.3 1 1
blackjack/backend/usecase/game_usecase.go:1023.2,1029.16 3 1
blackjack/backend/usecase/game_usecase.go:1029.16,1031.3 1 1
blackjack/backend/usecase/game_usecase.go:1032.2,1037.8 1 1
blackjack/backend/usecase/game_usecase.go:1041.156,1043.79 2 1
blackjack/backend/usecase/game_usecase.go:1043.79,1045.3 1 1
blackjack/backend/usecase/game_usecase.go:1046.2,1046.82 1 1
blackjack/backend/usecase/game_usecase.go:1046.82,1048.3 1 1
blackjack/backend/usecase/game_usecase.go:1049.2,1052.73 4 1
blackjack/backend/usecase/game_usecase.go:1052.73,1054.3 1 1
blackjack/backend/usecase/game_usecase.go:1055.2,1062.16 3 1
blackjack/backend/usecase/game_usecase.go:1062.16,1064.3 1 1
blackjack/backend/usecase/game_usecase.go:1065.2,1070.8 1 1
blackjack/backend/usecase/game_usecase.go:1074.87,1075.34 1 1
blackjack/backend/usecase/game_usecase.go:1075.34,1077.3 1 1
blackjack/backend/usecase/game_usecase.go:1078.2,1079.16 2 1
blackjack/backend/usecase/game_usecase.go:1079.16,1081.3 1 1
blackjack/backend/usecase/game_usecase.go:1082.2,1082.76 1 1
blackjack/backend/usecase/game_usecase.go:1082.76,1084.3 1 1
blackjack/backend/usecase/game_usecase.go:1085.2,1085.73 1 1
blackjack/backend/usecase/game_usecase.go:1085.73,1087.3 1 1
blackjack/backend/usecase/game_usecase.go:1088.2,1088.41 1 1
blackjack/backend/usecase/game_usecase.go:1092.90,1093.34 1 1
blackjack/backend/usecase/game_usecase.go:1093.34,1095.3 1 1
blackjack/backend/usecase/game_usecase.go:1096.2,1097.16 2 1
blackjack/backend/usecase/game_usecase.go:1097.16,1098.36 1 1
blackjack/backend/usecase/game_usecase.go:1098.36,1100.4 1 1
blackjack/backend/usecase/game_usecase.go:1101.3,1101.13 1 1
blackjack/backend/usecase/game_usecase.go:1103.2,1103.82 1 1
blackjack/backend/usecase/game_usecase.go:1103.82,1105.3 1 1
blackjack/backend/usecase/game_usecase.go:1106.2,1106.79 1 1
blackjack/backend/usecase/game_usecase.go:1106.79,1108.3 1 1
blackjack/backend/usecase/game_usecase.go:1109.2,1109.41 1 1
blackjack/backend/usecase/game_usecase.go:1113.83,1116.16 3 1
blackjack/backend/usecase/game_usecase.go:1116.16,1118.3 1 1
blackjack/backend/usecase/game_usecase.go:1119.2,1121.32 3 1
blackjack/backend/usecase/game_usecase.go:1121.32,1122.121 1 1
blackjack/backend/usecase/game_usecase.go:1122.121,1124.4 1 1
blackjack/backend/usecase/game_usecase.go:1125.3,1125.38 1 1
blackjack/backend/usecase/game_usecase.go:1125.38,1128.4 2 1
blackjack/backend/usecase/game_usecase.go:1130.2,1131.16 2 1
blackjack/backend/usecase/game_usecase.go:1131.16,1133.3 1 1
blackjack/backend/usecase/game_usecase.go:1134.2,1134.38 1 1
blackjack/backend/usecase/game_usecase.go:1134.38,1135.120 1 1
blackjack/backend/usecase/game_usecase.go:1135.120,1137.4 1 1
blackjack/backend/usecase/game_usecase.go:1138.3,1138.38 1 1
blackjack/backend/usecase/game_usecase.go:1138.38,1141.4 2 1
blackjack/backend/usecase/game_usecase.go:1144.2,1145.16 2 1
blackjack/backend/usecase/game_usecase.go:1145.16,1147.3 1 1
blackjack/backend/usecase/game_usecase.go:1148.2,1148.30 1 1
blackjack/backend/usecase/game_usecase.go:1148.30,1149.132 1 1
blackjack/backend/usecase/game_usecase.go:1149.132,1151.4 1 1
blackjack/backend/usecase/game_usecase.go:1152.3,1152.38 1 1
blackjack/backend/usecase/game_usecase.go:1152.38,1155.4 2 1
blackjack/backend/usecase/game_usecase.go:1157.2,1157.26 1 1
blackjack/backend/usecase/game_usecase.go:1161.91,1162.66 1 1
blackjack/backend/usecase/game_usecase.go:1162.66,1164.17 2 1
blackjack/backend/usecase/game_usecase.go:1164.17,1166.4 1 1
blackjack/backend/usecase/game_usecase.go:1167.3,1167.50 1 1
blackjack/backend/usecase/game_usecase.go:1167.50,1169.4 1 1
blackjack/backend/usecase/game_usecase.go:1170.3,1171.73 2 1
blackjack/backend/usecase/game_usecase.go:1171.73,1173.4 1 1
blackjack/backend/usecase/game_usecase.go:1174.3,1175.17 2 1
blackjack/backend/usecase/game_usecase.go:1175.17,1177.4 1 1
blackjack/backend/usecase/game_usecase.go:1178.3,1178.72 1 1
blackjack/backend/usecase/game_usecase.go:1178.72,1180.4 1 1
blackjack/backend/usecase/game_usecase.go:1181.3,1182.17 2 1
blackjack/backend/usecase/game_usecase.go:1182.17,1184.4 1 1
blackjack/backend/usecase/game_usecase.go:1185.3,1187.50 3 1
blackjack/backend/usecase/game_usecase.go:1187.50,1189.4 1 1
blackjack/backend/usecase/game_usecase.go:1190.3,1191.25 2 1
blackjack/backend/usecase/game_usecase.go:1191.25,1193.4 1 1
blackjack/backend/usecase/game_usecase.go:1194.3,1194.49 1 1
blackjack/backend/usecase/game_usecase.go:1194.49,1197.4 2 1
blackjack/backend/usecase/game_usecase.go:1198.3,1198.51 1 1
blackjack/backend/usecase/game_usecase.go:1203.80,1205.16 2 1
blackjack/backend/usecase/game_usecase.go:1205.16,1207.3 1 1
blackjack/backend/usecase/game_usecase.go:1208.2,1208.127 1 1
blackjack/backend/usecase/game_usecase.go:1208.127,1210.3 1 1
blackjack/backend/usecase/game_usecase.go:1211.2,1212.16 2 1
blackjack/backend/usecase/game_usecase.go:1212.16,1214.3 1 1
blackjack/backend/usecase/game_usecase.go:1215.2,1216.16 2 1
blackjack/backend/usecase/game_usecase.go:1216.16,1218.3 1 1
blackjack/backend/usecase/game_usecase.go:1219.2,1219.23 1 1
blackjack/backend/usecase/game_usecase.go:1219.23,1221.3 1 1
blackjack/backend/usecase/game_usecase.go:1222.2,1224.16 3 1
blackjack/backend/usecase/game_usecase.go:1224.16,1226.3 1 1
blackjack/backend/usecase/game_usecase.go:1227.2,1227.108 1 1
blackjack/backend/usecase/game_usecase.go:1227.108,1228.74 1 1
blackjack/backend/usecase/game_usecase.go:1228.74,1233.4 3 1
blackjack/backend/usecase/game_usecase.go:1235.2,1236.78 2 1
blackjack/backend/usecase/game_usecase.go:1236.78,1238.3 1 1
blackjack/backend/usecase/game_usecase.go:1239.2,1239.83 1 1
blackjack/backend/usecase/game_usecase.go:1239.83,1241.3 1 1
blackjack/backend/usecase/game_usecase.go:1242.2,1245.17 4 1
blackjack/backend/usecase/game_usecase.go:1245.17,1247.3 1 1
blackjack/backend/usecase/game_usecase.go:1248.2,1249.61 2 1
blackjack/backend/usecase/game_usecase.go:1249.61,1251.3 1 1
blackjack/backend/usecase/game_usecase.go:1252.2,1265.65 7 1
blackjack/backend/usecase/game_usecase.go:1265.65,1267.17 2 1
blackjack/backend/usecase/game_usecase.go:1267.17,1269.4 1 1
blackjack/backend/usecase/game_usecase.go:1270.3,1270.10 1 1
blackjack/backend/usecase/game_usecase.go:1270.10,1272.4 1 1
blackjack/backend/usecase/game_usecase.go:1273.3,1273.59 1 1
blackjack/backend/usecase/game_usecase.go:1273.59,1275.4 1 1
blackjack/backend/usecase/game_usecase.go:1276.3,1276.59 1 1
blackjack/backend/usecase/game_usecase.go:1276.59,1278.4 1 1
blackjack/backend/usecase/game_usecase.go:1279.3,1279.58 1 1
blackjack/backend/usecase/game_usecase.go:1279.58,1281.4 1 1
blackjack/backend/usecase/game_usecase.go:1282.3,1282.50 1 1
blackjack/backend/usecase/game_usecase.go:1282.50,1284.4 1 1
blackjack/backend/usecase/game_usecase.go:1285.3,1290.17 2 1
blackjack/backend/usecase/game_usecase.go:1290.17,1292.4 1 1
blackjack/backend/usecase/game_usecase.go:1293.3,1293.78 1 1
blackjack/backend/usecase/game_usecase.go:1295.2,1295.16 1 1
blackjack/backend/usecase/game_usecase.go:1295.16,1297.3 1 1
blackjack/backend/usecase/game_usecase.go:1298.2,1298.12 1 1
blackjack/backend/usecase/game_usecase.go:1302.79,1304.16 2 1
blackjack/backend/usecase/game_usecase.go:1304.16,1306.3 1 1
blackjack/backend/usecase/game_usecase.go:1307.2,1307.50 1 1
blackjack/backend/usecase/game_usecase.go:1307.50,1309.3 1 1
blackjack/backend/usecase/game_usecase.go:1310.2,1311.16 2 1
blackjack/backend/usecase/game_usecase.go:1311.16,1313.3 1 1
blackjack/backend/usecase/game_usecase.go:1314.2,1315.16 2 1
blackjack/backend/usecase/game_usecase.go:1315.16,1317.3 1 1
blackjack/backend/usecase/game_usecase.go:1318.2,1318.23 1 1
blackjack/backend/usecase/game_usecase.go:1318.23,1320.3 1 1
blackjack/backend/usecase/game_usecase.go:1321.2,1323.16 3 1
blackjack/backend/usecase/game_usecase.go:1323.16,1325.3 1 1
blackjack/backend/usecase/game_usecase.go:1326.2,1331.51 6 1
blackjack/backend/usecase/game_usecase.go:1331.51,1333.17 2 1
blackjack/backend/usecase/game_usecase.go:1333.17,1335.4 1 1
blackjack/backend/usecase/game_usecase.go:1336.3,1337.62 2 1
blackjack/backend/usecase/game_usecase.go:1337.62,1339.4 1 1
blackjack/backend/usecase/game_usecase.go:1340.3,1340.18 1 1
blackjack/backend/usecase/game_usecase.go:1341.8,1343.17 2 1
blackjack/backend/usecase/game_usecase.go:1343.17,1345.4 1 1
blackjack/backend/usecase/game_usecase.go:1346.3,1347.17 2 1
blackjack/backend/usecase/game_usecase.go:1347.17,1349.4 1 1
blackjack/backend/usecase/game_usecase.go:1350.3,1350.25 1 1
blackjack/backend/usecase/game_usecase.go:1352.2,1354.65 3 1
blackjack/backend/usecase/game_usecase.go:1354.65,1356.17 2 1
blackjack/backend/usecase/game_usecase.go:1356.17,1358.4 1 1
blackjack/backend/usecase/game_usecase.go:1359.3,1359.10 1 1
blackjack/backend/usecase/game_usecase.go:1359.10,1361.4 1 1
blackjack/backend/usecase/game_usecase.go:1362.3,1362.59 1 1
blackjack/backend/usecase/game_usecase.go:1362.59,1364.4 1 1
blackjack/backend/usecase/game_usecase.go:1365.3,1365.22 1 1
blackjack/backend/usecase/game_usecase.go:1365.22,1366.60 1 1
blackjack/backend/usecase/game_usecase.go:1366.60,1368.5 1 1
blackjack/backend/usecase/game_usecase.go:1369.4,1369.59 1 1
blackjack/backend/usecase/game_usecase.go:1369.59,1371.5 1 1
blackjack/backend/usecase/game_usecase.go:1372.4,1372.51 1 1
blackjack/backend/usecase/game_usecase.go:1372.51,1374.5 1 1
blackjack/backend/usecase/game_usecase.go:1376.3,1376.13 1 1
blackjack/backend/usecase/game_usecase.go:1378.2,1378.27 1 1
blackjack/backend/usecase/game_usecase.go:1378.27,1380.3 1 1
blackjack/backend/usecase/game_usecase.go:1381.2,1381.12 1 1
blackjack/backend/usecase/game_usecase.go:1385.43,1389.26 4 1
blackjack/backend/usecase/game_usecase.go:1389.26,1390.27 1 1
blackjack/backend/usecase/game_usecase.go:1390.27,1392.4 1 1
blackjack/backend/usecase/game_usecase.go:1394.2,1394.37 1 1
blackjack/backend/usecase/game_usecase.go:1394.37,1396.17 2 1
blackjack/backend/usecase/game_usecase.go:1396.17,1399.12 3 1
blackjack/backend/usecase/game_usecase.go:1401.3,1402.38 2 1
blackjack/backend/usecase/game_usecase.go:1404.2,1404.13 1 1
blackjack/backend/usecase/hooks.go:13.53,15.3 1 1
blackjack/backend/usecase/hooks.go:24.99,26.3 1 1
blackjack/backend/usecase/hooks.go:28.85,30.3 1 1
blackjack/backend/usecase/hooks.go:32.81,34.3 1 1
blackjack/backend/usecase/hooks.go:36.85,38.3 1 1
blackjack/backend/usecase/hooks.go:40.84,42.3 1 1
blackjack/backend/usecase/idempotency.go:11.151,12.45 1 1
blackjack/backend/usecase/idempotency.go:12.45,14.3 1 1
blackjack/backend/usecase/idempotency.go:15.2,16.16 2 1
blackjack/backend/usecase/idempotency.go:16.16,17.62 1 1
blackjack/backend/usecase/idempotency.go:17.62,19.4 1 1
blackjack/backend/usecase/idempotency.go:20.3,20.45 1 1
blackjack/backend/usecase/idempotency.go:22.2,22.35 1 1
blackjack/backend/usecase/idempotency.go:22.35,24.3 1 1
blackjack/backend/usecase/idempotency.go:25.2,25.23 1 1
blackjack/backend/usecase/idempotency.go:29.136,32.2 2 1
blackjack/backend/usecase/rate_limit_usecase.go:45.80,57.2 1 1
blackjack/backend/usecase/rate_limit_usecase.go:59.92,68.16 2 1
blackjack/backend/usecase/rate_limit_usecase.go:68.16,70.3 1 1
blackjack/backend/usecase/rate_limit_usecase.go:71.2,75.8 1 1
blackjack/backend/usecase/rate_limit_usecase.go:78.113,80.2 1 1
blackjack/backend/usecase/rate_limit_usecase.go:82.112,84.2 1 1
blackjack/backend/usecase/rate_limit_usecase.go:86.100,89.16 3 1
blackjack/backend/usecase/rate_limit_usecase.go:89.16,91.3 1 1
blackjack/backend/usecase/rate_limit_usecase.go:92.2,97.8 1 1
blackjack/backend/usecase/rate_limit_usecase.go:107.30,113.16 5 1
blackjack/backend/usecase/rate_limit_usecase.go:113.16,115.3 1 1
blackjack/backend/usecase/rate_limit_usecase.go:116.2,116.9 1 1
blackjack/backend/usecase/rate_limit_usecase.go:116.9,123.3 1 1
blackjack/backend/usecase/rate_limit_usecase.go:125.2,126.17 2 1
blackjack/backend/usecase/rate_limit_usecase.go:126.17,133.3 1 1
blackjack/backend/usecase/rate_limit_usecase.go:135.2,137.16 3 1
blackjack/backend/usecase/rate_limit_usecase.go:137.16,139.3 1 1
blackjack/backend/usecase/rate_limit_usecase.go:140.2,140.10 1 1
blackjack/backend/usecase/rate_limit_usecase.go:140.10,147.3 1 1
blackjack/backend/usecase/rate_limit_usecase.go:149.2,150.22 2 1
blackjack/backend/usecase/rate_limit_usecase.go:150.22,152.3 1 1
blackjack/backend/usecase/rate_limit_usecase.go:153.2,158.8 1 1
blackjack/backend/usecase/rate_limit_usecase.go:161.39,163.13 2 1
blackjack/backend/usecase/rate_limit_usecase.go:163.13,165.3 1 1
blackjack/backend/usecase/rate_limit_usecase.go:166.2,167.40 2 1
blackjack/backend/usecase/rate_limit_usecase.go:170.45,174.2 3 1
blackjack/backend/usecase/user_usecase.go:42.45,42.63 1 1
blackjack/backend/usecase/user_usecase.go:43.45,43.67 1 1
blackjack/backend/usecase/user_usecase.go:44.45,44.62 1 1
blackjack/backend/usecase/user_usecase.go:53.75,59.2 1 1
blackjack/backend/usecase/user_usecase.go:62.100,64.67 2 1
blackjack/backend/usecase/user_usecase.go:64.67,66.3 1 1
blackjack/backend/usecase/user_usecase.go:67.2,68.16 2 1
blackjack/backend/usecase/user_usecase.go:68.16,70.3 1 1
blackjack/backend/usecase/user_usecase.go:71.2,80.69 3 1
blackjack/backend/usecase/user_usecase.go:80.69,82.3 1 1
blackjack/backend/usecase/user_usecase.go:82.17,83.41 1 1
blackjack/backend/usecase/user_usecase.go:83.41,85.4 1 1
blackjack/backend/usecase/user_usecase.go:86.3,86.18 1 1
blackjack/backend/usecase/user_usecase.go:89.2,90.16 2 1
blackjack/backend/usecase/user_usecase.go:90.16,92.3 1 1
blackjack/backend/usecase/user_usecase.go:93.2,93.68 1 1
blackjack/backend/usecase/user_usecase.go:97.99,99.16 2 1
blackjack/backend/usecase/user_usecase.go:99.16,101.3 1 1
blackjack/backend/usecase/user_usecase.go:102.2,102.99 1 1
blackjack/backend/usecase/user_usecase.go:102.99,104.3 1 1
blackjack/backend/usecase/user_usecase.go:105.2,106.16 2 1
blackjack/backend/usecase/user_usecase.go:106.16,108.3 1 1
blackjack/backend/usecase/user_usecase.go:109.2,109.68 1 1
blackjack/backend/usecase/user_usecase.go:113.57,116.2 2 1
blackjack/backend/usecase/user_usecase.go:119.83,120.18 1 1
blackjack/backend/usecase/user_usecase.go:120.18,122.3 1 1
blackjack/backend/usecase/user_usecase.go:123.2,124.16 2 1
blackjack/backend/usecase/user_usecase.go:124.16,126.3 1 1
blackjack/backend/usecase/user_usecase.go:127.2,127.18 1 1
